{"/mnt/c/code/retaildevcrews/helium-typescript/dist/config/config.js":{"path":"/mnt/c/code/retaildevcrews/helium-typescript/dist/config/config.js","statementMap":{"0":{"start":{"line":2,"column":16},"end":{"line":10,"column":1}},"1":{"start":{"line":3,"column":28},"end":{"line":3,"column":110}},"2":{"start":{"line":3,"column":91},"end":{"line":3,"column":106}},"3":{"start":{"line":4,"column":4},"end":{"line":9,"column":7}},"4":{"start":{"line":5,"column":36},"end":{"line":5,"column":97}},"5":{"start":{"line":5,"column":42},"end":{"line":5,"column":70}},"6":{"start":{"line":5,"column":85},"end":{"line":5,"column":95}},"7":{"start":{"line":6,"column":35},"end":{"line":6,"column":100}},"8":{"start":{"line":6,"column":41},"end":{"line":6,"column":73}},"9":{"start":{"line":6,"column":88},"end":{"line":6,"column":98}},"10":{"start":{"line":7,"column":32},"end":{"line":7,"column":116}},"11":{"start":{"line":8,"column":8},"end":{"line":8,"column":78}},"12":{"start":{"line":11,"column":0},"end":{"line":11,"column":62}},"13":{"start":{"line":12,"column":26},"end":{"line":12,"column":64}},"14":{"start":{"line":13,"column":20},"end":{"line":13,"column":42}},"15":{"start":{"line":16,"column":4},"end":{"line":60,"column":7}},"16":{"start":{"line":18,"column":21},"end":{"line":18,"column":45}},"17":{"start":{"line":26,"column":8},"end":{"line":33,"column":9}},"18":{"start":{"line":27,"column":12},"end":{"line":27,"column":89}},"19":{"start":{"line":28,"column":12},"end":{"line":28,"column":33}},"20":{"start":{"line":31,"column":12},"end":{"line":31,"column":62}},"21":{"start":{"line":32,"column":12},"end":{"line":32,"column":19}},"22":{"start":{"line":35,"column":8},"end":{"line":44,"column":9}},"23":{"start":{"line":36,"column":12},"end":{"line":36,"column":74}},"24":{"start":{"line":37,"column":12},"end":{"line":37,"column":74}},"25":{"start":{"line":38,"column":12},"end":{"line":38,"column":76}},"26":{"start":{"line":39,"column":12},"end":{"line":39,"column":80}},"27":{"start":{"line":42,"column":12},"end":{"line":42,"column":89}},"28":{"start":{"line":43,"column":12},"end":{"line":43,"column":19}},"29":{"start":{"line":46,"column":8},"end":{"line":51,"column":9}},"30":{"start":{"line":47,"column":12},"end":{"line":47,"column":79}},"31":{"start":{"line":50,"column":12},"end":{"line":50,"column":59}},"32":{"start":{"line":52,"column":8},"end":{"line":59,"column":10}},"33":{"start":{"line":62,"column":0},"end":{"line":62,"column":42}}},"fnMap":{"0":{"name":"(anonymous_0)","decl":{"start":{"line":2,"column":44},"end":{"line":2,"column":45}},"loc":{"start":{"line":2,"column":89},"end":{"line":10,"column":1}},"line":2},"1":{"name":"adopt","decl":{"start":{"line":3,"column":13},"end":{"line":3,"column":18}},"loc":{"start":{"line":3,"column":26},"end":{"line":3,"column":112}},"line":3},"2":{"name":"(anonymous_2)","decl":{"start":{"line":3,"column":70},"end":{"line":3,"column":71}},"loc":{"start":{"line":3,"column":89},"end":{"line":3,"column":108}},"line":3},"3":{"name":"(anonymous_3)","decl":{"start":{"line":4,"column":36},"end":{"line":4,"column":37}},"loc":{"start":{"line":4,"column":63},"end":{"line":9,"column":5}},"line":4},"4":{"name":"fulfilled","decl":{"start":{"line":5,"column":17},"end":{"line":5,"column":26}},"loc":{"start":{"line":5,"column":34},"end":{"line":5,"column":99}},"line":5},"5":{"name":"rejected","decl":{"start":{"line":6,"column":17},"end":{"line":6,"column":25}},"loc":{"start":{"line":6,"column":33},"end":{"line":6,"column":102}},"line":6},"6":{"name":"step","decl":{"start":{"line":7,"column":17},"end":{"line":7,"column":21}},"loc":{"start":{"line":7,"column":30},"end":{"line":7,"column":118}},"line":7},"7":{"name":"getConfigValues","decl":{"start":{"line":15,"column":9},"end":{"line":15,"column":24}},"loc":{"start":{"line":15,"column":53},"end":{"line":61,"column":1}},"line":15},"8":{"name":"(anonymous_8)","decl":{"start":{"line":16,"column":43},"end":{"line":16,"column":44}},"loc":{"start":{"line":16,"column":56},"end":{"line":60,"column":5}},"line":16}},"branchMap":{"0":{"loc":{"start":{"line":2,"column":16},"end":{"line":10,"column":1}},"type":"binary-expr","locations":[{"start":{"line":2,"column":17},"end":{"line":2,"column":21}},{"start":{"line":2,"column":25},"end":{"line":2,"column":39}},{"start":{"line":2,"column":44},"end":{"line":10,"column":1}}],"line":2},"1":{"loc":{"start":{"line":3,"column":35},"end":{"line":3,"column":109}},"type":"cond-expr","locations":[{"start":{"line":3,"column":56},"end":{"line":3,"column":61}},{"start":{"line":3,"column":64},"end":{"line":3,"column":109}}],"line":3},"2":{"loc":{"start":{"line":4,"column":16},"end":{"line":4,"column":34}},"type":"binary-expr","locations":[{"start":{"line":4,"column":16},"end":{"line":4,"column":17}},{"start":{"line":4,"column":22},"end":{"line":4,"column":33}}],"line":4},"3":{"loc":{"start":{"line":7,"column":32},"end":{"line":7,"column":115}},"type":"cond-expr","locations":[{"start":{"line":7,"column":46},"end":{"line":7,"column":67}},{"start":{"line":7,"column":70},"end":{"line":7,"column":115}}],"line":7},"4":{"loc":{"start":{"line":8,"column":51},"end":{"line":8,"column":67}},"type":"binary-expr","locations":[{"start":{"line":8,"column":51},"end":{"line":8,"column":61}},{"start":{"line":8,"column":65},"end":{"line":8,"column":67}}],"line":8}},"s":{"0":0,"1":0,"2":0,"3":0,"4":0,"5":0,"6":0,"7":0,"8":0,"9":0,"10":0,"11":0,"12":0,"13":0,"14":0,"15":0,"16":0,"17":0,"18":0,"19":0,"20":0,"21":0,"22":0,"23":0,"24":0,"25":0,"26":0,"27":0,"28":0,"29":0,"30":0,"31":0,"32":0,"33":0},"f":{"0":0,"1":0,"2":0,"3":0,"4":0,"5":0,"6":0,"7":0,"8":0},"b":{"0":[0,0,0],"1":[0,0],"2":[0,0],"3":[0,0],"4":[0,0]},"inputSourceMap":{"version":3,"file":"config.js","sourceRoot":"","sources":["../../src/config/config.ts"],"names":[],"mappings":";;;;;;;;;;;AACA,iEAA8D;AAC9D,2CAGqB;AAErB,uFAAuF;AACvF,SAAsB,eAAe,CACjC,WAAmB,EACnB,QAAgB,EAChB,GAAe;;QAGf,kCAAkC;QAClC,MAAM,IAAI,GAAG,wBAAY,CAAC;QAE1B,uCAAuC;QACvC,IAAI,WAAmB,CAAC;QACxB,IAAI,WAAmB,CAAC;QACxB,IAAI,QAAgB,CAAC;QACrB,IAAI,UAAkB,CAAC;QACvB,IAAI,WAAmB,CAAC;QAExB,IAAI,QAAyB,CAAC;QAC9B,IAAI;YACA,QAAQ,GAAG,IAAI,iCAAe,CAAC,WAAW,EAAE,QAAQ,EAAE,GAAG,CAAC,CAAC;YAC3D,MAAM,QAAQ,CAAC,KAAK,CAAC;SACxB;QAAC,OAAO,GAAG,EAAE;YACV,GAAG,CAAC,KAAK,CAAC,KAAK,EAAE,EAAE,uBAAuB,GAAG,GAAG,CAAC,CAAC;YAClD,OAAO;SACV;QAED,gCAAgC;QAChC,IAAI;YACA,WAAW,GAAG,MAAM,QAAQ,CAAC,SAAS,CAAC,qBAAS,CAAC,CAAC;YAClD,WAAW,GAAG,MAAM,QAAQ,CAAC,SAAS,CAAC,qBAAS,CAAC,CAAC;YAClD,QAAQ,GAAG,MAAM,QAAQ,CAAC,SAAS,CAAC,0BAAc,CAAC,CAAC;YACpD,UAAU,GAAG,MAAM,QAAQ,CAAC,SAAS,CAAC,4BAAgB,CAAC,CAAC;SAC3D;QAAC,WAAM;YACJ,GAAG,CAAC,KAAK,CAAC,KAAK,EAAE,EAAE,wDAAwD,CAAC,CAAC;YAC7E,OAAO;SACV;QAED,gCAAgC;QAChC,IAAI;YACA,WAAW,GAAG,MAAM,QAAQ,CAAC,SAAS,CAAC,0BAAc,CAAC,CAAC;SAC1D;QAAC,WAAM;YACJ,GAAG,CAAC,KAAK,CAAC,mCAAmC,CAAC,CAAC;SAClD;QAED,OAAO;YACH,IAAI;YACJ,WAAW;YACX,WAAW;YACX,QAAQ;YACR,UAAU;YACV,WAAW;SACd,CAAC;IACN,CAAC;CAAA;AAnDD,0CAmDC"},"all":true},"/mnt/c/code/retaildevcrews/helium-typescript/dist/config/constants.js":{"path":"/mnt/c/code/retaildevcrews/helium-typescript/dist/config/constants.js","statementMap":{"0":{"start":{"line":2,"column":0},"end":{"line":2,"column":62}},"1":{"start":{"line":3,"column":27},"end":{"line":3,"column":67}},"2":{"start":{"line":4,"column":0},"end":{"line":4,"column":38}},"3":{"start":{"line":5,"column":0},"end":{"line":5,"column":32}},"4":{"start":{"line":6,"column":0},"end":{"line":6,"column":32}},"5":{"start":{"line":7,"column":0},"end":{"line":7,"column":42}},"6":{"start":{"line":8,"column":0},"end":{"line":8,"column":46}},"7":{"start":{"line":9,"column":0},"end":{"line":9,"column":42}},"8":{"start":{"line":10,"column":0},"end":{"line":10,"column":30}},"9":{"start":{"line":11,"column":0},"end":{"line":11,"column":53}},"10":{"start":{"line":12,"column":0},"end":{"line":12,"column":34}},"11":{"start":{"line":13,"column":0},"end":{"line":13,"column":72}},"12":{"start":{"line":14,"column":0},"end":{"line":14,"column":30}},"13":{"start":{"line":15,"column":0},"end":{"line":15,"column":27}},"14":{"start":{"line":16,"column":0},"end":{"line":16,"column":73}},"15":{"start":{"line":17,"column":0},"end":{"line":17,"column":61}},"16":{"start":{"line":18,"column":0},"end":{"line":18,"column":61}},"17":{"start":{"line":19,"column":0},"end":{"line":19,"column":63}},"18":{"start":{"line":20,"column":0},"end":{"line":20,"column":66}},"19":{"start":{"line":21,"column":0},"end":{"line":21,"column":62}},"20":{"start":{"line":22,"column":0},"end":{"line":22,"column":56}},"21":{"start":{"line":23,"column":0},"end":{"line":23,"column":54}},"22":{"start":{"line":24,"column":0},"end":{"line":24,"column":58}}},"fnMap":{},"branchMap":{},"s":{"0":0,"1":0,"2":0,"3":0,"4":0,"5":0,"6":0,"7":0,"8":0,"9":0,"10":0,"11":0,"12":0,"13":0,"14":0,"15":0,"16":0,"17":0,"18":0,"19":0,"20":0,"21":0,"22":0},"f":{},"b":{},"inputSourceMap":{"version":3,"file":"constants.js","sourceRoot":"","sources":["../../src/config/constants.ts"],"names":[],"mappings":";;AAAA,oEAAiE;AAEpD,QAAA,YAAY,GAAG,cAAc,CAAC;AAC9B,QAAA,SAAS,GAAG,WAAW,CAAC;AACxB,QAAA,SAAS,GAAG,WAAW,CAAC;AACxB,QAAA,cAAc,GAAG,gBAAgB,CAAC;AAClC,QAAA,gBAAgB,GAAG,kBAAkB,CAAC;AACtC,QAAA,cAAc,GAAG,gBAAgB,CAAC;AAElC,QAAA,YAAY,GAAG,MAAM,CAAC;AAEtB,QAAA,eAAe,GAAG,0BAA0B,CAAC;AAC7C,QAAA,WAAW,GAAG,WAAW,CAAC;AAE1B,QAAA,OAAO,GAAG,mCAAgB,CAAC,eAAe,EAAE,CAAC;AAE7C,QAAA,eAAe,GAAG,GAAG,CAAC;AACtB,QAAA,WAAW,GAAG,IAAI,CAAC;AAEnB,QAAA,SAAS,GAAG,oDAAoD,CAAC;AAEjE,QAAA,qBAAqB,GAAG,4BAA4B,CAAC;AACrD,QAAA,qBAAqB,GAAG,4BAA4B,CAAC;AACrD,QAAA,qBAAqB,GAAG,8BAA8B,CAAC;AACvD,QAAA,wBAAwB,GAAG,8BAA8B,CAAC;AAC1D,QAAA,sBAAsB,GAAG,4BAA4B,CAAA;AACrD,QAAA,mBAAmB,GAAG,yBAAyB,CAAC;AAChD,QAAA,kBAAkB,GAAG,wBAAwB,CAAC;AAC9C,QAAA,oBAAoB,GAAG,0BAA0B,CAAC"},"all":true},"/mnt/c/code/retaildevcrews/helium-typescript/dist/controllers/ActorController.js":{"path":"/mnt/c/code/retaildevcrews/helium-typescript/dist/controllers/ActorController.js","statementMap":{"0":{"start":{"line":2,"column":17},"end":{"line":7,"column":1}},"1":{"start":{"line":3,"column":12},"end":{"line":3,"column":28}},"2":{"start":{"line":3,"column":34},"end":{"line":3,"column":125}},"3":{"start":{"line":4,"column":4},"end":{"line":5,"column":150}},"4":{"start":{"line":4,"column":79},"end":{"line":4,"column":131}},"5":{"start":{"line":5,"column":9},"end":{"line":5,"column":150}},"6":{"start":{"line":5,"column":22},"end":{"line":5,"column":43}},"7":{"start":{"line":5,"column":58},"end":{"line":5,"column":150}},"8":{"start":{"line":5,"column":81},"end":{"line":5,"column":150}},"9":{"start":{"line":6,"column":4},"end":{"line":6,"column":66}},"10":{"start":{"line":8,"column":17},"end":{"line":10,"column":1}},"11":{"start":{"line":9,"column":4},"end":{"line":9,"column":109}},"12":{"start":{"line":9,"column":79},"end":{"line":9,"column":109}},"13":{"start":{"line":11,"column":14},"end":{"line":13,"column":1}},"14":{"start":{"line":12,"column":4},"end":{"line":12,"column":73}},"15":{"start":{"line":12,"column":36},"end":{"line":12,"column":71}},"16":{"start":{"line":14,"column":16},"end":{"line":22,"column":1}},"17":{"start":{"line":15,"column":28},"end":{"line":15,"column":110}},"18":{"start":{"line":15,"column":91},"end":{"line":15,"column":106}},"19":{"start":{"line":16,"column":4},"end":{"line":21,"column":7}},"20":{"start":{"line":17,"column":36},"end":{"line":17,"column":97}},"21":{"start":{"line":17,"column":42},"end":{"line":17,"column":70}},"22":{"start":{"line":17,"column":85},"end":{"line":17,"column":95}},"23":{"start":{"line":18,"column":35},"end":{"line":18,"column":100}},"24":{"start":{"line":18,"column":41},"end":{"line":18,"column":73}},"25":{"start":{"line":18,"column":88},"end":{"line":18,"column":98}},"26":{"start":{"line":19,"column":32},"end":{"line":19,"column":116}},"27":{"start":{"line":20,"column":8},"end":{"line":20,"column":78}},"28":{"start":{"line":23,"column":0},"end":{"line":23,"column":62}},"29":{"start":{"line":24,"column":20},"end":{"line":24,"column":40}},"30":{"start":{"line":25,"column":34},"end":{"line":25,"column":68}},"31":{"start":{"line":26,"column":19},"end":{"line":26,"column":47}},"32":{"start":{"line":27,"column":16},"end":{"line":27,"column":42}},"33":{"start":{"line":28,"column":30},"end":{"line":28,"column":73}},"34":{"start":{"line":30,"column":22},"end":{"line":150,"column":1}},"35":{"start":{"line":33,"column":8},"end":{"line":33,"column":39}},"36":{"start":{"line":34,"column":8},"end":{"line":34,"column":29}},"37":{"start":{"line":75,"column":8},"end":{"line":94,"column":11}},"38":{"start":{"line":77,"column":63},"end":{"line":77,"column":130}},"39":{"start":{"line":78,"column":12},"end":{"line":82,"column":13}},"40":{"start":{"line":79,"column":16},"end":{"line":79,"column":60}},"41":{"start":{"line":80,"column":16},"end":{"line":80,"column":88}},"42":{"start":{"line":81,"column":16},"end":{"line":81,"column":65}},"43":{"start":{"line":83,"column":26},"end":{"line":83,"column":39}},"44":{"start":{"line":86,"column":12},"end":{"line":92,"column":13}},"45":{"start":{"line":87,"column":16},"end":{"line":87,"column":72}},"46":{"start":{"line":90,"column":16},"end":{"line":90,"column":103}},"47":{"start":{"line":91,"column":16},"end":{"line":91,"column":59}},"48":{"start":{"line":93,"column":12},"end":{"line":93,"column":46}},"49":{"start":{"line":124,"column":8},"end":{"line":148,"column":11}},"50":{"start":{"line":126,"column":28},"end":{"line":126,"column":41}},"51":{"start":{"line":127,"column":63},"end":{"line":127,"column":129}},"52":{"start":{"line":128,"column":12},"end":{"line":132,"column":13}},"53":{"start":{"line":129,"column":16},"end":{"line":129,"column":60}},"54":{"start":{"line":130,"column":16},"end":{"line":130,"column":77}},"55":{"start":{"line":131,"column":16},"end":{"line":131,"column":65}},"56":{"start":{"line":133,"column":26},"end":{"line":133,"column":39}},"57":{"start":{"line":135,"column":12},"end":{"line":146,"column":13}},"58":{"start":{"line":136,"column":16},"end":{"line":136,"column":88}},"59":{"start":{"line":139,"column":16},"end":{"line":139,"column":40}},"60":{"start":{"line":140,"column":16},"end":{"line":145,"column":17}},"61":{"start":{"line":141,"column":20},"end":{"line":141,"column":51}},"62":{"start":{"line":144,"column":20},"end":{"line":144,"column":63}},"63":{"start":{"line":147,"column":12},"end":{"line":147,"column":45}},"64":{"start":{"line":151,"column":0},"end":{"line":156,"column":52}},"65":{"start":{"line":157,"column":0},"end":{"line":162,"column":52}},"66":{"start":{"line":163,"column":0},"end":{"line":169,"column":20}},"67":{"start":{"line":170,"column":0},"end":{"line":170,"column":42}}},"fnMap":{"0":{"name":"(anonymous_0)","decl":{"start":{"line":2,"column":46},"end":{"line":2,"column":47}},"loc":{"start":{"line":2,"column":87},"end":{"line":7,"column":1}},"line":2},"1":{"name":"(anonymous_1)","decl":{"start":{"line":8,"column":46},"end":{"line":8,"column":47}},"loc":{"start":{"line":8,"column":62},"end":{"line":10,"column":1}},"line":8},"2":{"name":"(anonymous_2)","decl":{"start":{"line":11,"column":40},"end":{"line":11,"column":41}},"loc":{"start":{"line":11,"column":73},"end":{"line":13,"column":1}},"line":11},"3":{"name":"(anonymous_3)","decl":{"start":{"line":12,"column":11},"end":{"line":12,"column":12}},"loc":{"start":{"line":12,"column":34},"end":{"line":12,"column":73}},"line":12},"4":{"name":"(anonymous_4)","decl":{"start":{"line":14,"column":44},"end":{"line":14,"column":45}},"loc":{"start":{"line":14,"column":89},"end":{"line":22,"column":1}},"line":14},"5":{"name":"adopt","decl":{"start":{"line":15,"column":13},"end":{"line":15,"column":18}},"loc":{"start":{"line":15,"column":26},"end":{"line":15,"column":112}},"line":15},"6":{"name":"(anonymous_6)","decl":{"start":{"line":15,"column":70},"end":{"line":15,"column":71}},"loc":{"start":{"line":15,"column":89},"end":{"line":15,"column":108}},"line":15},"7":{"name":"(anonymous_7)","decl":{"start":{"line":16,"column":36},"end":{"line":16,"column":37}},"loc":{"start":{"line":16,"column":63},"end":{"line":21,"column":5}},"line":16},"8":{"name":"fulfilled","decl":{"start":{"line":17,"column":17},"end":{"line":17,"column":26}},"loc":{"start":{"line":17,"column":34},"end":{"line":17,"column":99}},"line":17},"9":{"name":"rejected","decl":{"start":{"line":18,"column":17},"end":{"line":18,"column":25}},"loc":{"start":{"line":18,"column":33},"end":{"line":18,"column":102}},"line":18},"10":{"name":"step","decl":{"start":{"line":19,"column":17},"end":{"line":19,"column":21}},"loc":{"start":{"line":19,"column":30},"end":{"line":19,"column":118}},"line":19},"11":{"name":"(anonymous_11)","decl":{"start":{"line":32,"column":4},"end":{"line":32,"column":5}},"loc":{"start":{"line":32,"column":37},"end":{"line":35,"column":5}},"line":32},"12":{"name":"(anonymous_12)","decl":{"start":{"line":74,"column":4},"end":{"line":74,"column":5}},"loc":{"start":{"line":74,"column":27},"end":{"line":95,"column":5}},"line":74},"13":{"name":"(anonymous_13)","decl":{"start":{"line":75,"column":47},"end":{"line":75,"column":48}},"loc":{"start":{"line":75,"column":60},"end":{"line":94,"column":9}},"line":75},"14":{"name":"(anonymous_14)","decl":{"start":{"line":123,"column":4},"end":{"line":123,"column":5}},"loc":{"start":{"line":123,"column":27},"end":{"line":149,"column":5}},"line":123},"15":{"name":"(anonymous_15)","decl":{"start":{"line":124,"column":47},"end":{"line":124,"column":48}},"loc":{"start":{"line":124,"column":60},"end":{"line":148,"column":9}},"line":124}},"branchMap":{"0":{"loc":{"start":{"line":2,"column":17},"end":{"line":7,"column":1}},"type":"binary-expr","locations":[{"start":{"line":2,"column":18},"end":{"line":2,"column":22}},{"start":{"line":2,"column":26},"end":{"line":2,"column":41}},{"start":{"line":2,"column":46},"end":{"line":7,"column":1}}],"line":2},"1":{"loc":{"start":{"line":3,"column":34},"end":{"line":3,"column":125}},"type":"cond-expr","locations":[{"start":{"line":3,"column":42},"end":{"line":3,"column":48}},{"start":{"line":3,"column":51},"end":{"line":3,"column":125}}],"line":3},"2":{"loc":{"start":{"line":3,"column":51},"end":{"line":3,"column":125}},"type":"cond-expr","locations":[{"start":{"line":3,"column":67},"end":{"line":3,"column":118}},{"start":{"line":3,"column":121},"end":{"line":3,"column":125}}],"line":3},"3":{"loc":{"start":{"line":4,"column":4},"end":{"line":5,"column":150}},"type":"if","locations":[{"start":{"line":4,"column":4},"end":{"line":5,"column":150}},{"start":{"line":4,"column":4},"end":{"line":5,"column":150}}],"line":4},"4":{"loc":{"start":{"line":4,"column":8},"end":{"line":4,"column":77}},"type":"binary-expr","locations":[{"start":{"line":4,"column":8},"end":{"line":4,"column":35}},{"start":{"line":4,"column":39},"end":{"line":4,"column":77}}],"line":4},"5":{"loc":{"start":{"line":5,"column":58},"end":{"line":5,"column":150}},"type":"if","locations":[{"start":{"line":5,"column":58},"end":{"line":5,"column":150}},{"start":{"line":5,"column":58},"end":{"line":5,"column":150}}],"line":5},"6":{"loc":{"start":{"line":5,"column":85},"end":{"line":5,"column":149}},"type":"binary-expr","locations":[{"start":{"line":5,"column":86},"end":{"line":5,"column":143}},{"start":{"line":5,"column":148},"end":{"line":5,"column":149}}],"line":5},"7":{"loc":{"start":{"line":5,"column":86},"end":{"line":5,"column":143}},"type":"cond-expr","locations":[{"start":{"line":5,"column":94},"end":{"line":5,"column":98}},{"start":{"line":5,"column":101},"end":{"line":5,"column":143}}],"line":5},"8":{"loc":{"start":{"line":5,"column":101},"end":{"line":5,"column":143}},"type":"cond-expr","locations":[{"start":{"line":5,"column":109},"end":{"line":5,"column":126}},{"start":{"line":5,"column":129},"end":{"line":5,"column":143}}],"line":5},"9":{"loc":{"start":{"line":6,"column":11},"end":{"line":6,"column":62}},"type":"binary-expr","locations":[{"start":{"line":6,"column":11},"end":{"line":6,"column":16}},{"start":{"line":6,"column":20},"end":{"line":6,"column":21}},{"start":{"line":6,"column":25},"end":{"line":6,"column":62}}],"line":6},"10":{"loc":{"start":{"line":8,"column":17},"end":{"line":10,"column":1}},"type":"binary-expr","locations":[{"start":{"line":8,"column":18},"end":{"line":8,"column":22}},{"start":{"line":8,"column":26},"end":{"line":8,"column":41}},{"start":{"line":8,"column":46},"end":{"line":10,"column":1}}],"line":8},"11":{"loc":{"start":{"line":9,"column":4},"end":{"line":9,"column":109}},"type":"if","locations":[{"start":{"line":9,"column":4},"end":{"line":9,"column":109}},{"start":{"line":9,"column":4},"end":{"line":9,"column":109}}],"line":9},"12":{"loc":{"start":{"line":9,"column":8},"end":{"line":9,"column":77}},"type":"binary-expr","locations":[{"start":{"line":9,"column":8},"end":{"line":9,"column":35}},{"start":{"line":9,"column":39},"end":{"line":9,"column":77}}],"line":9},"13":{"loc":{"start":{"line":11,"column":14},"end":{"line":13,"column":1}},"type":"binary-expr","locations":[{"start":{"line":11,"column":15},"end":{"line":11,"column":19}},{"start":{"line":11,"column":23},"end":{"line":11,"column":35}},{"start":{"line":11,"column":40},"end":{"line":13,"column":1}}],"line":11},"14":{"loc":{"start":{"line":14,"column":16},"end":{"line":22,"column":1}},"type":"binary-expr","locations":[{"start":{"line":14,"column":17},"end":{"line":14,"column":21}},{"start":{"line":14,"column":25},"end":{"line":14,"column":39}},{"start":{"line":14,"column":44},"end":{"line":22,"column":1}}],"line":14},"15":{"loc":{"start":{"line":15,"column":35},"end":{"line":15,"column":109}},"type":"cond-expr","locations":[{"start":{"line":15,"column":56},"end":{"line":15,"column":61}},{"start":{"line":15,"column":64},"end":{"line":15,"column":109}}],"line":15},"16":{"loc":{"start":{"line":16,"column":16},"end":{"line":16,"column":34}},"type":"binary-expr","locations":[{"start":{"line":16,"column":16},"end":{"line":16,"column":17}},{"start":{"line":16,"column":22},"end":{"line":16,"column":33}}],"line":16},"17":{"loc":{"start":{"line":19,"column":32},"end":{"line":19,"column":115}},"type":"cond-expr","locations":[{"start":{"line":19,"column":46},"end":{"line":19,"column":67}},{"start":{"line":19,"column":70},"end":{"line":19,"column":115}}],"line":19},"18":{"loc":{"start":{"line":20,"column":51},"end":{"line":20,"column":67}},"type":"binary-expr","locations":[{"start":{"line":20,"column":51},"end":{"line":20,"column":61}},{"start":{"line":20,"column":65},"end":{"line":20,"column":67}}],"line":20},"19":{"loc":{"start":{"line":78,"column":12},"end":{"line":82,"column":13}},"type":"if","locations":[{"start":{"line":78,"column":12},"end":{"line":82,"column":13}},{"start":{"line":78,"column":12},"end":{"line":82,"column":13}}],"line":78},"20":{"loc":{"start":{"line":128,"column":12},"end":{"line":132,"column":13}},"type":"if","locations":[{"start":{"line":128,"column":12},"end":{"line":132,"column":13}},{"start":{"line":128,"column":12},"end":{"line":132,"column":13}}],"line":128},"21":{"loc":{"start":{"line":140,"column":16},"end":{"line":145,"column":17}},"type":"if","locations":[{"start":{"line":140,"column":16},"end":{"line":145,"column":17}},{"start":{"line":140,"column":16},"end":{"line":145,"column":17}}],"line":140}},"s":{"0":0,"1":0,"2":0,"3":0,"4":0,"5":0,"6":0,"7":0,"8":0,"9":0,"10":0,"11":0,"12":0,"13":0,"14":0,"15":0,"16":0,"17":0,"18":0,"19":0,"20":0,"21":0,"22":0,"23":0,"24":0,"25":0,"26":0,"27":0,"28":0,"29":0,"30":0,"31":0,"32":0,"33":0,"34":0,"35":0,"36":0,"37":0,"38":0,"39":0,"40":0,"41":0,"42":0,"43":0,"44":0,"45":0,"46":0,"47":0,"48":0,"49":0,"50":0,"51":0,"52":0,"53":0,"54":0,"55":0,"56":0,"57":0,"58":0,"59":0,"60":0,"61":0,"62":0,"63":0,"64":0,"65":0,"66":0,"67":0},"f":{"0":0,"1":0,"2":0,"3":0,"4":0,"5":0,"6":0,"7":0,"8":0,"9":0,"10":0,"11":0,"12":0,"13":0,"14":0,"15":0},"b":{"0":[0,0,0],"1":[0,0],"2":[0,0],"3":[0,0],"4":[0,0],"5":[0,0],"6":[0,0],"7":[0,0],"8":[0,0],"9":[0,0,0],"10":[0,0,0],"11":[0,0],"12":[0,0],"13":[0,0,0],"14":[0,0,0],"15":[0,0],"16":[0,0],"17":[0,0],"18":[0,0],"19":[0,0],"20":[0,0],"21":[0,0]},"inputSourceMap":{"version":3,"file":"ActorController.js","sourceRoot":"","sources":["../../src/controllers/ActorController.ts"],"names":[],"mappings":";;;;;;;;;;;;;;;;;;;;;;;AAAA,yCAA+C;AAC/C,qEAAsE;AAEtE,gDAAgD;AAGhD,2CAAwC;AACxC,0EAAuE;AAEvE,oDAAoD;AAGpD,IAAa,eAAe,GAA5B,MAAa,eAAe;IAExB,mCAAmC;IACnC,YACmC,WAAwB,EACzB,MAAkB;QADjB,gBAAW,GAAX,WAAW,CAAa;QACzB,WAAM,GAAN,MAAM,CAAY;IAGpD,CAAC;IAED;;;;;;;;;;;;;;;;;;;;;;;;;;;;;;;;;;;;;OAqCG;IAEU,YAAY,CAAC,GAAY,EAAE,GAAG;;YACvC,4BAA4B;YAC5B,MAAM,EAAE,SAAS,EAAE,SAAS,EAAE,OAAO,EAAE,OAAO,EAAE,GAAG,yCAAmB,CAAC,cAAc,CAAC,GAAG,CAAC,KAAK,CAAC,CAAC;YAEjG,IAAI,CAAC,SAAS,EAAE;gBACZ,GAAG,CAAC,SAAS,CAAC,cAAc,EAAE,YAAY,CAAC,CAAC;gBAC5C,IAAI,CAAC,MAAM,CAAC,KAAK,CAAC,mBAAmB,GAAG,cAAc,GAAG,GAAG,GAAG,OAAO,CAAC,CAAC;gBACxE,OAAO,GAAG,CAAC,IAAI,CAAC,UAAU,CAAC,WAAW,EAAE,OAAO,CAAC,CAAC;aACpD;YAED,IAAI,OAAO,GAAW,UAAU,CAAC,EAAE,CAAC;YACpC,IAAI,OAAgB,CAAC;YAErB,gBAAgB;YAChB,IAAI;gBACA,OAAO,GAAG,MAAM,IAAI,CAAC,WAAW,CAAC,WAAW,CAAC,GAAG,CAAC,KAAK,CAAC,CAAC;aAC3D;YAAC,OAAO,GAAG,EAAE;gBAEV,IAAI,CAAC,MAAM,CAAC,KAAK,CAAC,KAAK,EAAE,EAAE,kCAAkC,GAAG,GAAG,CAAC,IAAI,GAAG,IAAI,GAAG,GAAG,CAAC,CAAC;gBACvF,OAAO,GAAG,UAAU,CAAC,qBAAqB,CAAC;aAC9C;YAED,OAAO,GAAG,CAAC,IAAI,CAAC,OAAO,EAAE,OAAO,CAAC,CAAC;QACtC,CAAC;KAAA;IAED;;;;;;;;;;;;;;;;;;;;;;;;;;OA0BG;IAEU,YAAY,CAAC,GAAG,EAAE,GAAG;;YAC9B,8BAA8B;YAC9B,MAAM,OAAO,GAAW,GAAG,CAAC,MAAM,CAAC,EAAE,CAAC;YACtC,MAAM,EAAE,SAAS,EAAE,SAAS,EAAE,OAAO,EAAE,OAAO,EAAE,GAAG,yCAAmB,CAAC,eAAe,CAAC,OAAO,CAAC,CAAC;YAEhG,IAAI,CAAC,SAAS,EAAE;gBACZ,GAAG,CAAC,SAAS,CAAC,cAAc,EAAE,YAAY,CAAC,CAAC;gBAC5C,IAAI,CAAC,MAAM,CAAC,KAAK,CAAC,eAAe,GAAG,OAAO,GAAG,GAAG,GAAG,OAAO,CAAC,CAAC;gBAC7D,OAAO,GAAG,CAAC,IAAI,CAAC,UAAU,CAAC,WAAW,EAAE,OAAO,CAAC,CAAC;aACpD;YAED,IAAI,OAAO,GAAW,UAAU,CAAC,EAAE,CAAC;YACpC,IAAI,MAAa,CAAC;YAClB,IAAI;gBACA,MAAM,GAAG,IAAI,aAAK,CAAC,MAAM,IAAI,CAAC,WAAW,CAAC,WAAW,CAAC,OAAO,CAAC,CAAC,CAAC;aACnE;YAAC,OAAO,GAAG,EAAE;gBACV,MAAM,GAAG,GAAG,CAAC,QAAQ,EAAE,CAAC;gBAExB,IAAI,GAAG,CAAC,QAAQ,EAAE,CAAC,QAAQ,CAAC,KAAK,CAAC,EAAE;oBAChC,OAAO,GAAG,UAAU,CAAC,SAAS,CAAC;iBAClC;qBAAM;oBACH,OAAO,GAAG,UAAU,CAAC,qBAAqB,CAAC;iBAC9C;aACJ;YAED,OAAO,GAAG,CAAC,IAAI,CAAC,OAAO,EAAE,MAAM,CAAC,CAAC;QACrC,CAAC;KAAA;CACJ,CAAA;AAhFG;IADC,6BAAG,CAAC,GAAG,CAAC;;;;mDAwBR;AA8BD;IADC,6BAAG,CAAC,MAAM,CAAC;;;;mDA2BX;AAhIQ,eAAe;IAF3B,oCAAU,CAAC,aAAa,CAAC;IACzB,sBAAU,EAAE;IAKJ,WAAA,kBAAM,CAAC,aAAa,CAAC,CAAA;IACrB,WAAA,kBAAM,CAAC,YAAY,CAAC,CAAA;;GALhB,eAAe,CAiI3B;AAjIY,0CAAe"},"all":true},"/mnt/c/code/retaildevcrews/helium-typescript/dist/controllers/FeaturedController.js":{"path":"/mnt/c/code/retaildevcrews/helium-typescript/dist/controllers/FeaturedController.js","statementMap":{"0":{"start":{"line":2,"column":17},"end":{"line":7,"column":1}},"1":{"start":{"line":3,"column":12},"end":{"line":3,"column":28}},"2":{"start":{"line":3,"column":34},"end":{"line":3,"column":125}},"3":{"start":{"line":4,"column":4},"end":{"line":5,"column":150}},"4":{"start":{"line":4,"column":79},"end":{"line":4,"column":131}},"5":{"start":{"line":5,"column":9},"end":{"line":5,"column":150}},"6":{"start":{"line":5,"column":22},"end":{"line":5,"column":43}},"7":{"start":{"line":5,"column":58},"end":{"line":5,"column":150}},"8":{"start":{"line":5,"column":81},"end":{"line":5,"column":150}},"9":{"start":{"line":6,"column":4},"end":{"line":6,"column":66}},"10":{"start":{"line":8,"column":17},"end":{"line":10,"column":1}},"11":{"start":{"line":9,"column":4},"end":{"line":9,"column":109}},"12":{"start":{"line":9,"column":79},"end":{"line":9,"column":109}},"13":{"start":{"line":11,"column":14},"end":{"line":13,"column":1}},"14":{"start":{"line":12,"column":4},"end":{"line":12,"column":73}},"15":{"start":{"line":12,"column":36},"end":{"line":12,"column":71}},"16":{"start":{"line":14,"column":16},"end":{"line":22,"column":1}},"17":{"start":{"line":15,"column":28},"end":{"line":15,"column":110}},"18":{"start":{"line":15,"column":91},"end":{"line":15,"column":106}},"19":{"start":{"line":16,"column":4},"end":{"line":21,"column":7}},"20":{"start":{"line":17,"column":36},"end":{"line":17,"column":97}},"21":{"start":{"line":17,"column":42},"end":{"line":17,"column":70}},"22":{"start":{"line":17,"column":85},"end":{"line":17,"column":95}},"23":{"start":{"line":18,"column":35},"end":{"line":18,"column":100}},"24":{"start":{"line":18,"column":41},"end":{"line":18,"column":73}},"25":{"start":{"line":18,"column":88},"end":{"line":18,"column":98}},"26":{"start":{"line":19,"column":32},"end":{"line":19,"column":116}},"27":{"start":{"line":20,"column":8},"end":{"line":20,"column":78}},"28":{"start":{"line":23,"column":0},"end":{"line":23,"column":62}},"29":{"start":{"line":24,"column":20},"end":{"line":24,"column":40}},"30":{"start":{"line":25,"column":34},"end":{"line":25,"column":68}},"31":{"start":{"line":26,"column":19},"end":{"line":26,"column":47}},"32":{"start":{"line":30,"column":25},"end":{"line":96,"column":1}},"33":{"start":{"line":32,"column":8},"end":{"line":32,"column":33}},"34":{"start":{"line":33,"column":8},"end":{"line":33,"column":29}},"35":{"start":{"line":56,"column":8},"end":{"line":77,"column":11}},"36":{"start":{"line":57,"column":26},"end":{"line":57,"column":39}},"37":{"start":{"line":59,"column":12},"end":{"line":75,"column":13}},"38":{"start":{"line":60,"column":16},"end":{"line":62,"column":17}},"39":{"start":{"line":61,"column":20},"end":{"line":61,"column":76}},"40":{"start":{"line":63,"column":16},"end":{"line":66,"column":17}},"41":{"start":{"line":64,"column":36},"end":{"line":64,"column":117}},"42":{"start":{"line":65,"column":20},"end":{"line":65,"column":70}},"43":{"start":{"line":69,"column":16},"end":{"line":74,"column":17}},"44":{"start":{"line":70,"column":20},"end":{"line":70,"column":51}},"45":{"start":{"line":73,"column":20},"end":{"line":73,"column":63}},"46":{"start":{"line":76,"column":12},"end":{"line":76,"column":45}},"47":{"start":{"line":80,"column":8},"end":{"line":94,"column":11}},"48":{"start":{"line":81,"column":30},"end":{"line":81,"column":32}},"49":{"start":{"line":82,"column":24},"end":{"line":82,"column":85}},"50":{"start":{"line":83,"column":27},"end":{"line":83,"column":66}},"51":{"start":{"line":84,"column":12},"end":{"line":88,"column":15}},"52":{"start":{"line":85,"column":16},"end":{"line":87,"column":17}},"53":{"start":{"line":85,"column":29},"end":{"line":85,"column":30}},"54":{"start":{"line":86,"column":20},"end":{"line":86,"column":46}},"55":{"start":{"line":90,"column":12},"end":{"line":92,"column":13}},"56":{"start":{"line":91,"column":16},"end":{"line":91,"column":44}},"57":{"start":{"line":93,"column":12},"end":{"line":93,"column":29}},"58":{"start":{"line":97,"column":0},"end":{"line":102,"column":59}},"59":{"start":{"line":103,"column":0},"end":{"line":108,"column":23}},"60":{"start":{"line":109,"column":0},"end":{"line":109,"column":48}}},"fnMap":{"0":{"name":"(anonymous_0)","decl":{"start":{"line":2,"column":46},"end":{"line":2,"column":47}},"loc":{"start":{"line":2,"column":87},"end":{"line":7,"column":1}},"line":2},"1":{"name":"(anonymous_1)","decl":{"start":{"line":8,"column":46},"end":{"line":8,"column":47}},"loc":{"start":{"line":8,"column":62},"end":{"line":10,"column":1}},"line":8},"2":{"name":"(anonymous_2)","decl":{"start":{"line":11,"column":40},"end":{"line":11,"column":41}},"loc":{"start":{"line":11,"column":73},"end":{"line":13,"column":1}},"line":11},"3":{"name":"(anonymous_3)","decl":{"start":{"line":12,"column":11},"end":{"line":12,"column":12}},"loc":{"start":{"line":12,"column":34},"end":{"line":12,"column":73}},"line":12},"4":{"name":"(anonymous_4)","decl":{"start":{"line":14,"column":44},"end":{"line":14,"column":45}},"loc":{"start":{"line":14,"column":89},"end":{"line":22,"column":1}},"line":14},"5":{"name":"adopt","decl":{"start":{"line":15,"column":13},"end":{"line":15,"column":18}},"loc":{"start":{"line":15,"column":26},"end":{"line":15,"column":112}},"line":15},"6":{"name":"(anonymous_6)","decl":{"start":{"line":15,"column":70},"end":{"line":15,"column":71}},"loc":{"start":{"line":15,"column":89},"end":{"line":15,"column":108}},"line":15},"7":{"name":"(anonymous_7)","decl":{"start":{"line":16,"column":36},"end":{"line":16,"column":37}},"loc":{"start":{"line":16,"column":63},"end":{"line":21,"column":5}},"line":16},"8":{"name":"fulfilled","decl":{"start":{"line":17,"column":17},"end":{"line":17,"column":26}},"loc":{"start":{"line":17,"column":34},"end":{"line":17,"column":99}},"line":17},"9":{"name":"rejected","decl":{"start":{"line":18,"column":17},"end":{"line":18,"column":25}},"loc":{"start":{"line":18,"column":33},"end":{"line":18,"column":102}},"line":18},"10":{"name":"step","decl":{"start":{"line":19,"column":17},"end":{"line":19,"column":21}},"loc":{"start":{"line":19,"column":30},"end":{"line":19,"column":118}},"line":19},"11":{"name":"(anonymous_11)","decl":{"start":{"line":31,"column":4},"end":{"line":31,"column":5}},"loc":{"start":{"line":31,"column":34},"end":{"line":34,"column":5}},"line":31},"12":{"name":"(anonymous_12)","decl":{"start":{"line":55,"column":4},"end":{"line":55,"column":5}},"loc":{"start":{"line":55,"column":31},"end":{"line":78,"column":5}},"line":55},"13":{"name":"(anonymous_13)","decl":{"start":{"line":56,"column":47},"end":{"line":56,"column":48}},"loc":{"start":{"line":56,"column":60},"end":{"line":77,"column":9}},"line":56},"14":{"name":"(anonymous_14)","decl":{"start":{"line":79,"column":4},"end":{"line":79,"column":5}},"loc":{"start":{"line":79,"column":27},"end":{"line":95,"column":5}},"line":79},"15":{"name":"(anonymous_15)","decl":{"start":{"line":80,"column":47},"end":{"line":80,"column":48}},"loc":{"start":{"line":80,"column":60},"end":{"line":94,"column":9}},"line":80},"16":{"name":"(anonymous_16)","decl":{"start":{"line":84,"column":27},"end":{"line":84,"column":28}},"loc":{"start":{"line":84,"column":32},"end":{"line":88,"column":13}},"line":84}},"branchMap":{"0":{"loc":{"start":{"line":2,"column":17},"end":{"line":7,"column":1}},"type":"binary-expr","locations":[{"start":{"line":2,"column":18},"end":{"line":2,"column":22}},{"start":{"line":2,"column":26},"end":{"line":2,"column":41}},{"start":{"line":2,"column":46},"end":{"line":7,"column":1}}],"line":2},"1":{"loc":{"start":{"line":3,"column":34},"end":{"line":3,"column":125}},"type":"cond-expr","locations":[{"start":{"line":3,"column":42},"end":{"line":3,"column":48}},{"start":{"line":3,"column":51},"end":{"line":3,"column":125}}],"line":3},"2":{"loc":{"start":{"line":3,"column":51},"end":{"line":3,"column":125}},"type":"cond-expr","locations":[{"start":{"line":3,"column":67},"end":{"line":3,"column":118}},{"start":{"line":3,"column":121},"end":{"line":3,"column":125}}],"line":3},"3":{"loc":{"start":{"line":4,"column":4},"end":{"line":5,"column":150}},"type":"if","locations":[{"start":{"line":4,"column":4},"end":{"line":5,"column":150}},{"start":{"line":4,"column":4},"end":{"line":5,"column":150}}],"line":4},"4":{"loc":{"start":{"line":4,"column":8},"end":{"line":4,"column":77}},"type":"binary-expr","locations":[{"start":{"line":4,"column":8},"end":{"line":4,"column":35}},{"start":{"line":4,"column":39},"end":{"line":4,"column":77}}],"line":4},"5":{"loc":{"start":{"line":5,"column":58},"end":{"line":5,"column":150}},"type":"if","locations":[{"start":{"line":5,"column":58},"end":{"line":5,"column":150}},{"start":{"line":5,"column":58},"end":{"line":5,"column":150}}],"line":5},"6":{"loc":{"start":{"line":5,"column":85},"end":{"line":5,"column":149}},"type":"binary-expr","locations":[{"start":{"line":5,"column":86},"end":{"line":5,"column":143}},{"start":{"line":5,"column":148},"end":{"line":5,"column":149}}],"line":5},"7":{"loc":{"start":{"line":5,"column":86},"end":{"line":5,"column":143}},"type":"cond-expr","locations":[{"start":{"line":5,"column":94},"end":{"line":5,"column":98}},{"start":{"line":5,"column":101},"end":{"line":5,"column":143}}],"line":5},"8":{"loc":{"start":{"line":5,"column":101},"end":{"line":5,"column":143}},"type":"cond-expr","locations":[{"start":{"line":5,"column":109},"end":{"line":5,"column":126}},{"start":{"line":5,"column":129},"end":{"line":5,"column":143}}],"line":5},"9":{"loc":{"start":{"line":6,"column":11},"end":{"line":6,"column":62}},"type":"binary-expr","locations":[{"start":{"line":6,"column":11},"end":{"line":6,"column":16}},{"start":{"line":6,"column":20},"end":{"line":6,"column":21}},{"start":{"line":6,"column":25},"end":{"line":6,"column":62}}],"line":6},"10":{"loc":{"start":{"line":8,"column":17},"end":{"line":10,"column":1}},"type":"binary-expr","locations":[{"start":{"line":8,"column":18},"end":{"line":8,"column":22}},{"start":{"line":8,"column":26},"end":{"line":8,"column":41}},{"start":{"line":8,"column":46},"end":{"line":10,"column":1}}],"line":8},"11":{"loc":{"start":{"line":9,"column":4},"end":{"line":9,"column":109}},"type":"if","locations":[{"start":{"line":9,"column":4},"end":{"line":9,"column":109}},{"start":{"line":9,"column":4},"end":{"line":9,"column":109}}],"line":9},"12":{"loc":{"start":{"line":9,"column":8},"end":{"line":9,"column":77}},"type":"binary-expr","locations":[{"start":{"line":9,"column":8},"end":{"line":9,"column":35}},{"start":{"line":9,"column":39},"end":{"line":9,"column":77}}],"line":9},"13":{"loc":{"start":{"line":11,"column":14},"end":{"line":13,"column":1}},"type":"binary-expr","locations":[{"start":{"line":11,"column":15},"end":{"line":11,"column":19}},{"start":{"line":11,"column":23},"end":{"line":11,"column":35}},{"start":{"line":11,"column":40},"end":{"line":13,"column":1}}],"line":11},"14":{"loc":{"start":{"line":14,"column":16},"end":{"line":22,"column":1}},"type":"binary-expr","locations":[{"start":{"line":14,"column":17},"end":{"line":14,"column":21}},{"start":{"line":14,"column":25},"end":{"line":14,"column":39}},{"start":{"line":14,"column":44},"end":{"line":22,"column":1}}],"line":14},"15":{"loc":{"start":{"line":15,"column":35},"end":{"line":15,"column":109}},"type":"cond-expr","locations":[{"start":{"line":15,"column":56},"end":{"line":15,"column":61}},{"start":{"line":15,"column":64},"end":{"line":15,"column":109}}],"line":15},"16":{"loc":{"start":{"line":16,"column":16},"end":{"line":16,"column":34}},"type":"binary-expr","locations":[{"start":{"line":16,"column":16},"end":{"line":16,"column":17}},{"start":{"line":16,"column":22},"end":{"line":16,"column":33}}],"line":16},"17":{"loc":{"start":{"line":19,"column":32},"end":{"line":19,"column":115}},"type":"cond-expr","locations":[{"start":{"line":19,"column":46},"end":{"line":19,"column":67}},{"start":{"line":19,"column":70},"end":{"line":19,"column":115}}],"line":19},"18":{"loc":{"start":{"line":20,"column":51},"end":{"line":20,"column":67}},"type":"binary-expr","locations":[{"start":{"line":20,"column":51},"end":{"line":20,"column":61}},{"start":{"line":20,"column":65},"end":{"line":20,"column":67}}],"line":20},"19":{"loc":{"start":{"line":60,"column":16},"end":{"line":62,"column":17}},"type":"if","locations":[{"start":{"line":60,"column":16},"end":{"line":62,"column":17}},{"start":{"line":60,"column":16},"end":{"line":62,"column":17}}],"line":60},"20":{"loc":{"start":{"line":60,"column":20},"end":{"line":60,"column":83}},"type":"binary-expr","locations":[{"start":{"line":60,"column":20},"end":{"line":60,"column":47}},{"start":{"line":60,"column":51},"end":{"line":60,"column":83}}],"line":60},"21":{"loc":{"start":{"line":63,"column":16},"end":{"line":66,"column":17}},"type":"if","locations":[{"start":{"line":63,"column":16},"end":{"line":66,"column":17}},{"start":{"line":63,"column":16},"end":{"line":66,"column":17}}],"line":63},"22":{"loc":{"start":{"line":63,"column":20},"end":{"line":63,"column":81}},"type":"binary-expr","locations":[{"start":{"line":63,"column":20},"end":{"line":63,"column":47}},{"start":{"line":63,"column":51},"end":{"line":63,"column":81}}],"line":63},"23":{"loc":{"start":{"line":69,"column":16},"end":{"line":74,"column":17}},"type":"if","locations":[{"start":{"line":69,"column":16},"end":{"line":74,"column":17}},{"start":{"line":69,"column":16},"end":{"line":74,"column":17}}],"line":69},"24":{"loc":{"start":{"line":90,"column":12},"end":{"line":92,"column":13}},"type":"if","locations":[{"start":{"line":90,"column":12},"end":{"line":92,"column":13}},{"start":{"line":90,"column":12},"end":{"line":92,"column":13}}],"line":90}},"s":{"0":0,"1":0,"2":0,"3":0,"4":0,"5":0,"6":0,"7":0,"8":0,"9":0,"10":0,"11":0,"12":0,"13":0,"14":0,"15":0,"16":0,"17":0,"18":0,"19":0,"20":0,"21":0,"22":0,"23":0,"24":0,"25":0,"26":0,"27":0,"28":0,"29":0,"30":0,"31":0,"32":0,"33":0,"34":0,"35":0,"36":0,"37":0,"38":0,"39":0,"40":0,"41":0,"42":0,"43":0,"44":0,"45":0,"46":0,"47":0,"48":0,"49":0,"50":0,"51":0,"52":0,"53":0,"54":0,"55":0,"56":0,"57":0,"58":0,"59":0,"60":0},"f":{"0":0,"1":0,"2":0,"3":0,"4":0,"5":0,"6":0,"7":0,"8":0,"9":0,"10":0,"11":0,"12":0,"13":0,"14":0,"15":0,"16":0},"b":{"0":[0,0,0],"1":[0,0],"2":[0,0],"3":[0,0],"4":[0,0],"5":[0,0],"6":[0,0],"7":[0,0],"8":[0,0],"9":[0,0,0],"10":[0,0,0],"11":[0,0],"12":[0,0],"13":[0,0,0],"14":[0,0,0],"15":[0,0],"16":[0,0],"17":[0,0],"18":[0,0],"19":[0,0],"20":[0,0],"21":[0,0],"22":[0,0],"23":[0,0],"24":[0,0]},"inputSourceMap":{"version":3,"file":"FeaturedController.js","sourceRoot":"","sources":["../../src/controllers/FeaturedController.ts"],"names":[],"mappings":";;;;;;;;;;;;;;;;;;;;;;;AAAA,yCAA+C;AAC/C,qEAAsE;AACtE,gDAAgD;AAKhD;;GAEG;AAGH,IAAa,kBAAkB,GAA/B,MAAa,kBAAkB;IAI3B,YAA2C,QAAqB,EAAgC,MAAkB;QAAvE,aAAQ,GAAR,QAAQ,CAAa;QAAgC,WAAM,GAAN,MAAM,CAAY;IAElH,CAAC;IAED;;;;;;;;;;;;;;;;;;;OAmBG;IAEU,gBAAgB,CAAC,GAAG,EAAE,GAAG;;YAClC,IAAI,OAAO,GAAW,UAAU,CAAC,EAAE,CAAC;YACpC,IAAI,MAAa,CAAC;YAElB,IAAI;gBACA,IAAK,IAAI,CAAC,cAAc,IAAI,IAAI,IAAI,IAAI,CAAC,cAAc,CAAC,MAAM,KAAK,CAAC,EAAG;oBACnE,IAAI,CAAC,cAAc,GAAG,MAAM,IAAI,CAAC,oBAAoB,EAAE,CAAC;iBAC3D;gBAED,IAAI,IAAI,CAAC,cAAc,IAAI,IAAI,IAAI,IAAI,CAAC,cAAc,CAAC,MAAM,GAAG,CAAC,EAAG;oBAChE,MAAM,OAAO,GAAG,IAAI,CAAC,cAAc,CAAE,IAAI,CAAC,KAAK,CAAC,IAAI,CAAC,MAAM,EAAE,GAAG,CAAE,IAAI,CAAC,cAAc,CAAC,MAAM,GAAG,CAAC,CAAE,CAAC,CAAE,CAAC;oBACtG,MAAM,GAAG,MAAM,IAAI,CAAC,QAAQ,CAAC,WAAW,CAAC,OAAO,CAAC,CAAC;iBACrD;aACJ;YAAC,OAAO,GAAG,EAAE;gBACV,IAAI,GAAG,CAAC,QAAQ,EAAE,CAAC,QAAQ,CAAC,UAAU,CAAC,EAAE;oBACrC,OAAO,GAAG,UAAU,CAAC,SAAS,CAAC;iBAClC;qBAAM;oBACH,OAAO,GAAG,UAAU,CAAC,qBAAqB,CAAC;iBAC9C;aACJ;YAED,OAAO,GAAG,CAAC,IAAI,CAAC,OAAO,EAAE,MAAM,CAAC,CAAC;QACrC,CAAC;KAAA;IAEa,oBAAoB;;YAC9B,MAAM,SAAS,GAAa,EAAE,CAAC;YAC/B,MAAM,GAAG,GAAG,6DAA6D,CAAC;YAE1E,MAAM,MAAM,GAAG,MAAM,IAAI,CAAC,QAAQ,CAAC,cAAc,CAAC,GAAG,CAAC,CAAC;YAEvD,MAAM,CAAC,OAAO,CAAC,CAAC,CAAC,EAAE;gBACf,KAAK,IAAI,CAAC,GAAG,CAAC,EAAE,CAAC,GAAG,CAAC,CAAC,MAAM,EAAE,CAAC,EAAE,EAAE;oBAC/B,SAAS,CAAC,IAAI,CAAC,CAAC,CAAC,OAAO,CAAC,CAAC;iBAC7B;YACL,CAAC,CAAC,CAAC;YAEH,wBAAwB;YACxB,IAAI,SAAS,CAAC,MAAM,KAAK,CAAC,EAAE;gBACxB,SAAS,CAAC,IAAI,CAAC,WAAW,CAAC,CAAC;aAC/B;YAED,OAAO,SAAS,CAAC;QACrB,CAAC;KAAA;CACJ,CAAA;AA3CG;IADC,6BAAG,CAAC,QAAQ,CAAC;;;;0DAuBb;AAnDQ,kBAAkB;IAF9B,oCAAU,CAAC,eAAe,CAAC;IAC3B,sBAAU,EAAE;IAKI,WAAA,kBAAM,CAAC,aAAa,CAAC,CAAA,EAAiC,WAAA,kBAAM,CAAC,YAAY,CAAC,CAAA;;GAJ9E,kBAAkB,CAwE9B;AAxEY,gDAAkB"},"all":true},"/mnt/c/code/retaildevcrews/helium-typescript/dist/controllers/GenreController.js":{"path":"/mnt/c/code/retaildevcrews/helium-typescript/dist/controllers/GenreController.js","statementMap":{"0":{"start":{"line":2,"column":17},"end":{"line":7,"column":1}},"1":{"start":{"line":3,"column":12},"end":{"line":3,"column":28}},"2":{"start":{"line":3,"column":34},"end":{"line":3,"column":125}},"3":{"start":{"line":4,"column":4},"end":{"line":5,"column":150}},"4":{"start":{"line":4,"column":79},"end":{"line":4,"column":131}},"5":{"start":{"line":5,"column":9},"end":{"line":5,"column":150}},"6":{"start":{"line":5,"column":22},"end":{"line":5,"column":43}},"7":{"start":{"line":5,"column":58},"end":{"line":5,"column":150}},"8":{"start":{"line":5,"column":81},"end":{"line":5,"column":150}},"9":{"start":{"line":6,"column":4},"end":{"line":6,"column":66}},"10":{"start":{"line":8,"column":17},"end":{"line":10,"column":1}},"11":{"start":{"line":9,"column":4},"end":{"line":9,"column":109}},"12":{"start":{"line":9,"column":79},"end":{"line":9,"column":109}},"13":{"start":{"line":11,"column":14},"end":{"line":13,"column":1}},"14":{"start":{"line":12,"column":4},"end":{"line":12,"column":73}},"15":{"start":{"line":12,"column":36},"end":{"line":12,"column":71}},"16":{"start":{"line":14,"column":16},"end":{"line":22,"column":1}},"17":{"start":{"line":15,"column":28},"end":{"line":15,"column":110}},"18":{"start":{"line":15,"column":91},"end":{"line":15,"column":106}},"19":{"start":{"line":16,"column":4},"end":{"line":21,"column":7}},"20":{"start":{"line":17,"column":36},"end":{"line":17,"column":97}},"21":{"start":{"line":17,"column":42},"end":{"line":17,"column":70}},"22":{"start":{"line":17,"column":85},"end":{"line":17,"column":95}},"23":{"start":{"line":18,"column":35},"end":{"line":18,"column":100}},"24":{"start":{"line":18,"column":41},"end":{"line":18,"column":73}},"25":{"start":{"line":18,"column":88},"end":{"line":18,"column":98}},"26":{"start":{"line":19,"column":32},"end":{"line":19,"column":116}},"27":{"start":{"line":20,"column":8},"end":{"line":20,"column":78}},"28":{"start":{"line":23,"column":0},"end":{"line":23,"column":62}},"29":{"start":{"line":24,"column":20},"end":{"line":24,"column":40}},"30":{"start":{"line":25,"column":34},"end":{"line":25,"column":68}},"31":{"start":{"line":26,"column":19},"end":{"line":26,"column":47}},"32":{"start":{"line":27,"column":20},"end":{"line":27,"column":50}},"33":{"start":{"line":31,"column":22},"end":{"line":69,"column":1}},"34":{"start":{"line":33,"column":8},"end":{"line":33,"column":33}},"35":{"start":{"line":34,"column":8},"end":{"line":34,"column":29}},"36":{"start":{"line":57,"column":8},"end":{"line":67,"column":11}},"37":{"start":{"line":58,"column":26},"end":{"line":58,"column":39}},"38":{"start":{"line":60,"column":12},"end":{"line":65,"column":13}},"39":{"start":{"line":61,"column":16},"end":{"line":61,"column":84}},"40":{"start":{"line":64,"column":16},"end":{"line":64,"column":59}},"41":{"start":{"line":66,"column":12},"end":{"line":66,"column":46}},"42":{"start":{"line":70,"column":0},"end":{"line":75,"column":52}},"43":{"start":{"line":76,"column":0},"end":{"line":81,"column":20}},"44":{"start":{"line":82,"column":0},"end":{"line":82,"column":42}}},"fnMap":{"0":{"name":"(anonymous_0)","decl":{"start":{"line":2,"column":46},"end":{"line":2,"column":47}},"loc":{"start":{"line":2,"column":87},"end":{"line":7,"column":1}},"line":2},"1":{"name":"(anonymous_1)","decl":{"start":{"line":8,"column":46},"end":{"line":8,"column":47}},"loc":{"start":{"line":8,"column":62},"end":{"line":10,"column":1}},"line":8},"2":{"name":"(anonymous_2)","decl":{"start":{"line":11,"column":40},"end":{"line":11,"column":41}},"loc":{"start":{"line":11,"column":73},"end":{"line":13,"column":1}},"line":11},"3":{"name":"(anonymous_3)","decl":{"start":{"line":12,"column":11},"end":{"line":12,"column":12}},"loc":{"start":{"line":12,"column":34},"end":{"line":12,"column":73}},"line":12},"4":{"name":"(anonymous_4)","decl":{"start":{"line":14,"column":44},"end":{"line":14,"column":45}},"loc":{"start":{"line":14,"column":89},"end":{"line":22,"column":1}},"line":14},"5":{"name":"adopt","decl":{"start":{"line":15,"column":13},"end":{"line":15,"column":18}},"loc":{"start":{"line":15,"column":26},"end":{"line":15,"column":112}},"line":15},"6":{"name":"(anonymous_6)","decl":{"start":{"line":15,"column":70},"end":{"line":15,"column":71}},"loc":{"start":{"line":15,"column":89},"end":{"line":15,"column":108}},"line":15},"7":{"name":"(anonymous_7)","decl":{"start":{"line":16,"column":36},"end":{"line":16,"column":37}},"loc":{"start":{"line":16,"column":63},"end":{"line":21,"column":5}},"line":16},"8":{"name":"fulfilled","decl":{"start":{"line":17,"column":17},"end":{"line":17,"column":26}},"loc":{"start":{"line":17,"column":34},"end":{"line":17,"column":99}},"line":17},"9":{"name":"rejected","decl":{"start":{"line":18,"column":17},"end":{"line":18,"column":25}},"loc":{"start":{"line":18,"column":33},"end":{"line":18,"column":102}},"line":18},"10":{"name":"step","decl":{"start":{"line":19,"column":17},"end":{"line":19,"column":21}},"loc":{"start":{"line":19,"column":30},"end":{"line":19,"column":118}},"line":19},"11":{"name":"(anonymous_11)","decl":{"start":{"line":32,"column":4},"end":{"line":32,"column":5}},"loc":{"start":{"line":32,"column":34},"end":{"line":35,"column":5}},"line":32},"12":{"name":"(anonymous_12)","decl":{"start":{"line":56,"column":4},"end":{"line":56,"column":5}},"loc":{"start":{"line":56,"column":27},"end":{"line":68,"column":5}},"line":56},"13":{"name":"(anonymous_13)","decl":{"start":{"line":57,"column":47},"end":{"line":57,"column":48}},"loc":{"start":{"line":57,"column":60},"end":{"line":67,"column":9}},"line":57}},"branchMap":{"0":{"loc":{"start":{"line":2,"column":17},"end":{"line":7,"column":1}},"type":"binary-expr","locations":[{"start":{"line":2,"column":18},"end":{"line":2,"column":22}},{"start":{"line":2,"column":26},"end":{"line":2,"column":41}},{"start":{"line":2,"column":46},"end":{"line":7,"column":1}}],"line":2},"1":{"loc":{"start":{"line":3,"column":34},"end":{"line":3,"column":125}},"type":"cond-expr","locations":[{"start":{"line":3,"column":42},"end":{"line":3,"column":48}},{"start":{"line":3,"column":51},"end":{"line":3,"column":125}}],"line":3},"2":{"loc":{"start":{"line":3,"column":51},"end":{"line":3,"column":125}},"type":"cond-expr","locations":[{"start":{"line":3,"column":67},"end":{"line":3,"column":118}},{"start":{"line":3,"column":121},"end":{"line":3,"column":125}}],"line":3},"3":{"loc":{"start":{"line":4,"column":4},"end":{"line":5,"column":150}},"type":"if","locations":[{"start":{"line":4,"column":4},"end":{"line":5,"column":150}},{"start":{"line":4,"column":4},"end":{"line":5,"column":150}}],"line":4},"4":{"loc":{"start":{"line":4,"column":8},"end":{"line":4,"column":77}},"type":"binary-expr","locations":[{"start":{"line":4,"column":8},"end":{"line":4,"column":35}},{"start":{"line":4,"column":39},"end":{"line":4,"column":77}}],"line":4},"5":{"loc":{"start":{"line":5,"column":58},"end":{"line":5,"column":150}},"type":"if","locations":[{"start":{"line":5,"column":58},"end":{"line":5,"column":150}},{"start":{"line":5,"column":58},"end":{"line":5,"column":150}}],"line":5},"6":{"loc":{"start":{"line":5,"column":85},"end":{"line":5,"column":149}},"type":"binary-expr","locations":[{"start":{"line":5,"column":86},"end":{"line":5,"column":143}},{"start":{"line":5,"column":148},"end":{"line":5,"column":149}}],"line":5},"7":{"loc":{"start":{"line":5,"column":86},"end":{"line":5,"column":143}},"type":"cond-expr","locations":[{"start":{"line":5,"column":94},"end":{"line":5,"column":98}},{"start":{"line":5,"column":101},"end":{"line":5,"column":143}}],"line":5},"8":{"loc":{"start":{"line":5,"column":101},"end":{"line":5,"column":143}},"type":"cond-expr","locations":[{"start":{"line":5,"column":109},"end":{"line":5,"column":126}},{"start":{"line":5,"column":129},"end":{"line":5,"column":143}}],"line":5},"9":{"loc":{"start":{"line":6,"column":11},"end":{"line":6,"column":62}},"type":"binary-expr","locations":[{"start":{"line":6,"column":11},"end":{"line":6,"column":16}},{"start":{"line":6,"column":20},"end":{"line":6,"column":21}},{"start":{"line":6,"column":25},"end":{"line":6,"column":62}}],"line":6},"10":{"loc":{"start":{"line":8,"column":17},"end":{"line":10,"column":1}},"type":"binary-expr","locations":[{"start":{"line":8,"column":18},"end":{"line":8,"column":22}},{"start":{"line":8,"column":26},"end":{"line":8,"column":41}},{"start":{"line":8,"column":46},"end":{"line":10,"column":1}}],"line":8},"11":{"loc":{"start":{"line":9,"column":4},"end":{"line":9,"column":109}},"type":"if","locations":[{"start":{"line":9,"column":4},"end":{"line":9,"column":109}},{"start":{"line":9,"column":4},"end":{"line":9,"column":109}}],"line":9},"12":{"loc":{"start":{"line":9,"column":8},"end":{"line":9,"column":77}},"type":"binary-expr","locations":[{"start":{"line":9,"column":8},"end":{"line":9,"column":35}},{"start":{"line":9,"column":39},"end":{"line":9,"column":77}}],"line":9},"13":{"loc":{"start":{"line":11,"column":14},"end":{"line":13,"column":1}},"type":"binary-expr","locations":[{"start":{"line":11,"column":15},"end":{"line":11,"column":19}},{"start":{"line":11,"column":23},"end":{"line":11,"column":35}},{"start":{"line":11,"column":40},"end":{"line":13,"column":1}}],"line":11},"14":{"loc":{"start":{"line":14,"column":16},"end":{"line":22,"column":1}},"type":"binary-expr","locations":[{"start":{"line":14,"column":17},"end":{"line":14,"column":21}},{"start":{"line":14,"column":25},"end":{"line":14,"column":39}},{"start":{"line":14,"column":44},"end":{"line":22,"column":1}}],"line":14},"15":{"loc":{"start":{"line":15,"column":35},"end":{"line":15,"column":109}},"type":"cond-expr","locations":[{"start":{"line":15,"column":56},"end":{"line":15,"column":61}},{"start":{"line":15,"column":64},"end":{"line":15,"column":109}}],"line":15},"16":{"loc":{"start":{"line":16,"column":16},"end":{"line":16,"column":34}},"type":"binary-expr","locations":[{"start":{"line":16,"column":16},"end":{"line":16,"column":17}},{"start":{"line":16,"column":22},"end":{"line":16,"column":33}}],"line":16},"17":{"loc":{"start":{"line":19,"column":32},"end":{"line":19,"column":115}},"type":"cond-expr","locations":[{"start":{"line":19,"column":46},"end":{"line":19,"column":67}},{"start":{"line":19,"column":70},"end":{"line":19,"column":115}}],"line":19},"18":{"loc":{"start":{"line":20,"column":51},"end":{"line":20,"column":67}},"type":"binary-expr","locations":[{"start":{"line":20,"column":51},"end":{"line":20,"column":61}},{"start":{"line":20,"column":65},"end":{"line":20,"column":67}}],"line":20}},"s":{"0":0,"1":0,"2":0,"3":0,"4":0,"5":0,"6":0,"7":0,"8":0,"9":0,"10":0,"11":0,"12":0,"13":0,"14":0,"15":0,"16":0,"17":0,"18":0,"19":0,"20":0,"21":0,"22":0,"23":0,"24":0,"25":0,"26":0,"27":0,"28":0,"29":0,"30":0,"31":0,"32":0,"33":0,"34":0,"35":0,"36":0,"37":0,"38":0,"39":0,"40":0,"41":0,"42":0,"43":0,"44":0},"f":{"0":0,"1":0,"2":0,"3":0,"4":0,"5":0,"6":0,"7":0,"8":0,"9":0,"10":0,"11":0,"12":0,"13":0},"b":{"0":[0,0,0],"1":[0,0],"2":[0,0],"3":[0,0],"4":[0,0],"5":[0,0],"6":[0,0],"7":[0,0],"8":[0,0],"9":[0,0,0],"10":[0,0,0],"11":[0,0],"12":[0,0],"13":[0,0,0],"14":[0,0,0],"15":[0,0],"16":[0,0],"17":[0,0],"18":[0,0]},"inputSourceMap":{"version":3,"file":"GenreController.js","sourceRoot":"","sources":["../../src/controllers/GenreController.ts"],"names":[],"mappings":";;;;;;;;;;;;;;;;;;;;;;;AAAA,yCAA+C;AAC/C,qEAAsE;AAEtE,gDAAgD;AAGhD,mDAAgD;AAEhD;;GAEG;AAGH,IAAa,eAAe,GAA5B,MAAa,eAAe;IAE1B,YAA2C,QAAqB,EAAgC,MAAkB;QAAvE,aAAQ,GAAR,QAAQ,CAAa;QAAgC,WAAM,GAAN,MAAM,CAAY;IAElH,CAAC;IAED;;;;;;;;;;;;;;;;;;;OAmBG;IAEU,YAAY,CAAC,GAAY,EAAE,GAAG;;YACzC,IAAI,OAAO,GAAW,UAAU,CAAC,EAAE,CAAC;YACpC,IAAI,OAAiB,CAAC;YACtB,IAAI;gBACF,OAAO,GAAG,MAAM,IAAI,CAAC,QAAQ,CAAC,cAAc,CAAC,qBAAS,CAAC,CAAC;aACzD;YAAC,OAAO,GAAG,EAAE;gBACZ,OAAO,GAAG,UAAU,CAAC,qBAAqB,CAAC;aAC5C;YAED,OAAO,GAAG,CAAC,IAAI,CAAC,OAAO,EAAE,OAAO,CAAC,CAAC;QACpC,CAAC;KAAA;CACF,CAAA;AAXC;IADC,6BAAG,CAAC,GAAG,CAAC;;;;mDAWR;AArCU,eAAe;IAF3B,oCAAU,CAAC,aAAa,CAAC;IACzB,sBAAU,EAAE;IAGE,WAAA,kBAAM,CAAC,aAAa,CAAC,CAAA,EAAiC,WAAA,kBAAM,CAAC,YAAY,CAAC,CAAA;;GAF5E,eAAe,CAsC3B;AAtCY,0CAAe"},"all":true},"/mnt/c/code/retaildevcrews/helium-typescript/dist/controllers/HealthzController.js":{"path":"/mnt/c/code/retaildevcrews/helium-typescript/dist/controllers/HealthzController.js","statementMap":{"0":{"start":{"line":2,"column":17},"end":{"line":7,"column":1}},"1":{"start":{"line":3,"column":12},"end":{"line":3,"column":28}},"2":{"start":{"line":3,"column":34},"end":{"line":3,"column":125}},"3":{"start":{"line":4,"column":4},"end":{"line":5,"column":150}},"4":{"start":{"line":4,"column":79},"end":{"line":4,"column":131}},"5":{"start":{"line":5,"column":9},"end":{"line":5,"column":150}},"6":{"start":{"line":5,"column":22},"end":{"line":5,"column":43}},"7":{"start":{"line":5,"column":58},"end":{"line":5,"column":150}},"8":{"start":{"line":5,"column":81},"end":{"line":5,"column":150}},"9":{"start":{"line":6,"column":4},"end":{"line":6,"column":66}},"10":{"start":{"line":8,"column":17},"end":{"line":10,"column":1}},"11":{"start":{"line":9,"column":4},"end":{"line":9,"column":109}},"12":{"start":{"line":9,"column":79},"end":{"line":9,"column":109}},"13":{"start":{"line":11,"column":14},"end":{"line":13,"column":1}},"14":{"start":{"line":12,"column":4},"end":{"line":12,"column":73}},"15":{"start":{"line":12,"column":36},"end":{"line":12,"column":71}},"16":{"start":{"line":14,"column":16},"end":{"line":22,"column":1}},"17":{"start":{"line":15,"column":28},"end":{"line":15,"column":110}},"18":{"start":{"line":15,"column":91},"end":{"line":15,"column":106}},"19":{"start":{"line":16,"column":4},"end":{"line":21,"column":7}},"20":{"start":{"line":17,"column":36},"end":{"line":17,"column":97}},"21":{"start":{"line":17,"column":42},"end":{"line":17,"column":70}},"22":{"start":{"line":17,"column":85},"end":{"line":17,"column":95}},"23":{"start":{"line":18,"column":35},"end":{"line":18,"column":100}},"24":{"start":{"line":18,"column":41},"end":{"line":18,"column":73}},"25":{"start":{"line":18,"column":88},"end":{"line":18,"column":98}},"26":{"start":{"line":19,"column":32},"end":{"line":19,"column":116}},"27":{"start":{"line":20,"column":8},"end":{"line":20,"column":78}},"28":{"start":{"line":23,"column":0},"end":{"line":23,"column":62}},"29":{"start":{"line":24,"column":20},"end":{"line":24,"column":40}},"30":{"start":{"line":25,"column":34},"end":{"line":25,"column":68}},"31":{"start":{"line":26,"column":19},"end":{"line":26,"column":47}},"32":{"start":{"line":27,"column":20},"end":{"line":27,"column":50}},"33":{"start":{"line":28,"column":24},"end":{"line":28,"column":61}},"34":{"start":{"line":30,"column":0},"end":{"line":34,"column":36}},"35":{"start":{"line":31,"column":4},"end":{"line":31,"column":32}},"36":{"start":{"line":32,"column":4},"end":{"line":32,"column":32}},"37":{"start":{"line":33,"column":4},"end":{"line":33,"column":32}},"38":{"start":{"line":38,"column":24},"end":{"line":197,"column":1}},"39":{"start":{"line":40,"column":8},"end":{"line":40,"column":33}},"40":{"start":{"line":41,"column":8},"end":{"line":41,"column":29}},"41":{"start":{"line":56,"column":8},"end":{"line":61,"column":11}},"42":{"start":{"line":57,"column":38},"end":{"line":57,"column":66}},"43":{"start":{"line":58,"column":28},"end":{"line":58,"column":121}},"44":{"start":{"line":59,"column":12},"end":{"line":59,"column":56}},"45":{"start":{"line":60,"column":12},"end":{"line":60,"column":63}},"46":{"start":{"line":76,"column":8},"end":{"line":85,"column":11}},"47":{"start":{"line":77,"column":38},"end":{"line":77,"column":66}},"48":{"start":{"line":78,"column":28},"end":{"line":78,"column":121}},"49":{"start":{"line":79,"column":12},"end":{"line":79,"column":69}},"50":{"start":{"line":80,"column":12},"end":{"line":83,"column":15}},"51":{"start":{"line":84,"column":12},"end":{"line":84,"column":57}},"52":{"start":{"line":92,"column":8},"end":{"line":139,"column":11}},"53":{"start":{"line":93,"column":31},"end":{"line":93,"column":33}},"54":{"start":{"line":94,"column":12},"end":{"line":94,"column":48}},"55":{"start":{"line":95,"column":12},"end":{"line":95,"column":55}},"56":{"start":{"line":96,"column":12},"end":{"line":96,"column":70}},"57":{"start":{"line":97,"column":12},"end":{"line":97,"column":125}},"58":{"start":{"line":98,"column":12},"end":{"line":98,"column":53}},"59":{"start":{"line":100,"column":33},"end":{"line":100,"column":35}},"60":{"start":{"line":101,"column":30},"end":{"line":101,"column":32}},"61":{"start":{"line":102,"column":33},"end":{"line":102,"column":35}},"62":{"start":{"line":103,"column":33},"end":{"line":103,"column":35}},"63":{"start":{"line":104,"column":33},"end":{"line":104,"column":35}},"64":{"start":{"line":105,"column":33},"end":{"line":105,"column":35}},"65":{"start":{"line":106,"column":12},"end":{"line":138,"column":13}},"66":{"start":{"line":107,"column":16},"end":{"line":107,"column":51}},"67":{"start":{"line":108,"column":16},"end":{"line":108,"column":86}},"68":{"start":{"line":109,"column":16},"end":{"line":109,"column":57}},"69":{"start":{"line":110,"column":16},"end":{"line":110,"column":99}},"70":{"start":{"line":111,"column":16},"end":{"line":111,"column":57}},"71":{"start":{"line":112,"column":16},"end":{"line":112,"column":99}},"72":{"start":{"line":113,"column":16},"end":{"line":113,"column":57}},"73":{"start":{"line":114,"column":16},"end":{"line":114,"column":96}},"74":{"start":{"line":115,"column":16},"end":{"line":115,"column":57}},"75":{"start":{"line":116,"column":16},"end":{"line":116,"column":98}},"76":{"start":{"line":119,"column":16},"end":{"line":128,"column":17}},"77":{"start":{"line":120,"column":20},"end":{"line":127,"column":21}},"78":{"start":{"line":121,"column":24},"end":{"line":123,"column":25}},"79":{"start":{"line":122,"column":28},"end":{"line":122,"column":75}},"80":{"start":{"line":124,"column":24},"end":{"line":126,"column":25}},"81":{"start":{"line":125,"column":28},"end":{"line":125,"column":34}},"82":{"start":{"line":129,"column":16},"end":{"line":129,"column":49}},"83":{"start":{"line":130,"column":16},"end":{"line":130,"column":34}},"84":{"start":{"line":133,"column":16},"end":{"line":133,"column":79}},"85":{"start":{"line":134,"column":16},"end":{"line":134,"column":52}},"86":{"start":{"line":135,"column":16},"end":{"line":135,"column":49}},"87":{"start":{"line":136,"column":16},"end":{"line":136,"column":49}},"88":{"start":{"line":137,"column":16},"end":{"line":137,"column":34}},"89":{"start":{"line":148,"column":8},"end":{"line":195,"column":11}},"90":{"start":{"line":150,"column":30},"end":{"line":150,"column":40}},"91":{"start":{"line":151,"column":26},"end":{"line":151,"column":42}},"92":{"start":{"line":153,"column":12},"end":{"line":153,"column":55}},"93":{"start":{"line":154,"column":12},"end":{"line":154,"column":57}},"94":{"start":{"line":155,"column":12},"end":{"line":155,"column":50}},"95":{"start":{"line":156,"column":12},"end":{"line":156,"column":48}},"96":{"start":{"line":157,"column":12},"end":{"line":157,"column":51}},"97":{"start":{"line":158,"column":12},"end":{"line":158,"column":61}},"98":{"start":{"line":159,"column":12},"end":{"line":187,"column":13}},"99":{"start":{"line":161,"column":16},"end":{"line":175,"column":17}},"100":{"start":{"line":162,"column":20},"end":{"line":162,"column":78}},"101":{"start":{"line":164,"column":21},"end":{"line":175,"column":17}},"102":{"start":{"line":165,"column":20},"end":{"line":165,"column":65}},"103":{"start":{"line":167,"column":21},"end":{"line":175,"column":17}},"104":{"start":{"line":168,"column":20},"end":{"line":168,"column":65}},"105":{"start":{"line":170,"column":21},"end":{"line":175,"column":17}},"106":{"start":{"line":171,"column":20},"end":{"line":171,"column":67}},"107":{"start":{"line":174,"column":20},"end":{"line":174,"column":69}},"108":{"start":{"line":177,"column":16},"end":{"line":177,"column":117}},"109":{"start":{"line":182,"column":16},"end":{"line":182,"column":117}},"110":{"start":{"line":183,"column":16},"end":{"line":183,"column":59}},"111":{"start":{"line":184,"column":16},"end":{"line":184,"column":65}},"112":{"start":{"line":185,"column":16},"end":{"line":185,"column":46}},"113":{"start":{"line":186,"column":16},"end":{"line":186,"column":24}},"114":{"start":{"line":190,"column":12},"end":{"line":194,"column":13}},"115":{"start":{"line":191,"column":16},"end":{"line":191,"column":59}},"116":{"start":{"line":192,"column":16},"end":{"line":192,"column":65}},"117":{"start":{"line":193,"column":16},"end":{"line":193,"column":81}},"118":{"start":{"line":198,"column":0},"end":{"line":203,"column":53}},"119":{"start":{"line":204,"column":0},"end":{"line":209,"column":57}},"120":{"start":{"line":210,"column":0},"end":{"line":215,"column":22}},"121":{"start":{"line":216,"column":0},"end":{"line":216,"column":46}}},"fnMap":{"0":{"name":"(anonymous_0)","decl":{"start":{"line":2,"column":46},"end":{"line":2,"column":47}},"loc":{"start":{"line":2,"column":87},"end":{"line":7,"column":1}},"line":2},"1":{"name":"(anonymous_1)","decl":{"start":{"line":8,"column":46},"end":{"line":8,"column":47}},"loc":{"start":{"line":8,"column":62},"end":{"line":10,"column":1}},"line":8},"2":{"name":"(anonymous_2)","decl":{"start":{"line":11,"column":40},"end":{"line":11,"column":41}},"loc":{"start":{"line":11,"column":73},"end":{"line":13,"column":1}},"line":11},"3":{"name":"(anonymous_3)","decl":{"start":{"line":12,"column":11},"end":{"line":12,"column":12}},"loc":{"start":{"line":12,"column":34},"end":{"line":12,"column":73}},"line":12},"4":{"name":"(anonymous_4)","decl":{"start":{"line":14,"column":44},"end":{"line":14,"column":45}},"loc":{"start":{"line":14,"column":89},"end":{"line":22,"column":1}},"line":14},"5":{"name":"adopt","decl":{"start":{"line":15,"column":13},"end":{"line":15,"column":18}},"loc":{"start":{"line":15,"column":26},"end":{"line":15,"column":112}},"line":15},"6":{"name":"(anonymous_6)","decl":{"start":{"line":15,"column":70},"end":{"line":15,"column":71}},"loc":{"start":{"line":15,"column":89},"end":{"line":15,"column":108}},"line":15},"7":{"name":"(anonymous_7)","decl":{"start":{"line":16,"column":36},"end":{"line":16,"column":37}},"loc":{"start":{"line":16,"column":63},"end":{"line":21,"column":5}},"line":16},"8":{"name":"fulfilled","decl":{"start":{"line":17,"column":17},"end":{"line":17,"column":26}},"loc":{"start":{"line":17,"column":34},"end":{"line":17,"column":99}},"line":17},"9":{"name":"rejected","decl":{"start":{"line":18,"column":17},"end":{"line":18,"column":25}},"loc":{"start":{"line":18,"column":33},"end":{"line":18,"column":102}},"line":18},"10":{"name":"step","decl":{"start":{"line":19,"column":17},"end":{"line":19,"column":21}},"loc":{"start":{"line":19,"column":30},"end":{"line":19,"column":118}},"line":19},"11":{"name":"(anonymous_11)","decl":{"start":{"line":30,"column":1},"end":{"line":30,"column":2}},"loc":{"start":{"line":30,"column":23},"end":{"line":34,"column":1}},"line":30},"12":{"name":"(anonymous_12)","decl":{"start":{"line":39,"column":4},"end":{"line":39,"column":5}},"loc":{"start":{"line":39,"column":34},"end":{"line":42,"column":5}},"line":39},"13":{"name":"(anonymous_13)","decl":{"start":{"line":55,"column":4},"end":{"line":55,"column":5}},"loc":{"start":{"line":55,"column":26},"end":{"line":62,"column":5}},"line":55},"14":{"name":"(anonymous_14)","decl":{"start":{"line":56,"column":47},"end":{"line":56,"column":48}},"loc":{"start":{"line":56,"column":60},"end":{"line":61,"column":9}},"line":56},"15":{"name":"(anonymous_15)","decl":{"start":{"line":75,"column":4},"end":{"line":75,"column":5}},"loc":{"start":{"line":75,"column":30},"end":{"line":86,"column":5}},"line":75},"16":{"name":"(anonymous_16)","decl":{"start":{"line":76,"column":47},"end":{"line":76,"column":48}},"loc":{"start":{"line":76,"column":60},"end":{"line":85,"column":9}},"line":76},"17":{"name":"(anonymous_17)","decl":{"start":{"line":90,"column":4},"end":{"line":90,"column":5}},"loc":{"start":{"line":90,"column":22},"end":{"line":140,"column":5}},"line":90},"18":{"name":"(anonymous_18)","decl":{"start":{"line":92,"column":47},"end":{"line":92,"column":48}},"loc":{"start":{"line":92,"column":60},"end":{"line":139,"column":9}},"line":92},"19":{"name":"(anonymous_19)","decl":{"start":{"line":147,"column":4},"end":{"line":147,"column":5}},"loc":{"start":{"line":147,"column":56},"end":{"line":196,"column":5}},"line":147},"20":{"name":"(anonymous_20)","decl":{"start":{"line":148,"column":47},"end":{"line":148,"column":48}},"loc":{"start":{"line":148,"column":60},"end":{"line":195,"column":9}},"line":148}},"branchMap":{"0":{"loc":{"start":{"line":2,"column":17},"end":{"line":7,"column":1}},"type":"binary-expr","locations":[{"start":{"line":2,"column":18},"end":{"line":2,"column":22}},{"start":{"line":2,"column":26},"end":{"line":2,"column":41}},{"start":{"line":2,"column":46},"end":{"line":7,"column":1}}],"line":2},"1":{"loc":{"start":{"line":3,"column":34},"end":{"line":3,"column":125}},"type":"cond-expr","locations":[{"start":{"line":3,"column":42},"end":{"line":3,"column":48}},{"start":{"line":3,"column":51},"end":{"line":3,"column":125}}],"line":3},"2":{"loc":{"start":{"line":3,"column":51},"end":{"line":3,"column":125}},"type":"cond-expr","locations":[{"start":{"line":3,"column":67},"end":{"line":3,"column":118}},{"start":{"line":3,"column":121},"end":{"line":3,"column":125}}],"line":3},"3":{"loc":{"start":{"line":4,"column":4},"end":{"line":5,"column":150}},"type":"if","locations":[{"start":{"line":4,"column":4},"end":{"line":5,"column":150}},{"start":{"line":4,"column":4},"end":{"line":5,"column":150}}],"line":4},"4":{"loc":{"start":{"line":4,"column":8},"end":{"line":4,"column":77}},"type":"binary-expr","locations":[{"start":{"line":4,"column":8},"end":{"line":4,"column":35}},{"start":{"line":4,"column":39},"end":{"line":4,"column":77}}],"line":4},"5":{"loc":{"start":{"line":5,"column":58},"end":{"line":5,"column":150}},"type":"if","locations":[{"start":{"line":5,"column":58},"end":{"line":5,"column":150}},{"start":{"line":5,"column":58},"end":{"line":5,"column":150}}],"line":5},"6":{"loc":{"start":{"line":5,"column":85},"end":{"line":5,"column":149}},"type":"binary-expr","locations":[{"start":{"line":5,"column":86},"end":{"line":5,"column":143}},{"start":{"line":5,"column":148},"end":{"line":5,"column":149}}],"line":5},"7":{"loc":{"start":{"line":5,"column":86},"end":{"line":5,"column":143}},"type":"cond-expr","locations":[{"start":{"line":5,"column":94},"end":{"line":5,"column":98}},{"start":{"line":5,"column":101},"end":{"line":5,"column":143}}],"line":5},"8":{"loc":{"start":{"line":5,"column":101},"end":{"line":5,"column":143}},"type":"cond-expr","locations":[{"start":{"line":5,"column":109},"end":{"line":5,"column":126}},{"start":{"line":5,"column":129},"end":{"line":5,"column":143}}],"line":5},"9":{"loc":{"start":{"line":6,"column":11},"end":{"line":6,"column":62}},"type":"binary-expr","locations":[{"start":{"line":6,"column":11},"end":{"line":6,"column":16}},{"start":{"line":6,"column":20},"end":{"line":6,"column":21}},{"start":{"line":6,"column":25},"end":{"line":6,"column":62}}],"line":6},"10":{"loc":{"start":{"line":8,"column":17},"end":{"line":10,"column":1}},"type":"binary-expr","locations":[{"start":{"line":8,"column":18},"end":{"line":8,"column":22}},{"start":{"line":8,"column":26},"end":{"line":8,"column":41}},{"start":{"line":8,"column":46},"end":{"line":10,"column":1}}],"line":8},"11":{"loc":{"start":{"line":9,"column":4},"end":{"line":9,"column":109}},"type":"if","locations":[{"start":{"line":9,"column":4},"end":{"line":9,"column":109}},{"start":{"line":9,"column":4},"end":{"line":9,"column":109}}],"line":9},"12":{"loc":{"start":{"line":9,"column":8},"end":{"line":9,"column":77}},"type":"binary-expr","locations":[{"start":{"line":9,"column":8},"end":{"line":9,"column":35}},{"start":{"line":9,"column":39},"end":{"line":9,"column":77}}],"line":9},"13":{"loc":{"start":{"line":11,"column":14},"end":{"line":13,"column":1}},"type":"binary-expr","locations":[{"start":{"line":11,"column":15},"end":{"line":11,"column":19}},{"start":{"line":11,"column":23},"end":{"line":11,"column":35}},{"start":{"line":11,"column":40},"end":{"line":13,"column":1}}],"line":11},"14":{"loc":{"start":{"line":14,"column":16},"end":{"line":22,"column":1}},"type":"binary-expr","locations":[{"start":{"line":14,"column":17},"end":{"line":14,"column":21}},{"start":{"line":14,"column":25},"end":{"line":14,"column":39}},{"start":{"line":14,"column":44},"end":{"line":22,"column":1}}],"line":14},"15":{"loc":{"start":{"line":15,"column":35},"end":{"line":15,"column":109}},"type":"cond-expr","locations":[{"start":{"line":15,"column":56},"end":{"line":15,"column":61}},{"start":{"line":15,"column":64},"end":{"line":15,"column":109}}],"line":15},"16":{"loc":{"start":{"line":16,"column":16},"end":{"line":16,"column":34}},"type":"binary-expr","locations":[{"start":{"line":16,"column":16},"end":{"line":16,"column":17}},{"start":{"line":16,"column":22},"end":{"line":16,"column":33}}],"line":16},"17":{"loc":{"start":{"line":19,"column":32},"end":{"line":19,"column":115}},"type":"cond-expr","locations":[{"start":{"line":19,"column":46},"end":{"line":19,"column":67}},{"start":{"line":19,"column":70},"end":{"line":19,"column":115}}],"line":19},"18":{"loc":{"start":{"line":20,"column":51},"end":{"line":20,"column":67}},"type":"binary-expr","locations":[{"start":{"line":20,"column":51},"end":{"line":20,"column":61}},{"start":{"line":20,"column":65},"end":{"line":20,"column":67}}],"line":20},"19":{"loc":{"start":{"line":34,"column":3},"end":{"line":34,"column":34}},"type":"binary-expr","locations":[{"start":{"line":34,"column":3},"end":{"line":34,"column":13}},{"start":{"line":34,"column":18},"end":{"line":34,"column":33}}],"line":34},"20":{"loc":{"start":{"line":58,"column":28},"end":{"line":58,"column":121}},"type":"cond-expr","locations":[{"start":{"line":58,"column":75},"end":{"line":58,"column":105}},{"start":{"line":58,"column":108},"end":{"line":58,"column":121}}],"line":58},"21":{"loc":{"start":{"line":78,"column":28},"end":{"line":78,"column":121}},"type":"cond-expr","locations":[{"start":{"line":78,"column":75},"end":{"line":78,"column":105}},{"start":{"line":78,"column":108},"end":{"line":78,"column":121}}],"line":78},"22":{"loc":{"start":{"line":97,"column":34},"end":{"line":97,"column":124}},"type":"cond-expr","locations":[{"start":{"line":97,"column":110},"end":{"line":97,"column":112}},{"start":{"line":97,"column":115},"end":{"line":97,"column":124}}],"line":97},"23":{"loc":{"start":{"line":97,"column":34},"end":{"line":97,"column":107}},"type":"binary-expr","locations":[{"start":{"line":97,"column":34},"end":{"line":97,"column":90}},{"start":{"line":97,"column":94},"end":{"line":97,"column":107}}],"line":97},"24":{"loc":{"start":{"line":120,"column":20},"end":{"line":127,"column":21}},"type":"if","locations":[{"start":{"line":120,"column":20},"end":{"line":127,"column":21}},{"start":{"line":120,"column":20},"end":{"line":127,"column":21}}],"line":120},"25":{"loc":{"start":{"line":121,"column":24},"end":{"line":123,"column":25}},"type":"if","locations":[{"start":{"line":121,"column":24},"end":{"line":123,"column":25}},{"start":{"line":121,"column":24},"end":{"line":123,"column":25}}],"line":121},"26":{"loc":{"start":{"line":124,"column":24},"end":{"line":126,"column":25}},"type":"if","locations":[{"start":{"line":124,"column":24},"end":{"line":126,"column":25}},{"start":{"line":124,"column":24},"end":{"line":126,"column":25}}],"line":124},"27":{"loc":{"start":{"line":161,"column":16},"end":{"line":175,"column":17}},"type":"if","locations":[{"start":{"line":161,"column":16},"end":{"line":175,"column":17}},{"start":{"line":161,"column":16},"end":{"line":175,"column":17}}],"line":161},"28":{"loc":{"start":{"line":164,"column":21},"end":{"line":175,"column":17}},"type":"if","locations":[{"start":{"line":164,"column":21},"end":{"line":175,"column":17}},{"start":{"line":164,"column":21},"end":{"line":175,"column":17}}],"line":164},"29":{"loc":{"start":{"line":167,"column":21},"end":{"line":175,"column":17}},"type":"if","locations":[{"start":{"line":167,"column":21},"end":{"line":175,"column":17}},{"start":{"line":167,"column":21},"end":{"line":175,"column":17}}],"line":167},"30":{"loc":{"start":{"line":170,"column":21},"end":{"line":175,"column":17}},"type":"if","locations":[{"start":{"line":170,"column":21},"end":{"line":175,"column":17}},{"start":{"line":170,"column":21},"end":{"line":175,"column":17}}],"line":170},"31":{"loc":{"start":{"line":190,"column":12},"end":{"line":194,"column":13}},"type":"if","locations":[{"start":{"line":190,"column":12},"end":{"line":194,"column":13}},{"start":{"line":190,"column":12},"end":{"line":194,"column":13}}],"line":190}},"s":{"0":0,"1":0,"2":0,"3":0,"4":0,"5":0,"6":0,"7":0,"8":0,"9":0,"10":0,"11":0,"12":0,"13":0,"14":0,"15":0,"16":0,"17":0,"18":0,"19":0,"20":0,"21":0,"22":0,"23":0,"24":0,"25":0,"26":0,"27":0,"28":0,"29":0,"30":0,"31":0,"32":0,"33":0,"34":0,"35":0,"36":0,"37":0,"38":0,"39":0,"40":0,"41":0,"42":0,"43":0,"44":0,"45":0,"46":0,"47":0,"48":0,"49":0,"50":0,"51":0,"52":0,"53":0,"54":0,"55":0,"56":0,"57":0,"58":0,"59":0,"60":0,"61":0,"62":0,"63":0,"64":0,"65":0,"66":0,"67":0,"68":0,"69":0,"70":0,"71":0,"72":0,"73":0,"74":0,"75":0,"76":0,"77":0,"78":0,"79":0,"80":0,"81":0,"82":0,"83":0,"84":0,"85":0,"86":0,"87":0,"88":0,"89":0,"90":0,"91":0,"92":0,"93":0,"94":0,"95":0,"96":0,"97":0,"98":0,"99":0,"100":0,"101":0,"102":0,"103":0,"104":0,"105":0,"106":0,"107":0,"108":0,"109":0,"110":0,"111":0,"112":0,"113":0,"114":0,"115":0,"116":0,"117":0,"118":0,"119":0,"120":0,"121":0},"f":{"0":0,"1":0,"2":0,"3":0,"4":0,"5":0,"6":0,"7":0,"8":0,"9":0,"10":0,"11":0,"12":0,"13":0,"14":0,"15":0,"16":0,"17":0,"18":0,"19":0,"20":0},"b":{"0":[0,0,0],"1":[0,0],"2":[0,0],"3":[0,0],"4":[0,0],"5":[0,0],"6":[0,0],"7":[0,0],"8":[0,0],"9":[0,0,0],"10":[0,0,0],"11":[0,0],"12":[0,0],"13":[0,0,0],"14":[0,0,0],"15":[0,0],"16":[0,0],"17":[0,0],"18":[0,0],"19":[0,0],"20":[0,0],"21":[0,0],"22":[0,0],"23":[0,0],"24":[0,0],"25":[0,0],"26":[0,0],"27":[0,0],"28":[0,0],"29":[0,0],"30":[0,0],"31":[0,0]},"inputSourceMap":{"version":3,"file":"HealthzController.js","sourceRoot":"","sources":["../../src/controllers/HealthzController.ts"],"names":[],"mappings":";;;;;;;;;;;;;;;;;;;;;;;AAAA,yCAA+C;AAC/C,qEAAsE;AACtE,gDAAgD;AAGhD,mDAA0E;AAC1E,8DAA2D;AAE3D,IAAK,UAIJ;AAJD,WAAK,UAAU;IACX,2BAAa,CAAA;IACb,2BAAa,CAAA;IACb,2BAAa,CAAA;AACjB,CAAC,EAJI,UAAU,KAAV,UAAU,QAId;AAED;;GAEG;AAGH,IAAa,iBAAiB,GAA9B,MAAa,iBAAiB;IAE1B,YAA2C,QAAqB,EAAgC,MAAkB;QAAvE,aAAQ,GAAR,QAAQ,CAAa;QAAgC,WAAM,GAAN,MAAM,CAAY;IAElH,CAAC;IAED;;;;;;;;;;;OAWG;IAEU,WAAW,CAAC,GAAG,EAAE,GAAG;;YAE7B,MAAM,iBAAiB,GAAG,MAAM,IAAI,CAAC,eAAe,EAAE,CAAC;YACvD,MAAM,OAAO,GAAG,iBAAiB,CAAC,MAAM,KAAK,UAAU,CAAC,IAAI,CAAC,CAAC,CAAC,UAAU,CAAC,mBAAmB,CAAC,CAAC,CAAC,UAAU,CAAC,EAAE,CAAC;YAE9G,GAAG,CAAC,SAAS,CAAC,cAAc,EAAE,YAAY,CAAC,CAAC;YAC5C,OAAO,GAAG,CAAC,IAAI,CAAC,OAAO,EAAE,iBAAiB,CAAC,MAAM,CAAC,CAAC;QACvD,CAAC;KAAA;IAED;;;;;;;;;;;OAWG;IAEU,eAAe,CAAC,GAAG,EAAE,GAAG;;YACjC,MAAM,iBAAiB,GAAG,MAAM,IAAI,CAAC,eAAe,EAAE,CAAC;YACvD,MAAM,OAAO,GAAG,iBAAiB,CAAC,MAAM,KAAK,UAAU,CAAC,IAAI,CAAC,CAAC,CAAC,UAAU,CAAC,mBAAmB,CAAC,CAAC,CAAC,UAAU,CAAC,EAAE,CAAC;YAE9G,GAAG,CAAC,SAAS,CAAC,cAAc,EAAE,yBAAyB,CAAC,CAAC;YACzD,GAAG,CAAC,SAAS,CAAC,OAAO,EAAE;gBACnB,gBAAgB,EAAE,MAAM,CAAC,UAAU,CAAC,IAAI,CAAC,SAAS,CAAC,iBAAiB,CAAC,CAAC;gBACtE,cAAc,EAAE,yBAAyB;aAC5C,CAAC,CAAC;YACH,GAAG,CAAC,KAAK,CAAC,IAAI,CAAC,SAAS,CAAC,iBAAiB,CAAC,CAAC,CAAC;QACjD,CAAC;KAAA;IAED;;OAEG;IACW,eAAe;;;YACzB,MAAM,UAAU,GAAuB,EAAE,CAAC;YAC1C,UAAU,CAAC,MAAM,GAAG,UAAU,CAAC,IAAI,CAAC;YACpC,UAAU,CAAC,SAAS,GAAI,mBAAmB,CAAC;YAC5C,UAAU,CAAC,WAAW,GAAG,gCAAgC,CAAC;YAC1D,UAAU,CAAC,QAAQ,SAAG,OAAO,CAAC,GAAG,CAAC,2BAAe,CAAC,mCAAI,SAAS,CAAC;YAChE,UAAU,CAAC,OAAO,GAAG,mBAAO,CAAC;YAE7B,wBAAwB;YACxB,MAAM,YAAY,GAAuB,EAAE,CAAC;YAC5C,MAAM,SAAS,GAAuB,EAAE,CAAC;YACzC,MAAM,YAAY,GAAuB,EAAE,CAAC;YAC5C,MAAM,YAAY,GAAuB,EAAE,CAAC;YAC5C,MAAM,YAAY,GAAuB,EAAE,CAAC;YAC5C,MAAM,YAAY,GAAuB,EAAE,CAAC;YAE5C,IAAI;gBACA,YAAY,CAAC,SAAS,GAAG,SAAS,CAAC;gBACnC,MAAM,IAAI,CAAC,cAAc,CAAC,aAAa,EAAE,GAAG,EAAE,YAAY,CAAC,SAAS,CAAC,CAAC;gBAEtE,YAAY,CAAC,YAAY,GAAG,YAAY,CAAC;gBACzC,MAAM,IAAI,CAAC,cAAc,CAAC,uBAAuB,EAAE,GAAG,EAAE,YAAY,CAAC,YAAY,CAAC,CAAC;gBAEnF,YAAY,CAAC,YAAY,GAAG,YAAY,CAAC;gBACzC,MAAM,IAAI,CAAC,cAAc,CAAC,uBAAuB,EAAE,GAAG,EAAE,YAAY,CAAC,YAAY,CAAC,CAAC;gBAEnF,YAAY,CAAC,YAAY,GAAG,YAAY,CAAC;gBACzC,MAAM,IAAI,CAAC,cAAc,CAAC,oBAAoB,EAAE,GAAG,EAAE,YAAY,CAAC,YAAY,CAAC,CAAC;gBAEhF,YAAY,CAAC,YAAY,GAAG,YAAY,CAAC;gBACzC,MAAM,IAAI,CAAC,cAAc,CAAC,sBAAsB,EAAE,GAAG,EAAE,YAAY,CAAC,YAAY,CAAC,CAAC;gBAElF,gDAAgD;gBAChD,yCAAyC;gBACzC,KAAK,MAAM,KAAK,IAAI,YAAY,EAAE;oBAC9B,IAAI,YAAY,CAAC,cAAc,CAAC,KAAK,CAAC,EAAE;wBACpC,IAAI,CAAC,CAAC,YAAY,CAAC,KAAK,CAAC,CAAC,MAAM,KAAK,UAAU,CAAC,IAAI,CAAC,EAAE;4BACnD,UAAU,CAAC,MAAM,GAAG,YAAY,CAAC,KAAK,CAAC,CAAC,MAAM,CAAC;yBAClD;wBAED,IAAI,UAAU,CAAC,MAAM,KAAK,UAAU,CAAC,I
[...]
start":{"line":25,"column":8},"end":{"line":26,"column":61}},"type":"if","locations":[{"start":{"line":25,"column":8},"end":{"line":26,"column":61}},{"start":{"line":25,"column":8},"end":{"line":26,"column":61}}],"line":25},"1":{"loc":{"start":{"line":27,"column":8},"end":{"line":28,"column":36}},"type":"if","locations":[{"start":{"line":27,"column":8},"end":{"line":28,"column":36}},{"start":{"line":27,"column":8},"end":{"line":28,"column":36}}],"line":27},"2":{"loc":{"start":{"line":29,"column":8},"end":{"line":30,"column":59}},"type":"if","locations":[{"start":{"line":29,"column":8},"end":{"line":30,"column":59}},{"start":{"line":29,"column":8},"end":{"line":30,"column":59}}],"line":29},"3":{"loc":{"start":{"line":29,"column":12},"end":{"line":29,"column":92}},"type":"binary-expr","locations":[{"start":{"line":29,"column":12},"end":{"line":29,"column":50}},{"start":{"line":29,"column":54},"end":{"line":29,"column":92}}],"line":29},"4":{"loc":{"start":{"line":31,"column":8},"end":{"line":32,"column":83}},"type":"if","locations":[{"start":{"line":31,"column":8},"end":{"line":32,"column":83}},{"start":{"line":31,"column":8},"end":{"line":32,"column":83}}],"line":31},"5":{"loc":{"start":{"line":40,"column":8},"end":{"line":42,"column":9}},"type":"if","locations":[{"start":{"line":40,"column":8},"end":{"line":42,"column":9}},{"start":{"line":40,"column":8},"end":{"line":42,"column":9}}],"line":40}},"s":{"0":0,"1":0,"2":0,"3":0,"4":0,"5":0,"6":0,"7":0,"8":0,"9":0,"10":0,"11":0,"12":0,"13":0,"14":0,"15":0,"16":0,"17":0,"18":0,"19":0,"20":0,"21":0,"22":0},"f":{"0":0,"1":0},"b":{"0":[0,0],"1":[0,0],"2":[0,0],"3":[0,0],"4":[0,0],"5":[0,0]},"all":true},"/mnt/c/code/retaildevcrews/helium-typescript/src/utilities/dateUtilities.ts":{"path":"/mnt/c/code/retaildevcrews/helium-typescript/src/utilities/dateUtilities.ts","statementMap":{"0":{"start":{"line":7,"column":30},"end":{"line":7,"column":40}},"1":{"start":{"line":8,"column":8},"end":{"line":8,"column":40}},"2":{"start":{"line":8,"column":21},"end":{"line":8,"column":39}},"3":{"start":{"line":15,"column":25},"end":{"line":15,"column":62}},"4":{"start":{"line":17,"column":8},"end":{"line":17,"column":35}}},"fnMap":{"0":{"name":"(anonymous_0)","decl":{"start":{"line":6,"column":4},"end":{"line":6,"column":5}},"loc":{"start":{"line":6,"column":29},"end":{"line":9,"column":5}},"line":6},"1":{"name":"(anonymous_1)","decl":{"start":{"line":8,"column":15},"end":{"line":8,"column":16}},"loc":{"start":{"line":8,"column":21},"end":{"line":8,"column":39}},"line":8},"2":{"name":"(anonymous_2)","decl":{"start":{"line":12,"column":4},"end":{"line":12,"column":5}},"loc":{"start":{"line":12,"column":66},"end":{"line":18,"column":5}},"line":12}},"branchMap":{},"s":{"0":0,"1":0,"2":0,"3":0,"4":0},"f":{"0":0,"1":0,"2":0},"b":{},"all":true},"/mnt/c/code/retaildevcrews/helium-typescript/src/utilities/index.ts":{"path":"/mnt/c/code/retaildevcrews/helium-typescript/src/utilities/index.ts","statementMap":{},"fnMap":{},"branchMap":{},"s":{},"f":{},"b":{},"all":true},"/mnt/c/code/retaildevcrews/helium-typescript/src/utilities/queryUtilities.ts":{"path":"/mnt/c/code/retaildevcrews/helium-typescript/src/utilities/queryUtilities.ts","statementMap":{"0":{"start":{"line":10,"column":20},"end":{"line":10,"column":21}},"1":{"start":{"line":12,"column":8},"end":{"line":15,"column":9}},"2":{"start":{"line":13,"column":12},"end":{"line":13,"column":50}},"3":{"start":{"line":14,"column":12},"end":{"line":14,"column":64}},"4":{"start":{"line":17,"column":8},"end":{"line":17,"column":32}}},"fnMap":{"0":{"name":"(anonymous_0)","decl":{"start":{"line":9,"column":4},"end":{"line":9,"column":5}},"loc":{"start":{"line":9,"column":54},"end":{"line":18,"column":5}},"line":9}},"branchMap":{"0":{"loc":{"start":{"line":12,"column":8},"end":{"line":15,"column":9}},"type":"if","locations":[{"start":{"line":12,"column":8},"end":{"line":15,"column":9}},{"start":{"line":12,"column":8},"end":{"line":15,"column":9}}],"line":12},"1":{"loc":{"start":{"line":12,"column":13},"end":{"line":12,"column":74}},"type":"binary-expr","locations":[{"start":{"line":12,"column":13},"end":{"line":12,"column":26}},{"start":{"line":12,"column":31},"end":{"line":12,"column":50}},{"start":{"line":12,"column":54},"end":{"line":12,"column":73}}],"line":12},"2":{"loc":{"start":{"line":14,"column":19},"end":{"line":14,"column":63}},"type":"cond-expr","locations":[{"start":{"line":14,"column":34},"end":{"line":14,"column":37}},{"start":{"line":14,"column":40},"end":{"line":14,"column":63}}],"line":14}},"s":{"0":0,"1":0,"2":0,"3":0,"4":0},"f":{"0":0},"b":{"0":[0,0],"1":[0,0,0],"2":[0,0]},"all":true},"/mnt/c/code/retaildevcrews/helium-typescript/src/utilities/validationUtilities.ts":{"path":"/mnt/c/code/retaildevcrews/helium-typescript/src/utilities/validationUtilities.ts","statementMap":{"0":{"start":{"line":15,"column":8},"end":{"line":17,"column":9}},"1":{"start":{"line":16,"column":12},"end":{"line":16,"column":39}},"2":{"start":{"line":19,"column":8},"end":{"line":23,"column":9}},"3":{"start":{"line":20,"column":12},"end":{"line":22,"column":13}},"4":{"start":{"line":21,"column":16},"end":{"line":21,"column":76}},"5":{"start":{"line":25,"column":8},"end":{"line":30,"column":9}},"6":{"start":{"line":26,"column":31},"end":{"line":26,"column":61}},"7":{"start":{"line":27,"column":12},"end":{"line":29,"column":13}},"8":{"start":{"line":28,"column":16},"end":{"line":28,"column":79}},"9":{"start":{"line":32,"column":8},"end":{"line":37,"column":9}},"10":{"start":{"line":33,"column":29},"end":{"line":33,"column":57}},"11":{"start":{"line":34,"column":12},"end":{"line":36,"column":13}},"12":{"start":{"line":35,"column":16},"end":{"line":35,"column":77}},"13":{"start":{"line":39,"column":8},"end":{"line":39,"column":35}},"14":{"start":{"line":44,"column":8},"end":{"line":46,"column":9}},"15":{"start":{"line":45,"column":12},"end":{"line":45,"column":39}},"16":{"start":{"line":48,"column":70},"end":{"line":48,"column":96}},"17":{"start":{"line":49,"column":8},"end":{"line":51,"column":9}},"18":{"start":{"line":50,"column":12},"end":{"line":50,"column":64}},"19":{"start":{"line":53,"column":8},"end":{"line":57,"column":9}},"20":{"start":{"line":54,"column":12},"end":{"line":56,"column":13}},"21":{"start":{"line":55,"column":16},"end":{"line":55,"column":74}},"22":{"start":{"line":59,"column":8},"end":{"line":64,"column":9}},"23":{"start":{"line":60,"column":25},"end":{"line":60,"column":49}},"24":{"start":{"line":61,"column":12},"end":{"line":63,"column":13}},"25":{"start":{"line":62,"column":16},"end":{"line":62,"column":72}},"26":{"start":{"line":66,"column":8},"end":{"line":71,"column":9}},"27":{"start":{"line":67,"column":27},"end":{"line":67,"column":51}},"28":{"start":{"line":68,"column":12},"end":{"line":70,"column":13}},"29":{"start":{"line":69,"column":16},"end":{"line":69,"column":74}},"30":{"start":{"line":73,"column":8},"end":{"line":78,"column":9}},"31":{"start":{"line":74,"column":77},"end":{"line":74,"column":112}},"32":{"start":{"line":75,"column":12},"end":{"line":77,"column":13}},"33":{"start":{"line":76,"column":16},"end":{"line":76,"column":79}},"34":{"start":{"line":80,"column":8},"end":{"line":80,"column":35}},"35":{"start":{"line":84,"column":22},"end":{"line":84,"column":24}},"36":{"start":{"line":85,"column":24},"end":{"line":85,"column":28}},"37":{"start":{"line":87,"column":8},"end":{"line":100,"column":9}},"38":{"start":{"line":92,"column":16},"end":{"line":92,"column":48}},"39":{"start":{"line":93,"column":16},"end":{"line":93,"column":34}},"40":{"start":{"line":95,"column":24},"end":{"line":95,"column":58}},"41":{"start":{"line":96,"column":12},"end":{"line":99,"column":13}},"42":{"start":{"line":97,"column":16},"end":{"line":97,"column":48}},"43":{"start":{"line":98,"column":16},"end":{"line":98,"column":34}},"44":{"start":{"line":102,"column":8},"end":{"line":102,"column":58}},"45":{"start":{"line":106,"column":22},"end":{"line":106,"column":24}},"46":{"start":{"line":107,"column":24},"end":{"line":107,"column":28}},"47":{"start":{"line":109,"column":8},"end":{"line":122,"column":9}},"48":{"start":{"line":114,"column":16},"end":{"line":114,"column":48}},"49":{"start":{"line":115,"column":16},"end":{"line":115,"column":34}},"50":{"start":{"line":117,"column":24},"end":{"line":117,"column":58}},"51":{"start":{"line":118,"column":12},"end":{"line":121,"column":13}},"52":{"start":{"line":119,"column":16},"end":{"line":119,"column":48}},"53":{"start":{"line":120,"column":16},"end":{"line":120,"column":34}},"54":{"start":{"line":124,"column":8},"end":{"line":124,"column":58}}},"fnMap":{"0":{"name":"(anonymous_0)","decl":{"start":{"line":13,"column":4},"end":{"line":13,"column":5}},"loc":{"start":{"line":13,"column":45},"end":{"line":40,"column":5}},"line":13},"1":{"name":"(anonymous_1)","decl":{"start":{"line":42,"column":4},"end":{"line":42,"column":5}},"loc":{"start":{"line":42,"column":45},"end":{"line":81,"column":5}},"line":42},"2":{"name":"(anonymous_2)","decl":{"start":{"line":83,"column":4},"end":{"line":83,"column":5}},"loc":{"start":{"line":83,"column":51},"end":{"line":103,"column":5}},"line":83},"3":{"name":"(anonymous_3)","decl":{"start":{"line":105,"column":4},"end":{"line":105,"column":5}},"loc":{"start":{"line":105,"column":51},"end":{"line":125,"column":5}},"line":105}},"branchMap":{"0":{"loc":{"start":{"line":15,"column":8},"end":{"line":17,"column":9}},"type":"if","locations":[{"start":{"line":15,"column":8},"end":{"line":17,"column":9}},{"start":{"line":15,"column":8},"end":{"line":17,"column":9}}],"line":15},"1":{"loc":{"start":{"line":15,"column":13},"end":{"line":15,"column":50}},"type":"binary-expr","locations":[{"start":{"line":15,"column":13},"end":{"line":15,"column":27}},{"start":{"line":15,"column":31},"end":{"line":15,"column":50}}],"line":15},"2":{"loc":{"start":{"line":19,"column":8},"end":{"line":23,"column":9}},"type":"if","locations":[{"start":{"line":19,"column":8},"end":{"line":23,"column":9}},{"start":{"line":19,"column":8},"end":{"line":23,"column":9}}],"line":19},"3":{"loc":{"start":{"line":20,"column":12},"end":{"line":22,"column":13}},"type":"if","locations":[{"start":{"line":20,"column":12},"end":{"line":22,"column":13}},{"start":{"line":20,"column":12},"end":{"line":22,"column":13}}],"line":20},"4":{"loc":{"start":{"line":20,"column":16},"end":{"line":20,"column":102}},"type":"binary-expr","locations":[{"start":{"line":20,"column":16},"end":{"line":20,"column":32}},{"start":{"line":20,"column":36},"end":{"line":20,"column":57}},{"start":{"line":20,"column":61},"end":{"line":20,"column":79}},{"start":{"line":20,"column":83},"end":{"line":20,"column":102}}],"line":20},"5":{"loc":{"start":{"line":25,"column":8},"end":{"line":30,"column":9}},"type":"if","locations":[{"start":{"line":25,"column":8},"end":{"line":30,"column":9}},{"start":{"line":25,"column":8},"end":{"line":30,"column":9}}],"line":25},"6":{"loc":{"start":{"line":27,"column":12},"end":{"line":29,"column":13}},"type":"if","locations":[{"start":{"line":27,"column":12},"end":{"line":29,"column":13}},{"start":{"line":27,"column":12},"end":{"line":29,"column":13}}],"line":27},"7":{"loc":{"start":{"line":27,"column":16},"end":{"line":27,"column":107}},"type":"binary-expr","locations":[{"start":{"line":27,"column":16},"end":{"line":27,"column":33}},{"start":{"line":27,"column":37},"end":{"line":27,"column":67}},{"start":{"line":27,"column":71},"end":{"line":27,"column":85}},{"start":{"line":27,"column":89},"end":{"line":27,"column":107}}],"line":27},"8":{"loc":{"start":{"line":32,"column":8},"end":{"line":37,"column":9}},"type":"if","locations":[{"start":{"line":32,"column":8},"end":{"line":37,"column":9}},{"start":{"line":32,"column":8},"end":{"line":37,"column":9}}],"line":32},"9":{"loc":{"start":{"line":34,"column":12},"end":{"line":36,"column":13}},"type":"if","locations":[{"start":{"line":34,"column":12},"end":{"line":36,"column":13}},{"start":{"line":34,"column":12},"end":{"line":36,"column":13}}],"line":34},"10":{"loc":{"start":{"line":34,"column":16},"end":{"line":34,"column":96}},"type":"binary-expr","locations":[{"start":{"line":34,"column":16},"end":{"line":34,"column":31}},{"start":{"line":34,"column":35},"end":{"line":34,"column":61}},{"start":{"line":34,"column":65},"end":{"line":34,"column":77}},{"start":{"line":34,"column":81},"end":{"line":34,"column":96}}],"line":34},"11":{"loc":{"start":{"line":44,"column":8},"end":{"line":46,"column":9}},"type":"if","locations":[{"start":{"line":44,"column":8},"end":{"line":46,"column":9}},{"start":{"line":44,"column":8},"end":{"line":46,"column":9}}],"line":44},"12":{"loc":{"start":{"line":44,"column":13},"end":{"line":44,"column":50}},"type":"binary-expr","locations":[{"start":{"line":44,"column":13},"end":{"line":44,"column":27}},{"start":{"line":44,"column":31},"end":{"line":44,"column":50}}],"line":44},"13":{"loc":{"start":{"line":49,"column":8},"end":{"line":51,"column":9}},"type":"if","locations":[{"start":{"line":49,"column":8},"end":{"line":51,"column":9}},{"start":{"line":49,"column":8},"end":{"line":51,"column":9}}],"line":49},"14":{"loc":{"start":{"line":53,"column":8},"end":{"line":57,"column":9}},"type":"if","locations":[{"start":{"line":53,"column":8},"end":{"line":57,"column":9}},{"start":{"line":53,"column":8},"end":{"line":57,"column":9}}],"line":53},"15":{"loc":{"start":{"line":54,"column":12},"end":{"line":56,"column":13}},"type":"if","locations":[{"start":{"line":54,"column":12},"end":{"line":56,"column":13}},{"start":{"line":54,"column":12},"end":{"line":56,"column":13}}],"line":54},"16":{"loc":{"start":{"line":54,"column":16},"end":{"line":54,"column":118}},"type":"binary-expr","locations":[{"start":{"line":54,"column":16},"end":{"line":54,"column":36}},{"start":{"line":54,"column":40},"end":{"line":54,"column":65}},{"start":{"line":54,"column":69},"end":{"line":54,"column":91}},{"start":{"line":54,"column":95},"end":{"line":54,"column":118}}],"line":54},"17":{"loc":{"start":{"line":59,"column":8},"end":{"line":64,"column":9}},"type":"if","locations":[{"start":{"line":59,"column":8},"end":{"line":64,"column":9}},{"start":{"line":59,"column":8},"end":{"line":64,"column":9}}],"line":59},"18":{"loc":{"start":{"line":61,"column":12},"end":{"line":63,"column":13}},"type":"if","locations":[{"start":{"line":61,"column":12},"end":{"line":63,"column":13}},{"start":{"line":61,"column":12},"end":{"line":63,"column":13}}],"line":61},"19":{"loc":{"start":{"line":61,"column":16},"end":{"line":61,"column":115}},"type":"binary-expr","locations":[{"start":{"line":61,"column":16},"end":{"line":61,"column":27}},{"start":{"line":61,"column":31},"end":{"line":61,"column":49}},{"start":{"line":61,"column":53},"end":{"line":61,"column":64}},{"start":{"line":61,"column":68},"end":{"line":61,"column":115}}],"line":61},"20":{"loc":{"start":{"line":66,"column":8},"end":{"line":71,"column":9}},"type":"if","locations":[{"start":{"line":66,"column":8},"end":{"line":71,"column":9}},{"start":{"line":66,"column":8},"end":{"line":71,"column":9}}],"line":66},"21":{"loc":{"start":{"line":68,"column":12},"end":{"line":70,"column":13}},"type":"if","locations":[{"start":{"line":68,"column":12},"end":{"line":70,"column":13}},{"start":{"line":68,"column":12},"end":{"line":70,"column":13}}],"line":68},"22":{"loc":{"start":{"line":68,"column":16},"end":{"line":68,"column":84}},"type":"binary-expr","locations":[{"start":{"line":68,"column":16},"end":{"line":68,"column":29}},{"start":{"line":68,"column":33},"end":{"line":68,"column":55}},{"start":{"line":68,"column":59},"end":{"line":68,"column":69}},{"start":{"line":68,"column":73},"end":{"line":68,"column":84}}],"line":68},"23":{"loc":{"start":{"line":73,"column":8},"end":{"line":78,"column":9}},"type":"if","locations":[{"start":{"line":73,"column":8},"end":{"line":78,"column":9}},{"start":{"line":73,"column":8},"end":{"line":78,"column":9}}],"line":73},"24":{"loc":{"start":{"line":75,"column":12},"end":{"line":77,"column":13}},"type":"if","locations":[{"start":{"line":75,"column":12},"end":{"line":77,"column":13}},{"start":{"line":75,"column":12},"end":{"line":77,"column":13}}],"line":75},"25":{"loc":{"start":{"line":87,"column":8},"end":{"line":100,"column":9}},"type":"if","locations":[{"start":{"line":87,"column":8},"end":{"line":100,"column":9}},{"start":{"line":87,"column":8},"end":{"line":100,"column":9}}],"line":87},"26":{"loc":{"start":{"line":87,"column":13},"end":{"line":91,"column":43}},"type":"binary-expr","locations":[{"start":{"line":87,"column":13},"end":{"line":87,"column":29}},{"start":{"line":88,"column":12},"end":{"line":88,"column":33}},{"start":{"line":89,"column":12},"end":{"line":89,"column":30}},{"start":{"line":90,"column":12},"end":{"line":90,"column":31}},{"start":{"line":91,"column":12},"end":{"line":91,"column":43}}],"line":87},"27":{"loc":{"start":{"line":96,"column":12},"end":{"line":99,"column":13}},"type":"if","locations":[{"start":{"line":96,"column":12},"end":{"line":99,"column":13}},{"start":{"line":96,"column":12},"end":{"line":99,"column":13}}],"line":96},"28":{"loc":{"start":{"line":96,"column":16},"end":{"line":96,"column":38}},"type":"binary-expr","locations":[{"start":{"line":96,"column":16},"end":{"line":96,"column":26}},{"start":{"line":96,"column":30},"end":{"line":96,"column":38}}],"line":96},"29":{"loc":{"start":{"line":109,"column":8},"end":{"line":122,"column":9}},"type":"if","locations":[{"start":{"line":109,"column":8},"end":{"line":122,"column":9}},{"start":{"line":109,"column":8},"end":{"line":122,"column":9}}],"line":109},"30":{"loc":{"start":{"line":109,"column":13},"end":{"line":113,"column":43}},"type":"binary-expr","locations":[{"start":{"line":109,"column":13},"end":{"line":109,"column":29}},{"start":{"line":110,"column":12},"end":{"line":110,"column":33}},{"start":{"line":111,"column":12},"end":{"line":111,"column":30}},{"start":{"line":112,"column":12},"end":{"line":112,"column":31}},{"start":{"line":113,"column":12},"end":{"line":113,"column":43}}],"line":109},"31":{"loc":{"start":{"line":118,"column":12},"end":{"line":121,"column":13}},"type":"if","locations":[{"start":{"line":118,"column":12},"end":{"line":121,"column":13}},{"start":{"line":118,"column":12},"end":{"line":121,"column":13}}],"line":118},"32":{"loc":{"start":{"line":118,"column":16},"end":{"line":118,"column":38}},"type":"binary-expr","locations":[{"start":{"line":118,"column":16},"end":{"line":118,"column":26}},{"start":{"line":118,"column":30},"end":{"line":118,"column":38}}],"line":118}},"s":{"0":0,"1":0,"2":0,"3":0,"4":0,"5":0,"6":0,"7":0,"8":0,"9":0,"10":0,"11":0,"12":0,"13":0,"14":0,"15":0,"16":0,"17":0,"18":0,"19":0,"20":0,"21":0,"22":0,"23":0,"24":0,"25":0,"26":0,"27":0,"28":0,"29":0,"30":0,"31":0,"32":0,"33":0,"34":0,"35":0,"36":0,"37":0,"38":0,"39":0,"40":0,"41":0,"42":0,"43":0,"44":0,"45":0,"46":0,"47":0,"48":0,"49":0,"50":0,"51":0,"52":0,"53":0,"54":0},"f":{"0":0,"1":0,"2":0,"3":0},"b":{"0":[0,0],"1":[0,0],"2":[0,0],"3":[0,0],"4":[0,0,0,0],"5":[0,0],"6":[0,0],"7":[0,0,0,0],"8":[0,0],"9":[0,0],"10":[0,0,0,0],"11":[0,0],"12":[0,0],"13":[0,0],"14":[0,0],"15":[0,0],"16":[0,0,0,0],"17":[0,0],"18":[0,0],"19":[0,0,0,0],"20":[0,0],"21":[0,0],"22":[0,0,0,0],"23":[0,0],"24":[0,0],"25":[0,0],"26":[0,0,0,0,0],"27":[0,0],"28":[0,0],"29":[0,0],"30":[0,0,0,0,0],"31":[0,0],"32":[0,0]},"all":true},"/mnt/c/code/retaildevcrews/helium-typescript/src/utilities/versionUtilities.ts":{"path":"/mnt/c/code/retaildevcrews/helium-typescript/src/utilities/versionUtilities.ts","statementMap":{"0":{"start":{"line":11,"column":30},"end":{"line":11,"column":81}},"1":{"start":{"line":14,"column":24},"end":{"line":15,"column":85}},"2":{"start":{"line":17,"column":8},"end":{"line":17,"column":23}}},"fnMap":{"0":{"name":"(anonymous_0)","decl":{"start":{"line":10,"column":4},"end":{"line":10,"column":5}},"loc":{"start":{"line":10,"column":44},"end":{"line":18,"column":5}},"line":10}},"branchMap":{},"s":{"0":0,"1":0,"2":0},"f":{"0":0},"b":{},"all":true}}