{"/mnt/c/code/retaildevcrews/helium-typescript/src/controllers/index.ts":{"path":"/mnt/c/code/retaildevcrews/helium-typescript/src/controllers/index.ts","statementMap":{"0":{"start":{"line":2,"column":0},"end":{"line":2,"column":62}},"1":{"start":{"line":3,"column":24},"end":{"line":3,"column":52}},"2":{"start":{"line":4,"column":0},"end":{"line":4,"column":60}},"3":{"start":{"line":5,"column":27},"end":{"line":5,"column":58}},"4":{"start":{"line":6,"column":0},"end":{"line":6,"column":69}},"5":{"start":{"line":7,"column":24},"end":{"line":7,"column":52}},"6":{"start":{"line":8,"column":0},"end":{"line":8,"column":60}},"7":{"start":{"line":9,"column":26},"end":{"line":9,"column":56}},"8":{"start":{"line":10,"column":0},"end":{"line":10,"column":66}},"9":{"start":{"line":11,"column":24},"end":{"line":11,"column":52}},"10":{"start":{"line":12,"column":0},"end":{"line":12,"column":60}}},"fnMap":{},"branchMap":{},"s":{"0":1,"1":1,"2":1,"3":1,"4":1,"5":1,"6":1,"7":1,"8":1,"9":1,"10":1},"f":{},"b":{},"inputSourceMap":{"version":3,"file":"/mnt/c/code/retaildevcrews/helium-typescript/src/controllers/index.ts","sources":["/mnt/c/code/retaildevcrews/helium-typescript/src/controllers/index.ts"],"names":[],"mappings":";;AAAA,qDAAoD;AAA3C,4CAAA,eAAe,CAAA;AACxB,2DAA0D;AAAjD,kDAAA,kBAAkB,CAAA;AAC3B,qDAAoD;AAA3C,4CAAA,eAAe,CAAA;AACxB,yDAAwD;AAA/C,gDAAA,iBAAiB,CAAA;AAC1B,qDAAoD;AAA3C,4CAAA,eAAe,CAAA","sourcesContent":["export { ActorController } from \"./ActorController\";\nexport { FeaturedController } from \"./FeaturedController\";\nexport { GenreController } from \"./GenreController\";\nexport { HealthzController } from \"./HealthzController\";\nexport { MovieController } from \"./MovieController\";\n"]},"_coverageSchema":"1a1c01bbd47fc00a2c39e90264f33305004495a9","hash":"e459c371b361a27e86a1b9d8ca42b869a9e79f3e"},"/mnt/c/code/retaildevcrews/helium-typescript/src/controllers/ActorController.ts":{"path":"/mnt/c/code/retaildevcrews/helium-typescript/src/controllers/ActorController.ts","statementMap":{"0":{"start":{"line":2,"column":17},"end":{"line":7,"column":1}},"1":{"start":{"line":3,"column":12},"end":{"line":3,"column":28}},"2":{"start":{"line":3,"column":34},"end":{"line":3,"column":125}},"3":{"start":{"line":4,"column":4},"end":{"line":5,"column":150}},"4":{"start":{"line":4,"column":79},"end":{"line":4,"column":131}},"5":{"start":{"line":5,"column":9},"end":{"line":5,"column":150}},"6":{"start":{"line":5,"column":22},"end":{"line":5,"column":43}},"7":{"start":{"line":5,"column":58},"end":{"line":5,"column":150}},"8":{"start":{"line":5,"column":81},"end":{"line":5,"column":150}},"9":{"start":{"line":6,"column":4},"end":{"line":6,"column":66}},"10":{"start":{"line":8,"column":17},"end":{"line":10,"column":1}},"11":{"start":{"line":9,"column":4},"end":{"line":9,"column":109}},"12":{"start":{"line":9,"column":79},"end":{"line":9,"column":109}},"13":{"start":{"line":11,"column":14},"end":{"line":13,"column":1}},"14":{"start":{"line":12,"column":4},"end":{"line":12,"column":73}},"15":{"start":{"line":12,"column":36},"end":{"line":12,"column":71}},"16":{"start":{"line":14,"column":16},"end":{"line":22,"column":1}},"17":{"start":{"line":15,"column":28},"end":{"line":15,"column":110}},"18":{"start":{"line":15,"column":91},"end":{"line":15,"column":106}},"19":{"start":{"line":16,"column":4},"end":{"line":21,"column":7}},"20":{"start":{"line":17,"column":36},"end":{"line":17,"column":97}},"21":{"start":{"line":17,"column":42},"end":{"line":17,"column":70}},"22":{"start":{"line":17,"column":85},"end":{"line":17,"column":95}},"23":{"start":{"line":18,"column":35},"end":{"line":18,"column":100}},"24":{"start":{"line":18,"column":41},"end":{"line":18,"column":73}},"25":{"start":{"line":18,"column":88},"end":{"line":18,"column":98}},"26":{"start":{"line":19,"column":32},"end":{"line":19,"column":116}},"27":{"start":{"line":20,"column":8},"end":{"line":20,"column":78}},"28":{"start":{"line":24,"column":0},"end":{"line":24,"column":62}},"29":{"start":{"line":25,"column":20},"end":{"line":25,"column":40}},"30":{"start":{"line":26,"column":34},"end":{"line":26,"column":68}},"31":{"start":{"line":27,"column":18},"end":{"line":27,"column":36}},"32":{"start":{"line":28,"column":19},"end":{"line":28,"column":47}},"33":{"start":{"line":29,"column":22},"end":{"line":29,"column":56}},"34":{"start":{"line":30,"column":21},"end":{"line":30,"column":54}},"35":{"start":{"line":31,"column":16},"end":{"line":31,"column":42}},"36":{"start":{"line":32,"column":30},"end":{"line":32,"column":73}},"37":{"start":{"line":34,"column":22},"end":{"line":154,"column":1}},"38":{"start":{"line":37,"column":8},"end":{"line":37,"column":39}},"39":{"start":{"line":38,"column":8},"end":{"line":38,"column":29}},"40":{"start":{"line":79,"column":8},"end":{"line":98,"column":11}},"41":{"start":{"line":81,"column":63},"end":{"line":81,"column":130}},"42":{"start":{"line":82,"column":12},"end":{"line":86,"column":13}},"43":{"start":{"line":83,"column":16},"end":{"line":83,"column":60}},"44":{"start":{"line":84,"column":16},"end":{"line":84,"column":88}},"45":{"start":{"line":85,"column":16},"end":{"line":85,"column":65}},"46":{"start":{"line":87,"column":26},"end":{"line":87,"column":39}},"47":{"start":{"line":90,"column":12},"end":{"line":96,"column":13}},"48":{"start":{"line":91,"column":16},"end":{"line":91,"column":72}},"49":{"start":{"line":94,"column":16},"end":{"line":94,"column":103}},"50":{"start":{"line":95,"column":16},"end":{"line":95,"column":59}},"51":{"start":{"line":97,"column":12},"end":{"line":97,"column":46}},"52":{"start":{"line":128,"column":8},"end":{"line":152,"column":11}},"53":{"start":{"line":130,"column":28},"end":{"line":130,"column":41}},"54":{"start":{"line":131,"column":63},"end":{"line":131,"column":129}},"55":{"start":{"line":132,"column":12},"end":{"line":136,"column":13}},"56":{"start":{"line":133,"column":16},"end":{"line":133,"column":60}},"57":{"start":{"line":134,"column":16},"end":{"line":134,"column":77}},"58":{"start":{"line":135,"column":16},"end":{"line":135,"column":65}},"59":{"start":{"line":137,"column":26},"end":{"line":137,"column":39}},"60":{"start":{"line":139,"column":12},"end":{"line":150,"column":13}},"61":{"start":{"line":140,"column":16},"end":{"line":140,"column":88}},"62":{"start":{"line":143,"column":16},"end":{"line":143,"column":40}},"63":{"start":{"line":144,"column":16},"end":{"line":149,"column":17}},"64":{"start":{"line":145,"column":20},"end":{"line":145,"column":51}},"65":{"start":{"line":148,"column":20},"end":{"line":148,"column":63}},"66":{"start":{"line":151,"column":12},"end":{"line":151,"column":45}},"67":{"start":{"line":155,"column":0},"end":{"line":160,"column":52}},"68":{"start":{"line":161,"column":0},"end":{"line":166,"column":52}},"69":{"start":{"line":167,"column":0},"end":{"line":173,"column":20}},"70":{"start":{"line":174,"column":0},"end":{"line":174,"column":42}}},"fnMap":{"0":{"name":"(anonymous_0)","decl":{"start":{"line":2,"column":46},"end":{"line":2,"column":47}},"loc":{"start":{"line":2,"column":87},"end":{"line":7,"column":1}},"line":2},"1":{"name":"(anonymous_1)","decl":{"start":{"line":8,"column":46},"end":{"line":8,"column":47}},"loc":{"start":{"line":8,"column":62},"end":{"line":10,"column":1}},"line":8},"2":{"name":"(anonymous_2)","decl":{"start":{"line":11,"column":40},"end":{"line":11,"column":41}},"loc":{"start":{"line":11,"column":73},"end":{"line":13,"column":1}},"line":11},"3":{"name":"(anonymous_3)","decl":{"start":{"line":12,"column":11},"end":{"line":12,"column":12}},"loc":{"start":{"line":12,"column":34},"end":{"line":12,"column":73}},"line":12},"4":{"name":"(anonymous_4)","decl":{"start":{"line":14,"column":44},"end":{"line":14,"column":45}},"loc":{"start":{"line":14,"column":89},"end":{"line":22,"column":1}},"line":14},"5":{"name":"adopt","decl":{"start":{"line":15,"column":13},"end":{"line":15,"column":18}},"loc":{"start":{"line":15,"column":26},"end":{"line":15,"column":112}},"line":15},"6":{"name":"(anonymous_6)","decl":{"start":{"line":15,"column":70},"end":{"line":15,"column":71}},"loc":{"start":{"line":15,"column":89},"end":{"line":15,"column":108}},"line":15},"7":{"name":"(anonymous_7)","decl":{"start":{"line":16,"column":36},"end":{"line":16,"column":37}},"loc":{"start":{"line":16,"column":63},"end":{"line":21,"column":5}},"line":16},"8":{"name":"fulfilled","decl":{"start":{"line":17,"column":17},"end":{"line":17,"column":26}},"loc":{"start":{"line":17,"column":34},"end":{"line":17,"column":99}},"line":17},"9":{"name":"rejected","decl":{"start":{"line":18,"column":17},"end":{"line":18,"column":25}},"loc":{"start":{"line":18,"column":33},"end":{"line":18,"column":102}},"line":18},"10":{"name":"step","decl":{"start":{"line":19,"column":17},"end":{"line":19,"column":21}},"loc":{"start":{"line":19,"column":30},"end":{"line":19,"column":118}},"line":19},"11":{"name":"(anonymous_11)","decl":{"start":{"line":36,"column":4},"end":{"line":36,"column":5}},"loc":{"start":{"line":36,"column":37},"end":{"line":39,"column":5}},"line":36},"12":{"name":"(anonymous_12)","decl":{"start":{"line":78,"column":4},"end":{"line":78,"column":5}},"loc":{"start":{"line":78,"column":27},"end":{"line":99,"column":5}},"line":78},"13":{"name":"(anonymous_13)","decl":{"start":{"line":79,"column":47},"end":{"line":79,"column":48}},"loc":{"start":{"line":79,"column":60},"end":{"line":98,"column":9}},"line":79},"14":{"name":"(anonymous_14)","decl":{"start":{"line":127,"column":4},"end":{"line":127,"column":5}},"loc":{"start":{"line":127,"column":27},"end":{"line":153,"column":5}},"line":127},"15":{"name":"(anonymous_15)","decl":{"start":{"line":128,"column":47},"end":{"line":128,"column":48}},"loc":{"start":{"line":128,"column":60},"end":{"line":152,"column":9}},"line":128}},"branchMap":{"0":{"loc":{"start":{"line":2,"column":17},"end":{"line":7,"column":1}},"type":"binary-expr","locations":[{"start":{"line":2,"column":18},"end":{"line":2,"column":22}},{"start":{"line":2,"column":26},"end":{"line":2,"column":41}},{"start":{"line":2,"column":46},"end":{"line":7,"column":1}}],"line":2},"1":{"loc":{"start":{"line":3,"column":34},"end":{"line":3,"column":125}},"type":"cond-expr","locations":[{"start":{"line":3,"column":42},"end":{"line":3,"column":48}},{"start":{"line":3,"column":51},"end":{"line":3,"column":125}}],"line":3},"2":{"loc":{"start":{"line":3,"column":51},"end":{"line":3,"column":125}},"type":"cond-expr","locations":[{"start":{"line":3,"column":67},"end":{"line":3,"column":118}},{"start":{"line":3,"column":121},"end":{"line":3,"column":125}}],"line":3},"3":{"loc":{"start":{"line":4,"column":4},"end":{"line":5,"column":150}},"type":"if","locations":[{"start":{"line":4,"column":4},"end":{"line":5,"column":150}},{"start":{"line":4,"column":4},"end":{"line":5,"column":150}}],"line":4},"4":{"loc":{"start":{"line":4,"column":8},"end":{"line":4,"column":77}},"type":"binary-expr","locations":[{"start":{"line":4,"column":8},"end":{"line":4,"column":35}},{"start":{"line":4,"column":39},"end":{"line":4,"column":77}}],"line":4},"5":{"loc":{"start":{"line":5,"column":58},"end":{"line":5,"column":150}},"type":"if","locations":[{"start":{"line":5,"column":58},"end":{"line":5,"column":150}},{"start":{"line":5,"column":58},"end":{"line":5,"column":150}}],"line":5},"6":{"loc":{"start":{"line":5,"column":85},"end":{"line":5,"column":149}},"type":"binary-expr","locations":[{"start":{"line":5,"column":86},"end":{"line":5,"column":143}},{"start":{"line":5,"column":148},"end":{"line":5,"column":149}}],"line":5},"7":{"loc":{"start":{"line":5,"column":86},"end":{"line":5,"column":143}},"type":"cond-expr","locations":[{"start":{"line":5,"column":94},"end":{"line":5,"column":98}},{"start":{"line":5,"column":101},"end":{"line":5,"column":143}}],"line":5},"8":{"loc":{"start":{"line":5,"column":101},"end":{"line":5,"column":143}},"type":"cond-expr","locations":[{"start":{"line":5,"column":109},"end":{"line":5,"column":126}},{"start":{"line":5,"column":129},"end":{"line":5,"column":143}}],"line":5},"9":{"loc":{"start":{"line":6,"column":11},"end":{"line":6,"column":62}},"type":"binary-expr","locations":[{"start":{"line":6,"column":11},"end":{"line":6,"column":16}},{"start":{"line":6,"column":20},"end":{"line":6,"column":21}},{"start":{"line":6,"column":25},"end":{"line":6,"column":62}}],"line":6},"10":{"loc":{"start":{"line":8,"column":17},"end":{"line":10,"column":1}},"type":"binary-expr","locations":[{"start":{"line":8,"column":18},"end":{"line":8,"column":22}},{"start":{"line":8,"column":26},"end":{"line":8,"column":41}},{"start":{"line":8,"column":46},"end":{"line":10,"column":1}}],"line":8},"11":{"loc":{"start":{"line":9,"column":4},"end":{"line":9,"column":109}},"type":"if","locations":[{"start":{"line":9,"column":4},"end":{"line":9,"column":109}},{"start":{"line":9,"column":4},"end":{"line":9,"column":109}}],"line":9},"12":{"loc":{"start":{"line":9,"column":8},"end":{"line":9,"column":77}},"type":"binary-expr","locations":[{"start":{"line":9,"column":8},"end":{"line":9,"column":35}},{"start":{"line":9,"column":39},"end":{"line":9,"column":77}}],"line":9},"13":{"loc":{"start":{"line":11,"column":14},"end":{"line":13,"column":1}},"type":"binary-expr","locations":[{"start":{"line":11,"column":15},"end":{"line":11,"column":19}},{"start":{"line":11,"column":23},"end":{"line":11,"column":35}},{"start":{"line":11,"column":40},"end":{"line":13,"column":1}}],"line":11},"14":{"loc":{"start":{"line":14,"column":16},"end":{"line":22,"column":1}},"type":"binary-expr","locations":[{"start":{"line":14,"column":17},"end":{"line":14,"column":21}},{"start":{"line":14,"column":25},"end":{"line":14,"column":39}},{"start":{"line":14,"column":44},"end":{"line":22,"column":1}}],"line":14},"15":{"loc":{"start":{"line":15,"column":35},"end":{"line":15,"column":109}},"type":"cond-expr","locations":[{"start":{"line":15,"column":56},"end":{"line":15,"column":61}},{"start":{"line":15,"column":64},"end":{"line":15,"column":109}}],"line":15},"16":{"loc":{"start":{"line":16,"column":16},"end":{"line":16,"column":34}},"type":"binary-expr","locations":[{"start":{"line":16,"column":16},"end":{"line":16,"column":17}},{"start":{"line":16,"column":22},"end":{"line":16,"column":33}}],"line":16},"17":{"loc":{"start":{"line":19,"column":32},"end":{"line":19,"column":115}},"type":"cond-expr","locations":[{"start":{"line":19,"column":46},"end":{"line":19,"column":67}},{"start":{"line":19,"column":70},"end":{"line":19,"column":115}}],"line":19},"18":{"loc":{"start":{"line":20,"column":51},"end":{"line":20,"column":67}},"type":"binary-expr","locations":[{"start":{"line":20,"column":51},"end":{"line":20,"column":61}},{"start":{"line":20,"column":65},"end":{"line":20,"column":67}}],"line":20},"19":{"loc":{"start":{"line":82,"column":12},"end":{"line":86,"column":13}},"type":"if","locations":[{"start":{"line":82,"column":12},"end":{"line":86,"column":13}},{"start":{"line":82,"column":12},"end":{"line":86,"column":13}}],"line":82},"20":{"loc":{"start":{"line":132,"column":12},"end":{"line":136,"column":13}},"type":"if","locations":[{"start":{"line":132,"column":12},"end":{"line":136,"column":13}},{"start":{"line":132,"column":12},"end":{"line":136,"column":13}}],"line":132},"21":{"loc":{"start":{"line":144,"column":16},"end":{"line":149,"column":17}},"type":"if","locations":[{"start":{"line":144,"column":16},"end":{"line":149,"column":17}},{"start":{"line":144,"column":16},"end":{"line":149,"column":17}}],"line":144},"22":{"loc":{"start":{"line":158,"column":37},"end":{"line":158,"column":141}},"type":"cond-expr","locations":[{"start":{"line":158,"column":130},"end":{"line":158,"column":132}},{"start":{"line":158,"column":135},"end":{"line":158,"column":141}}],"line":158},"23":{"loc":{"start":{"line":158,"column":50},"end":{"line":158,"column":111}},"type":"binary-expr","locations":[{"start":{"line":158,"column":50},"end":{"line":158,"column":90}},{"start":{"line":158,"column":94},"end":{"line":158,"column":111}}],"line":158},"24":{"loc":{"start":{"line":172,"column":37},"end":{"line":172,"column":157}},"type":"cond-expr","locations":[{"start":{"line":172,"column":146},"end":{"line":172,"column":148}},{"start":{"line":172,"column":151},"end":{"line":172,"column":157}}],"line":172},"25":{"loc":{"start":{"line":172,"column":50},"end":{"line":172,"column":127}},"type":"binary-expr","locations":[{"start":{"line":172,"column":50},"end":{"line":172,"column":98}},{"start":{"line":172,"column":102},"end":{"line":172,"column":127}}],"line":172},"26":{"loc":{"start":{"line":172,"column":159},"end":{"line":172,"column":275}},"type":"cond-expr","locations":[{"start":{"line":172,"column":264},"end":{"line":172,"column":266}},{"start":{"line":172,"column":269},"end":{"line":172,"column":275}}],"line":172},"27":{"loc":{"start":{"line":172,"column":172},"end":{"line":172,"column":245}},"type":"binary-expr","locations":[{"start":{"line":172,"column":172},"end":{"line":172,"column":218}},{"start":{"line":172,"column":222},"end":{"line":172,"column":245}}],"line":172}},"s":{"0":1,"1":3,"2":3,"3":3,"4":3,"5":0,"6":0,"7":0,"8":0,"9":3,"10":1,"11":7,"12":7,"13":1,"14":2,"15":2,"16":1,"17":4,"18":0,"19":22,"20":3,"21":3,"22":0,"23":1,"24":1,"25":0,"26":26,"27":22,"28":1,"29":1,"30":1,"31":1,"32":1,"33":1,"34":1,"35":1,"36":1,"37":1,"38":23,"39":23,"40":14,"41":14,"42":14,"43":12,"44":12,"45":12,"46":2,"47":2,"48":2,"49":0,"50":0,"51":2,"52":8,"53":8,"54":8,"55":8,"56":6,"57":6,"58":6,"59":2,"60":2,"61":2,"62":1,"63":1,"64":1,"65":0,"66":2,"67":1,"68":1,"69":1,"70":1},"f":{"0":3,"1":7,"2":2,"3":2,"4":22,"5":4,"6":0,"7":22,"8":3,"9":1,"10":26,"11":23,"12":14,"13":14,"14":8,"15":8},"b":{"0":[1,1,1],"1":[1,2],"2":[2,0],"3":[3,0],"4":[3,3],"5":[0,0],"6":[0,0],"7":[0,0],"8":[0,0],"9":[3,2,2],"10":[1,1,1],"11":[7,0],"12":[7,7],"13":[1,1,1],"14":[1,1,1],"15":[4,0],"16":[22,22],"17":[22,4],"18":[22,22],"19":[12,2],"20":[6,2],"21":[1,0],"22":[0,1],"23":[1,0],"24":[0,1],"25":[1,0],"26":[0,1],"27":[1,0]},"inputSourceMap":{"version":3,"file":"/mnt/c/code/retaildevcrews/helium-typescript/src/controllers/ActorController.ts","sources":["/mnt/c/code/retaildevcrews/helium-typescript/src/controllers/ActorController.ts"],"names":[],"mappings":";;;;;;;;;;;;;;;;;;;;;;;;AAAA,yCAA+C;AAC/C,qEAAsE;AACtE,qCAAkC;AAClC,gDAAgD;AAChD,yDAAsD;AACtD,uDAAoD;AACpD,2CAAwC;AACxC,0EAAuE;AAEvE,oDAAoD;AAGpD,IAAa,eAAe,GAA5B,MAAa,eAAe;IAExB,mCAAmC;IACnC,YACmC,WAAwB,EACzB,MAAkB;QADjB,gBAAW,GAAX,WAAW,CAAa;QACzB,WAAM,GAAN,MAAM,CAAY;IAGpD,CAAC;IAED;;;;;;;;;;;;;;;;;;;;;;;;;;;;;;;;;;;;;OAqCG;IAEU,YAAY,CAAC,GAAY,EAAE,GAAG;;YACvC,4BAA4B;YAC5B,MAAM,EAAE,SAAS,EAAE,SAAS,EAAE,OAAO,EAAE,OAAO,EAAE,GAAG,yCAAmB,CAAC,cAAc,CAAC,GAAG,CAAC,KAAK,CAAC,CAAC;YAEjG,IAAI,CAAC,SAAS,EAAE;gBACZ,GAAG,CAAC,SAAS,CAAC,cAAc,EAAE,YAAY,CAAC,CAAC;gBAC5C,IAAI,CAAC,MAAM,CAAC,KAAK,CAAC,mBAAmB,GAAG,cAAc,GAAG,GAAG,GAAG,OAAO,CAAC,CAAC;gBACxE,OAAO,GAAG,CAAC,IAAI,CAAC,UAAU,CAAC,WAAW,EAAE,OAAO,CAAC,CAAC;aACpD;YAED,IAAI,OAAO,GAAW,UAAU,CAAC,EAAE,CAAC;YACpC,IAAI,OAAgB,CAAC;YAErB,gBAAgB;YAChB,IAAI;gBACA,OAAO,GAAG,MAAM,IAAI,CAAC,WAAW,CAAC,WAAW,CAAC,GAAG,CAAC,KAAK,CAAC,CAAC;aAC3D;YAAC,OAAO,GAAG,EAAE;gBAEV,IAAI,CAAC,MAAM,CAAC,KAAK,CAAC,KAAK,EAAE,EAAE,kCAAkC,GAAG,GAAG,CAAC,IAAI,GAAG,IAAI,GAAG,GAAG,CAAC,CAAC;gBACvF,OAAO,GAAG,UAAU,CAAC,qBAAqB,CAAC;aAC9C;YAED,OAAO,GAAG,CAAC,IAAI,CAAC,OAAO,EAAE,OAAO,CAAC,CAAC;QACtC,CAAC;KAAA;IAED;;;;;;;;;;;;;;;;;;;;;;;;;;OA0BG;IAEU,YAAY,CAAC,GAAG,EAAE,GAAG;;YAC9B,8BAA8B;YAC9B,MAAM,OAAO,GAAW,GAAG,CAAC,MAAM,CAAC,EAAE,CAAC;YACtC,MAAM,EAAE,SAAS,EAAE,SAAS,EAAE,OAAO,EAAE,OAAO,EAAE,GAAG,yCAAmB,CAAC,eAAe,CAAC,OAAO,CAAC,CAAC;YAEhG,IAAI,CAAC,SAAS,EAAE;gBACZ,GAAG,CAAC,SAAS,CAAC,cAAc,EAAE,YAAY,CAAC,CAAC;gBAC5C,IAAI,CAAC,MAAM,CAAC,KAAK,CAAC,eAAe,GAAG,OAAO,GAAG,GAAG,GAAG,OAAO,CAAC,CAAC;gBAC7D,OAAO,GAAG,CAAC,IAAI,CAAC,UAAU,CAAC,WAAW,EAAE,OAAO,CAAC,CAAC;aACpD;YAED,IAAI,OAAO,GAAW,UAAU,CAAC,EAAE,CAAC;YACpC,IAAI,MAAa,CAAC;YAClB,IAAI;gBACA,MAAM,GAAG,IAAI,aAAK,CAAC,MAAM,IAAI,CAAC,WAAW,CAAC,WAAW,CAAC,OAAO,CAAC,CAAC,CAAC;aACnE;YAAC,OAAO,GAAG,EAAE;gBACV,MAAM,GAAG,GAAG,CAAC,QAAQ,EAAE,CAAC;gBAExB,IAAI,GAAG,CAAC,QAAQ,EAAE,CAAC,QAAQ,CAAC,KAAK,CAAC,EAAE;oBAChC,OAAO,GAAG,UAAU,CAAC,SAAS,CAAC;iBAClC;qBAAM;oBACH,OAAO,GAAG,UAAU,CAAC,qBAAqB,CAAC;iBAC9C;aACJ;YAED,OAAO,GAAG,CAAC,IAAI,CAAC,OAAO,EAAE,MAAM,CAAC,CAAC;QACrC,CAAC;KAAA;CACJ,CAAA;AAhFG;IADC,6BAAG,CAAC,GAAG,CAAC;;yDACsB,iBAAO,oBAAP,iBAAO;;mDAuBrC;AA8BD;IADC,6BAAG,CAAC,MAAM,CAAC;;;;mDA2BX;AAhIQ,eAAe;IAF3B,oCAAU,CAAC,aAAa,CAAC;IACzB,sBAAU,EAAE;IAKJ,WAAA,kBAAM,CAAC,aAAa,CAAC,CAAA;IACrB,WAAA,kBAAM,CAAC,YAAY,CAAC,CAAA;yDADuB,yBAAW,oBAAX,yBAAW,oDACjB,uBAAU,oBAAV,uBAAU;GAL3C,eAAe,CAiI3B;AAjIY,0CAAe","sourcesContent":["import { inject, injectable } from \"inversify\";\nimport { Controller, Get, interfaces } from \"inversify-restify-utils\";\nimport { Request } from \"restify\";\nimport * as HttpStatus from \"http-status-codes\";\nimport { DataService } from \"../services/DataService\";\nimport { LogService } from \"../services/LogService\";\nimport { Actor } from \"../models/Actor\";\nimport { ValidationUtilities } from \"../utilities/validationUtilities\";\n\n// Controller implementation for our actors endpoint\n@Controller(\"/api/actors\")\n@injectable()\nexport class ActorController implements interfaces.Controller {\n\n    // Instantiate the actor controller\n    constructor(\n        @inject(\"DataService\") private dataService: DataService,\n        @inject(\"LogService\") private logger: LogService\n    ) {\n        \n    }\n\n    /**\n     * @swagger\n     *\n     * /api/actors:\n     *   get:\n     *     description: Retrieve and return all actors.\n     *     tags:\n     *       - Actors\n     *     parameters:\n     *       - name: q\n     *         description: The actor name to filter by.\n     *         in: query\n     *         schema:\n     *           type: string\n     *       - name: pageNumber\n     *         description: 1 based page index\n     *         in: query\n     *         schema:\n     *           type: integer\n     *           default: 1\n     *       - name: pageSize\n     *         description: page size (1000 max)\n     *         in: query\n     *         schema:\n     *           type: integer\n     *           default: 100\n     *     responses:\n     *       '200':\n     *         description: List of actor objects\n     *         content:\n     *           application/json:\n     *             schema:\n     *               type: array\n     *               items:\n     *                 $ref: '#/components/schemas/Actor'\n     *       default:\n     *         description: Unexpected error\n     */\n    @Get(\"/\")\n    public async getAllActors(req: Request, res) {\n        // Validate query parameters\n        const { validated: validated, message: message } = ValidationUtilities.validateCommon(req.query);\n        \n        if (!validated) {\n            res.setHeader(\"Content-Type\", \"text/plain\");\n            this.logger.trace(\"InvalidParameter|\" + \"getAllActors\" + \"|\" + message);\n            return res.send(HttpStatus.BAD_REQUEST, message);\n        }\n\n        let resCode: number = HttpStatus.OK;\n        let results: Actor[];\n\n        // Execute query\n        try {\n            results = await this.dataService.queryActors(req.query);\n        } catch (err) {\n            \n            this.logger.error(Error(), \"DataService exception: Healthz: \" + err.code + \"\\n\" + err);\n            resCode = HttpStatus.INTERNAL_SERVER_ERROR;\n        }\n\n        return res.send(resCode, results);\n    }\n\n    /**\n     * @swagger\n     *\n     * /api/actors/{id}:\n     *   get:\n     *     description: Retrieve and return a single actor by actor ID.\n     *     tags:\n     *       - Actors\n     *     parameters:\n     *       - name: id\n     *         description: The ID of the actor to look for.\n     *         in: path\n     *         required: true\n     *         schema:\n     *           type: string\n     *     responses:\n     *       '200':\n     *         description: The actor object\n     *         content:\n     *           application/json:\n     *             schema:\n     *               $ref: '#/components/schemas/Actor'\n     *       '404':\n     *         description: An actor with the specified ID was not found.\n     *       default:\n     *         description: Unexpected error\n     */\n    @Get(\"/:id\")\n    public async getActorById(req, res) {\n        // Validate Actor Id parameter\n        const actorId: string = req.params.id;\n        const { validated: validated, message: message } = ValidationUtilities.validateActorId(actorId);\n        \n        if (!validated) {\n            res.setHeader(\"Content-Type\", \"text/plain\");\n            this.logger.trace(\"getActorById|\" + actorId + \"|\" + message);\n            return res.send(HttpStatus.BAD_REQUEST, message);\n        }\n\n        let resCode: number = HttpStatus.OK;\n        let result: Actor;\n        try {\n            result = new Actor(await this.dataService.getDocument(actorId));\n        } catch (err) {\n            result = err.toString();\n\n            if (err.toString().includes(\"404\")) {\n                resCode = HttpStatus.NOT_FOUND;\n            } else {\n                resCode = HttpStatus.INTERNAL_SERVER_ERROR;\n            }\n        }\n\n        return res.send(resCode, result);\n    }\n}\n"]},"_coverageSchema":"1a1c01bbd47fc00a2c39e90264f33305004495a9","hash":"3b86472da6838e1dcf2118278099373a875b78d1"},"/mnt/c/code/retaildevcrews/helium-typescript/src/services/DataService.ts":{"path":"/mnt/c/code/retaildevcrews/helium-typescript/src/services/DataService.ts","statementMap":{"0":{"start":{"line":2,"column":0},"end":{"line":2,"column":62}}},"fnMap":{},"branchMap":{},"s":{"0":1},"f":{},"b":{},"inputSourceMap":{"version":3,"file":"/mnt/c/code/retaildevcrews/helium-typescript/src/services/DataService.ts","sources":["/mnt/c/code/retaildevcrews/helium-typescript/src/services/DataService.ts"],"names":[],"mappings":"","sourcesContent":["export interface DataService {\n    ready: Promise<void>;\n    /**\n     * Initialize the Cosmos DB Container.\n     * This is handled in a separate method to avoid calling async operations in the constructor.\n     */\n    initialize();\n\n    /**\n     * Runs the given query against CosmosDB.\n     * @param query The query to select the documents.\n     */\n    queryDocuments(query: string): Promise<any[]>;\n\n    /**\n     * Retrieves a specific document by Id.\n     * @param documentId The id of the document to query.\n     */\n    getDocument(documentId: string): Promise<any>;\n\n    /**\n     * Runs the given query for actors against the database.\n     * @param queryParams The query params used to select the actor documents.\n     */\n    queryActors(queryParams: any): Promise<any[]>;\n\n    /**\n     * Runs the given query for movies against the database.\n     * @param queryParams The query params used to select the movie documents.\n     */\n    queryMovies(queryParams: any): Promise<any[]>;\n}\n"]},"_coverageSchema":"1a1c01bbd47fc00a2c39e90264f33305004495a9","hash":"091368aefb6267fec83f9bf2ed556bf892650260"},"/mnt/c/code/retaildevcrews/helium-typescript/src/services/LogService.ts":{"path":"/mnt/c/code/retaildevcrews/helium-typescript/src/services/LogService.ts","statementMap":{"0":{"start":{"line":6,"column":0},"end":{"line":6,"column":62}}},"fnMap":{},"branchMap":{},"s":{"0":1},"f":{},"b":{},"inputSourceMap":{"version":3,"file":"/mnt/c/code/retaildevcrews/helium-typescript/src/services/LogService.ts","sources":["/mnt/c/code/retaildevcrews/helium-typescript/src/services/LogService.ts"],"names":[],"mappings":";AAAA;;;GAGG","sourcesContent":["/**\n * Logging and Tracing Service Interface\n * that abstracts logging/tracing\n */\n\nexport interface LogService {\n    /**\n     * Logs tracing information\n     * @param message message to trace\n     * @param id custom id to correlate traces\n     */\n\n     trace(message: string, id?: string): void;\n    /**\n     * Logs an error with the error code and the error message string specified\n     * @param error error to log\n     * @param errorMessage Message to log\n     */\n    error(error: Error, errorMessage: string): void;\n}\n"]},"_coverageSchema":"1a1c01bbd47fc00a2c39e90264f33305004495a9","hash":"55064ce95f5173345b3f9d0bb6fbe83ab5c3c234"},"/mnt/c/code/retaildevcrews/helium-typescript/src/models/Actor.ts":{"path":"/mnt/c/code/retaildevcrews/helium-typescript/src/models/Actor.ts","statementMap":{"0":{"start":{"line":2,"column":0},"end":{"line":2,"column":62}},"1":{"start":{"line":47,"column":8},"end":{"line":58,"column":9}},"2":{"start":{"line":48,"column":12},"end":{"line":48,"column":30}},"3":{"start":{"line":49,"column":12},"end":{"line":49,"column":40}},"4":{"start":{"line":50,"column":12},"end":{"line":50,"column":34}},"5":{"start":{"line":51,"column":12},"end":{"line":51,"column":46}},"6":{"start":{"line":52,"column":12},"end":{"line":52,"column":34}},"7":{"start":{"line":53,"column":12},"end":{"line":53,"column":50}},"8":{"start":{"line":54,"column":12},"end":{"line":54,"column":44}},"9":{"start":{"line":55,"column":12},"end":{"line":55,"column":44}},"10":{"start":{"line":56,"column":12},"end":{"line":56,"column":46}},"11":{"start":{"line":57,"column":12},"end":{"line":57,"column":38}},"12":{"start":{"line":61,"column":0},"end":{"line":61,"column":22}}},"fnMap":{"0":{"name":"(anonymous_0)","decl":{"start":{"line":46,"column":4},"end":{"line":46,"column":5}},"loc":{"start":{"line":46,"column":22},"end":{"line":59,"column":5}},"line":46}},"branchMap":{"0":{"loc":{"start":{"line":47,"column":8},"end":{"line":58,"column":9}},"type":"if","locations":[{"start":{"line":47,"column":8},"end":{"line":58,"column":9}},{"start":{"line":47,"column":8},"end":{"line":58,"column":9}}],"line":47}},"s":{"0":1,"1":1,"2":1,"3":1,"4":1,"5":1,"6":1,"7":1,"8":1,"9":1,"10":1,"11":1,"12":1},"f":{"0":1},"b":{"0":[1,0]},"inputSourceMap":{"version":3,"file":"/mnt/c/code/retaildevcrews/helium-typescript/src/models/Actor.ts","sources":["/mnt/c/code/retaildevcrews/helium-typescript/src/models/Actor.ts"],"names":[],"mappings":";;AAEA;;;;;;;;;;;;;;;;;;;;;;;;;;;;;;;;;;;;;;;;;GAyCG;AACH,MAAa,KAAK;IAad,YAAY,IAAU;QAClB,IAAI,IAAI,EAAE;YACN,IAAI,CAAC,EAAE,GAAG,IAAI,CAAC,EAAE,CAAC;YAClB,IAAI,CAAC,OAAO,GAAG,IAAI,CAAC,OAAO,CAAC;YAC5B,IAAI,CAAC,IAAI,GAAG,IAAI,CAAC,IAAI,CAAC;YACtB,IAAI,CAAC,UAAU,GAAG,IAAI,CAAC,UAAU,CAAC;YAClC,IAAI,CAAC,IAAI,GAAG,IAAI,CAAC,IAAI,CAAC;YACtB,IAAI,CAAC,YAAY,GAAG,IAAI,CAAC,YAAY,CAAC;YACtC,IAAI,CAAC,SAAS,GAAG,IAAI,CAAC,SAAS,CAAC;YAChC,IAAI,CAAC,SAAS,GAAG,IAAI,CAAC,SAAS,CAAC;YAChC,IAAI,CAAC,UAAU,GAAG,IAAI,CAAC,UAAU,CAAC;YAClC,IAAI,CAAC,MAAM,GAAG,IAAI,CAAC,MAAM,CAAC;SAC7B;IACL,CAAC;CACJ;AA3BD,sBA2BC","sourcesContent":["import { Movie } from \"./Movie\";\n\n/**\n * @swagger\n *\n * components:\n *   schemas:\n *     Actor:\n *       type: object\n *       required:\n *         - id\n *         - actorId\n *         - textSearch\n *         - name\n *         - type\n *         - partitionKey\n *       properties:\n *         id:\n *           type: string\n *         actorId:\n *           type: string\n *         textSearch:\n *           type: string\n *         name:\n *           type: string\n *         type:\n *           type: string\n *           enum:\n *             - Actor\n *         partitionKey:\n *           type: string\n *         birthYear:\n *           type: number\n *         deathYear:\n *           type: number\n *         profession:\n *           type: array\n *           items:\n *             type: string\n *         movies:\n *           type: array\n *           items:\n *             $ref: '#/components/schemas/Movie'\n */\nexport class Actor {\n\n    public id: string;\n    public actorId: string;\n    public name: string;\n    public textSearch: string;\n    public type: string;\n    public partitionKey: string;\n    public birthYear?: number;\n    public deathYear?: number;\n    public profession?: string[];\n    public movies?: Movie[];\n\n    constructor(data?: any) {\n        if (data) {\n            this.id = data.id;\n            this.actorId = data.actorId;\n            this.name = data.name;\n            this.textSearch = data.textSearch;\n            this.type = data.type;\n            this.partitionKey = data.partitionKey;\n            this.birthYear = data.birthYear;\n            this.deathYear = data.deathYear;\n            this.profession = data.profession;\n            this.movies = data.movies;\n        }\n    }\n}\n"]},"_coverageSchema":"1a1c01bbd47fc00a2c39e90264f33305004495a9","hash":"a2a5a9b9ee54fe4b9f0bb5862d70335894a51fac"},"/mnt/c/code/retaildevcrews/helium-typescript/src/utilities/validationUtilities.ts":{"path":"/mnt/c/code/retaildevcrews/helium-typescript/src/utilities/validationUtilities.ts","statementMap":{"0":{"start":{"line":2,"column":0},"end":{"line":2,"column":62}},"1":{"start":{"line":3,"column":20},"end":{"line":3,"column":50}},"2":{"start":{"line":10,"column":8},"end":{"line":12,"column":9}},"3":{"start":{"line":11,"column":12},"end":{"line":11,"column":39}},"4":{"start":{"line":13,"column":8},"end":{"line":17,"column":9}},"5":{"start":{"line":14,"column":12},"end":{"line":16,"column":13}},"6":{"start":{"line":15,"column":16},"end":{"line":15,"column":88}},"7":{"start":{"line":18,"column":8},"end":{"line":23,"column":9}},"8":{"start":{"line":19,"column":31},"end":{"line":19,"column":61}},"9":{"start":{"line":20,"column":12},"end":{"line":22,"column":13}},"10":{"start":{"line":21,"column":16},"end":{"line":21,"column":91}},"11":{"start":{"line":24,"column":8},"end":{"line":29,"column":9}},"12":{"start":{"line":25,"column":29},"end":{"line":25,"column":57}},"13":{"start":{"line":26,"column":12},"end":{"line":28,"column":13}},"14":{"start":{"line":27,"column":16},"end":{"line":27,"column":89}},"15":{"start":{"line":30,"column":8},"end":{"line":30,"column":35}},"16":{"start":{"line":33,"column":8},"end":{"line":35,"column":9}},"17":{"start":{"line":34,"column":12},"end":{"line":34,"column":39}},"18":{"start":{"line":36,"column":71},"end":{"line":36,"column":97}},"19":{"start":{"line":37,"column":8},"end":{"line":39,"column":9}},"20":{"start":{"line":38,"column":12},"end":{"line":38,"column":64}},"21":{"start":{"line":40,"column":8},"end":{"line":44,"column":9}},"22":{"start":{"line":41,"column":12},"end":{"line":43,"column":13}},"23":{"start":{"line":42,"column":16},"end":{"line":42,"column":86}},"24":{"start":{"line":45,"column":8},"end":{"line":50,"column":9}},"25":{"start":{"line":46,"column":25},"end":{"line":46,"column":49}},"26":{"start":{"line":47,"column":12},"end":{"line":49,"column":13}},"27":{"start":{"line":48,"column":16},"end":{"line":48,"column":85}},"28":{"start":{"line":51,"column":8},"end":{"line":56,"column":9}},"29":{"start":{"line":52,"column":27},"end":{"line":52,"column":51}},"30":{"start":{"line":53,"column":12},"end":{"line":55,"column":13}},"31":{"start":{"line":54,"column":16},"end":{"line":54,"column":87}},"32":{"start":{"line":57,"column":8},"end":{"line":62,"column":9}},"33":{"start":{"line":58,"column":77},"end":{"line":58,"column":112}},"34":{"start":{"line":59,"column":12},"end":{"line":61,"column":13}},"35":{"start":{"line":60,"column":16},"end":{"line":60,"column":80}},"36":{"start":{"line":63,"column":8},"end":{"line":63,"column":35}},"37":{"start":{"line":66,"column":22},"end":{"line":66,"column":24}},"38":{"start":{"line":67,"column":24},"end":{"line":67,"column":28}},"39":{"start":{"line":68,"column":8},"end":{"line":82,"column":9}},"40":{"start":{"line":73,"column":12},"end":{"line":73,"column":56}},"41":{"start":{"line":74,"column":12},"end":{"line":74,"column":30}},"42":{"start":{"line":77,"column":24},"end":{"line":77,"column":58}},"43":{"start":{"line":78,"column":12},"end":{"line":81,"column":13}},"44":{"start":{"line":79,"column":16},"end":{"line":79,"column":60}},"45":{"start":{"line":80,"column":16},"end":{"line":80,"column":34}},"46":{"start":{"line":83,"column":8},"end":{"line":83,"column":58}},"47":{"start":{"line":86,"column":22},"end":{"line":86,"column":24}},"48":{"start":{"line":87,"column":24},"end":{"line":87,"column":28}},"49":{"start":{"line":88,"column":8},"end":{"line":102,"column":9}},"50":{"start":{"line":93,"column":12},"end":{"line":93,"column":56}},"51":{"start":{"line":94,"column":12},"end":{"line":94,"column":30}},"52":{"start":{"line":97,"column":24},"end":{"line":97,"column":58}},"53":{"start":{"line":98,"column":12},"end":{"line":101,"column":13}},"54":{"start":{"line":99,"column":16},"end":{"line":99,"column":60}},"55":{"start":{"line":100,"column":16},"end":{"line":100,"column":34}},"56":{"start":{"line":103,"column":8},"end":{"line":103,"column":58}},"57":{"start":{"line":106,"column":0},"end":{"line":106,"column":50}}},"fnMap":{"0":{"name":"(anonymous_0)","decl":{"start":{"line":9,"column":4},"end":{"line":9,"column":5}},"loc":{"start":{"line":9,"column":33},"end":{"line":31,"column":5}},"line":9},"1":{"name":"(anonymous_1)","decl":{"start":{"line":32,"column":4},"end":{"line":32,"column":5}},"loc":{"start":{"line":32,"column":33},"end":{"line":64,"column":5}},"line":32},"2":{"name":"(anonymous_2)","decl":{"start":{"line":65,"column":4},"end":{"line":65,"column":5}},"loc":{"start":{"line":65,"column":36},"end":{"line":84,"column":5}},"line":65},"3":{"name":"(anonymous_3)","decl":{"start":{"line":85,"column":4},"end":{"line":85,"column":5}},"loc":{"start":{"line":85,"column":36},"end":{"line":104,"column":5}},"line":85}},"branchMap":{"0":{"loc":{"start":{"line":10,"column":8},"end":{"line":12,"column":9}},"type":"if","locations":[{"start":{"line":10,"column":8},"end":{"line":12,"column":9}},{"start":{"line":10,"column":8},"end":{"line":12,"column":9}}],"line":10},"1":{"loc":{"start":{"line":10,"column":12},"end":{"line":10,"column":49}},"type":"binary-expr","locations":[{"start":{"line":10,"column":12},"end":{"line":10,"column":26}},{"start":{"line":10,"column":30},"end":{"line":10,"column":49}}],"line":10},"2":{"loc":{"start":{"line":13,"column":8},"end":{"line":17,"column":9}},"type":"if","locations":[{"start":{"line":13,"column":8},"end":{"line":17,"column":9}},{"start":{"line":13,"column":8},"end":{"line":17,"column":9}}],"line":13},"3":{"loc":{"start":{"line":14,"column":12},"end":{"line":16,"column":13}},"type":"if","locations":[{"start":{"line":14,"column":12},"end":{"line":16,"column":13}},{"start":{"line":14,"column":12},"end":{"line":16,"column":13}}],"line":14},"4":{"loc":{"start":{"line":14,"column":16},"end":{"line":14,"column":102}},"type":"binary-expr","locations":[{"start":{"line":14,"column":16},"end":{"line":14,"column":32}},{"start":{"line":14,"column":36},"end":{"line":14,"column":57}},{"start":{"line":14,"column":61},"end":{"line":14,"column":79}},{"start":{"line":14,"column":83},"end":{"line":14,"column":102}}],"line":14},"5":{"loc":{"start":{"line":18,"column":8},"end":{"line":23,"column":9}},"type":"if","locations":[{"start":{"line":18,"column":8},"end":{"line":23,"column":9}},{"start":{"line":18,"column":8},"end":{"line":23,"column":9}}],"line":18},"6":{"loc":{"start":{"line":20,"column":12},"end":{"line":22,"column":13}},"type":"if","locations":[{"start":{"line":20,"column":12},"end":{"line":22,"column":13}},{"start":{"line":20,"column":12},"end":{"line":22,"column":13}}],"line":20},"7":{"loc":{"start":{"line":20,"column":16},"end":{"line":20,"column":107}},"type":"binary-expr","locations":[{"start":{"line":20,"column":16},"end":{"line":20,"column":33}},{"start":{"line":20,"column":37},"end":{"line":20,"column":67}},{"start":{"line":20,"column":71},"end":{"line":20,"column":85}},{"start":{"line":20,"column":89},"end":{"line":20,"column":107}}],"line":20},"8":{"loc":{"start":{"line":24,"column":8},"end":{"line":29,"column":9}},"type":"if","locations":[{"start":{"line":24,"column":8},"end":{"line":29,"column":9}},{"start":{"line":24,"column":8},"end":{"line":29,"column":9}}],"line":24},"9":{"loc":{"start":{"line":26,"column":12},"end":{"line":28,"column":13}},"type":"if","locations":[{"start":{"line":26,"column":12},"end":{"line":28,"column":13}},{"start":{"line":26,"column":12},"end":{"line":28,"column":13}}],"line":26},"10":{"loc":{"start":{"line":26,"column":16},"end":{"line":26,"column":96}},"type":"binary-expr","locations":[{"start":{"line":26,"column":16},"end":{"line":26,"column":31}},{"start":{"line":26,"column":35},"end":{"line":26,"column":61}},{"start":{"line":26,"column":65},"end":{"line":26,"column":77}},{"start":{"line":26,"column":81},"end":{"line":26,"column":96}}],"line":26},"11":{"loc":{"start":{"line":33,"column":8},"end":{"line":35,"column":9}},"type":"if","locations":[{"start":{"line":33,"column":8},"end":{"line":35,"column":9}},{"start":{"line":33,"column":8},"end":{"line":35,"column":9}}],"line":33},"12":{"loc":{"start":{"line":33,"column":12},"end":{"line":33,"column":49}},"type":"binary-expr","locations":[{"start":{"line":33,"column":12},"end":{"line":33,"column":26}},{"start":{"line":33,"column":30},"end":{"line":33,"column":49}}],"line":33},"13":{"loc":{"start":{"line":37,"column":8},"end":{"line":39,"column":9}},"type":"if","locations":[{"start":{"line":37,"column":8},"end":{"line":39,"column":9}},{"start":{"line":37,"column":8},"end":{"line":39,"column":9}}],"line":37},"14":{"loc":{"start":{"line":40,"column":8},"end":{"line":44,"column":9}},"type":"if","locations":[{"start":{"line":40,"column":8},"end":{"line":44,"column":9}},{"start":{"line":40,"column":8},"end":{"line":44,"column":9}}],"line":40},"15":{"loc":{"start":{"line":41,"column":12},"end":{"line":43,"column":13}},"type":"if","locations":[{"start":{"line":41,"column":12},"end":{"line":43,"column":13}},{"start":{"line":41,"column":12},"end":{"line":43,"column":13}}],"line":41},"16":{"loc":{"start":{"line":41,"column":16},"end":{"line":41,"column":118}},"type":"binary-expr","locations":[{"start":{"line":41,"column":16},"end":{"line":41,"column":36}},{"start":{"line":41,"column":40},"end":{"line":41,"column":65}},{"start":{"line":41,"column":69},"end":{"line":41,"column":91}},{"start":{"line":41,"column":95},"end":{"line":41,"column":118}}],"line":41},"17":{"loc":{"start":{"line":45,"column":8},"end":{"line":50,"column":9}},"type":"if","locations":[{"start":{"line":45,"column":8},"end":{"line":50,"column":9}},{"start":{"line":45,"column":8},"end":{"line":50,"column":9}}],"line":45},"18":{"loc":{"start":{"line":47,"column":12},"end":{"line":49,"column":13}},"type":"if","locations":[{"start":{"line":47,"column":12},"end":{"line":49,"column":13}},{"start":{"line":47,"column":12},"end":{"line":49,"column":13}}],"line":47},"19":{"loc":{"start":{"line":47,"column":16},"end":{"line":47,"column":115}},"type":"binary-expr","locations":[{"start":{"line":47,"column":16},"end":{"line":47,"column":27}},{"start":{"line":47,"column":31},"end":{"line":47,"column":49}},{"start":{"line":47,"column":53},"end":{"line":47,"column":64}},{"start":{"line":47,"column":68},"end":{"line":47,"column":115}}],"line":47},"20":{"loc":{"start":{"line":51,"column":8},"end":{"line":56,"column":9}},"type":"if","locations":[{"start":{"line":51,"column":8},"end":{"line":56,"column":9}},{"start":{"line":51,"column":8},"end":{"line":56,"column":9}}],"line":51},"21":{"loc":{"start":{"line":53,"column":12},"end":{"line":55,"column":13}},"type":"if","locations":[{"start":{"line":53,"column":12},"end":{"line":55,"column":13}},{"start":{"line":53,"column":12},"end":{"line":55,"column":13}}],"line":53},"22":{"loc":{"start":{"line":53,"column":16},"end":{"line":53,"column":84}},"type":"binary-expr","locations":[{"start":{"line":53,"column":16},"end":{"line":53,"column":29}},{"start":{"line":53,"column":33},"end":{"line":53,"column":55}},{"start":{"line":53,"column":59},"end":{"line":53,"column":69}},{"start":{"line":53,"column":73},"end":{"line":53,"column":84}}],"line":53},"23":{"loc":{"start":{"line":57,"column":8},"end":{"line":62,"column":9}},"type":"if","locations":[{"start":{"line":57,"column":8},"end":{"line":62,"column":9}},{"start":{"line":57,"column":8},"end":{"line":62,"column":9}}],"line":57},"24":{"loc":{"start":{"line":59,"column":12},"end":{"line":61,"column":13}},"type":"if","locations":[{"start":{"line":59,"column":12},"end":{"line":61,"column":13}},{"start":{"line":59,"column":12},"end":{"line":61,"column":13}}],"line":59},"25":{"loc":{"start":{"line":68,"column":8},"end":{"line":82,"column":9}},"type":"if","locations":[{"start":{"line":68,"column":8},"end":{"line":82,"column":9}},{"start":{"line":68,"column":8},"end":{"line":82,"column":9}}],"line":68},"26":{"loc":{"start":{"line":68,"column":12},"end":{"line":72,"column":44}},"type":"binary-expr","locations":[{"start":{"line":68,"column":12},"end":{"line":68,"column":28}},{"start":{"line":69,"column":12},"end":{"line":69,"column":33}},{"start":{"line":70,"column":12},"end":{"line":70,"column":30}},{"start":{"line":71,"column":12},"end":{"line":71,"column":31}},{"start":{"line":72,"column":12},"end":{"line":72,"column":44}}],"line":68},"27":{"loc":{"start":{"line":78,"column":12},"end":{"line":81,"column":13}},"type":"if","locations":[{"start":{"line":78,"column":12},"end":{"line":81,"column":13}},{"start":{"line":78,"column":12},"end":{"line":81,"column":13}}],"line":78},"28":{"loc":{"start":{"line":78,"column":16},"end":{"line":78,"column":38}},"type":"binary-expr","locations":[{"start":{"line":78,"column":16},"end":{"line":78,"column":26}},{"start":{"line":78,"column":30},"end":{"line":78,"column":38}}],"line":78},"29":{"loc":{"start":{"line":88,"column":8},"end":{"line":102,"column":9}},"type":"if","locations":[{"start":{"line":88,"column":8},"end":{"line":102,"column":9}},{"start":{"line":88,"column":8},"end":{"line":102,"column":9}}],"line":88},"30":{"loc":{"start":{"line":88,"column":12},"end":{"line":92,"column":44}},"type":"binary-expr","locations":[{"start":{"line":88,"column":12},"end":{"line":88,"column":28}},{"start":{"line":89,"column":12},"end":{"line":89,"column":33}},{"start":{"line":90,"column":12},"end":{"line":90,"column":30}},{"start":{"line":91,"column":12},"end":{"line":91,"column":31}},{"start":{"line":92,"column":12},"end":{"line":92,"column":44}}],"line":88},"31":{"loc":{"start":{"line":98,"column":12},"end":{"line":101,"column":13}},"type":"if","locations":[{"start":{"line":98,"column":12},"end":{"line":101,"column":13}},{"start":{"line":98,"column":12},"end":{"line":101,"column":13}}],"line":98},"32":{"loc":{"start":{"line":98,"column":16},"end":{"line":98,"column":38}},"type":"binary-expr","locations":[{"start":{"line":98,"column":16},"end":{"line":98,"column":26}},{"start":{"line":98,"column":30},"end":{"line":98,"column":38}}],"line":98}},"s":{"0":1,"1":1,"2":51,"3":0,"4":51,"5":6,"6":4,"7":47,"8":10,"9":10,"10":10,"11":37,"12":10,"13":10,"14":10,"15":27,"16":37,"17":0,"18":37,"19":37,"20":12,"21":25,"22":3,"23":2,"24":23,"25":10,"26":10,"27":7,"28":16,"29":4,"30":4,"31":3,"32":13,"33":6,"34":6,"35":4,"36":9,"37":8,"38":8,"39":8,"40":4,"41":4,"42":4,"43":4,"44":2,"45":2,"46":8,"47":14,"48":14,"49":14,"50":8,"51":8,"52":6,"53":6,"54":2,"55":2,"56":14,"57":1},"f":{"0":51,"1":37,"2":8,"3":14},"b":{"0":[0,51],"1":[51,51],"2":[6,45],"3":[4,2],"4":[6,6,6,4],"5":[10,37],"6":[10,0],"7":[10,8,6,2],"8":[10,27],"9":[10,0],"10":[10,8,6,2],"11":[0,37],"12":[37,37],"13":[12,25],"14":[3,22],"15":[2,1],"16":[3,3,3,2],"17":[10,13],"18":[7,3],"19":[10,9,8,4],"20":[4,12],"21":[3,1],"22":[4,3,3,2],"23":[6,7],"24":[4,2],"25":[4,4],"26":[8,8,8,7,7],"27":[2,2],"28":[4,3],"29":[8,6],"30":[14,14,14,12,12],"31":[2,4],"32":[6,5]},"inputSourceMap":{"version":3,"file":"/mnt/c/code/retaildevcrews/helium-typescript/src/utilities/validationUtilities.ts","sources":["/mnt/c/code/retaildevcrews/helium-typescript/src/utilities/validationUtilities.ts"],"names":[],"mappings":";;AAAA,mDAI6B;AAE7B;;GAEG;AACH,MAAa,mBAAmB;IAE5B,GAAG;IACI,MAAM,CAAC,cAAc,CAAC,KAAU;QAEnC,IAAK,KAAK,KAAK,IAAI,IAAI,KAAK,KAAK,SAAS,EAAG;YACzC,OAAO,EAAE,SAAS,EAAE,IAAI,EAAE,CAAC;SAC9B;QAED,IAAI,KAAK,CAAC,cAAc,CAAC,GAAG,CAAC,EAAE;YAC3B,IAAI,KAAK,CAAC,CAAC,KAAK,IAAI,IAAI,KAAK,CAAC,CAAC,KAAK,SAAS,IAAI,KAAK,CAAC,CAAC,CAAC,MAAM,GAAG,CAAC,IAAI,KAAK,CAAC,CAAC,CAAC,MAAM,GAAG,EAAE,EAAG;gBACzF,OAAO,EAAE,SAAS,EAAE,KAAK,EAAE,OAAO,EAAE,iCAAqB,EAAE,CAAC;aAC/D;SACJ;QAED,IAAI,KAAK,CAAC,cAAc,CAAC,YAAY,CAAC,EAAE;YACpC,MAAM,UAAU,GAAG,QAAQ,CAAC,KAAK,CAAC,UAAU,EAAE,EAAE,CAAC,CAAA;YACjD,IAAI,KAAK,CAAC,UAAU,CAAC,IAAI,UAAU,IAAI,KAAK,CAAC,UAAU,IAAI,UAAU,GAAG,CAAC,IAAI,UAAU,GAAG,KAAK,EAAE;gBAC7F,OAAO,EAAE,SAAS,EAAE,KAAK,EAAE,OAAO,EAAE,oCAAwB,EAAE,CAAC;aAClE;SACJ;QAED,IAAI,KAAK,CAAC,cAAc,CAAC,UAAU,CAAC,EAAE;YAClC,MAAM,QAAQ,GAAG,QAAQ,CAAC,KAAK,CAAC,QAAQ,EAAE,EAAE,CAAC,CAAA;YAC7C,IAAI,KAAK,CAAC,QAAQ,CAAC,IAAI,QAAQ,IAAI,KAAK,CAAC,QAAQ,IAAI,QAAQ,GAAG,CAAC,IAAI,QAAQ,GAAG,IAAI,EAAE;gBAClF,OAAO,EAAE,SAAS,EAAE,KAAK,EAAE,OAAO,EAAE,kCAAsB,EAAE,CAAC;aAChE;SACJ;QAED,OAAO,EAAE,SAAS,EAAE,IAAI,EAAE,CAAC;IAC/B,CAAC;IAEM,MAAM,CAAC,cAAc,CAAC,KAAU;QAEnC,IAAK,KAAK,KAAK,IAAI,IAAI,KAAK,KAAK,SAAS,EAAG;YACzC,OAAO,EAAE,SAAS,EAAE,IAAI,EAAE,CAAC;SAC9B;QAED,MAAM,EAAE,SAAS,EAAE,eAAe,EAAE,OAAO,EAAE,aAAa,EAAC,GAAG,IAAI,CAAC,cAAc,CAAC,KAAK,CAAC,CAAC;QACzF,IAAI,CAAC,eAAe,EAAE;YAClB,OAAO,EAAE,SAAS,EAAE,KAAK,EAAE,OAAO,EAAE,aAAa,EAAE,CAAC;SACvD;QAED,IAAI,KAAK,CAAC,cAAc,CAAC,OAAO,CAAC,EAAE;YAC/B,IAAI,KAAK,CAAC,KAAK,KAAK,IAAI,IAAI,KAAK,CAAC,KAAK,KAAK,SAAS,IAAI,KAAK,CAAC,KAAK,CAAC,MAAM,GAAG,CAAC,IAAI,KAAK,CAAC,KAAK,CAAC,MAAM,GAAG,EAAE,EAAE;gBACxG,OAAO,EAAE,SAAS,EAAE,KAAK,EAAE,OAAO,EAAE,+BAAmB,EAAE,CAAC;aAC7D;SACJ;QAED,IAAI,KAAK,CAAC,cAAc,CAAC,MAAM,CAAC,EAAE;YAC9B,MAAM,IAAI,GAAG,QAAQ,CAAC,KAAK,CAAC,IAAI,EAAE,EAAE,CAAC,CAAC;YACtC,IAAI,KAAK,CAAC,IAAI,CAAC,IAAI,IAAI,IAAI,KAAK,CAAC,IAAI,IAAI,IAAI,GAAG,IAAI,IAAI,IAAI,GAAG,CAAC,IAAI,IAAI,CAAC,IAAI,CAAC,GAAG,EAAE,CAAC,CAAC,WAAW,EAAE,GAAG,CAAC,CAAC,EAAE;gBACrG,OAAO,EAAE,SAAS,EAAE,KAAK,EAAE,OAAO,EAAE,8BAAkB,EAAC,CAAC;aAC3D;SACJ;QAED,IAAI,KAAK,CAAC,cAAc,CAAC,QAAQ,CAAC,EAAE;YAChC,MAAM,MAAM,GAAG,UAAU,CAAC,KAAK,CAAC,MAAM,CAAC,CAAC;YACxC,IAAI,KAAK,CAAC,MAAM,CAAC,IAAI,MAAM,IAAI,KAAK,CAAC,MAAM,IAAI,MAAM,GAAG,CAAC,IAAI,MAAM,GAAG,EAAE,EAAE;gBACtE,OAAO,EAAE,SAAS,EAAE,KAAK,EAAE,OAAO,EAAE,gCAAoB,EAAC,CAAC;aAC7D;SACJ;QAED,IAAI,KAAK,CAAC,cAAc,CAAC,SAAS,CAAC,EAAE;YACjC,MAAM,EAAE,SAAS,EAAE,gBAAgB,EAAE,OAAO,EAAE,cAAc,EAAE,GAAG,IAAI,CAAC,eAAe,CAAC,KAAK,CAAC,OAAO,CAAC,CAAC;YACrG,IAAI,CAAC,gBAAgB,EAAE;gBACnB,OAAO,EAAE,SAAS,EAAE,gBAAgB,EAAE,OAAO,EAAE,cAAc,EAAC,CAAC;aAClE;SACJ;QAED,OAAO,EAAE,SAAS,EAAE,IAAI,EAAE,CAAC;IAC/B,CAAC;IAEM,MAAM,CAAC,eAAe,CAAC,OAAe;QACzC,IAAI,OAAO,GAAG,EAAE,CAAC;QACjB,IAAI,SAAS,GAAG,IAAI,CAAC;QAErB,IAAK,OAAO,KAAK,IAAI;YACjB,OAAO,KAAK,SAAS;YACrB,OAAO,CAAC,MAAM,GAAG,CAAC;YAClB,OAAO,CAAC,MAAM,GAAG,EAAE;YACnB,OAAO,CAAC,SAAS,CAAC,CAAC,EAAC,CAAC,CAAC,KAAK,IAAI,EAAG;YAC9B,OAAO,GAAG,iCAAqB,CAAC;YAChC,SAAS,GAAG,KAAK,CAAC;SACzB;aAAM;YACH,MAAM,GAAG,GAAG,QAAQ,CAAC,OAAO,CAAC,SAAS,CAAC,CAAC,CAAC,EAAE,EAAE,CAAC,CAAC;YAC/C,IAAI,KAAK,CAAC,GAAG,CAAC,IAAI,GAAG,IAAI,CAAC,EAAE;gBACxB,OAAO,GAAG,iCAAqB,CAAC;gBAChC,SAAS,GAAG,KAAK,CAAC;aACrB;SACJ;QAED,OAAO,EAAE,SAAS,EAAE,SAAS,EAAE,OAAO,EAAE,OAAO,EAAE,CAAC;IACtD,CAAC;IAEM,MAAM,CAAC,eAAe,CAAC,OAAe;QACzC,IAAI,OAAO,GAAG,EAAE,CAAC;QACjB,IAAI,SAAS,GAAG,IAAI,CAAC;QAErB,IAAK,OAAO,KAAK,IAAI;YACjB,OAAO,KAAK,SAAS;YACrB,OAAO,CAAC,MAAM,GAAG,CAAC;YAClB,OAAO,CAAC,MAAM,GAAG,EAAE;YACnB,OAAO,CAAC,SAAS,CAAC,CAAC,EAAC,CAAC,CAAC,KAAK,IAAI,EAAG;YAC9B,OAAO,GAAG,iCAAqB,CAAC;YAChC,SAAS,GAAG,KAAK,CAAC;SACzB;aAAM;YACH,MAAM,GAAG,GAAG,QAAQ,CAAC,OAAO,CAAC,SAAS,CAAC,CAAC,CAAC,EAAE,EAAE,CAAC,CAAC;YAC/C,IAAI,KAAK,CAAC,GAAG,CAAC,IAAI,GAAG,IAAI,CAAC,EAAE;gBACxB,OAAO,GAAG,iCAAqB,CAAC;gBAChC,SAAS,GAAG,KAAK,CAAC;aACrB;SACJ;QAED,OAAO,EAAE,SAAS,EAAE,SAAS,EAAE,OAAO,EAAE,OAAO,EAAE,CAAC;IACtD,CAAC;CACJ;AApHD,kDAoHC","sourcesContent":["import {\n    invalidActorIDMessage, invalidGenreMessage, invalidMovieIDMessage, \n    invalidPageNumberMessage, invalidPageSizeMessage, invalidQSearchMessage, \n    invalidRatingMessage, invalidYearMessage\n} from \"../config/constants\";\n\n/**\n * Utilities for validating API parameters.\n */\nexport class ValidationUtilities {\n\n    // \n    public static validateCommon(query: any) {\n\n        if ( query === null || query === undefined ) {\n            return { validated: true };\n        }\n\n        if (query.hasOwnProperty(\"q\")) {\n            if (query.q === null || query.q === undefined || query.q.length < 2 || query.q.length > 20 ) {\n                return { validated: false, message: invalidQSearchMessage };\n            }\n        }\n\n        if (query.hasOwnProperty(\"pageNumber\")) {\n            const pageNumber = parseInt(query.pageNumber, 10)\n            if (isNaN(pageNumber) || pageNumber != query.pageNumber || pageNumber < 1 || pageNumber > 10000) {\n                return { validated: false, message: invalidPageNumberMessage };\n            }\n        }\n\n        if (query.hasOwnProperty(\"pageSize\")) {\n            const pageSize = parseInt(query.pageSize, 10)\n            if (isNaN(pageSize) || pageSize != query.pageSize || pageSize < 1 || pageSize > 1000) {\n                return { validated: false, message: invalidPageSizeMessage };\n            }\n        }\n\n        return { validated: true };\n    }\n\n    public static validateMovies(query: any) {\n\n        if ( query === null || query === undefined ) {\n            return { validated: true };\n        }\n\n        const { validated: validatedCommon, message: messageCommon} = this.validateCommon(query);\n        if (!validatedCommon) {\n            return { validated: false, message: messageCommon };\n        }\n\n        if (query.hasOwnProperty(\"genre\")) {\n            if (query.genre === null || query.genre === undefined || query.genre.length < 3 || query.genre.length > 20) {\n                return { validated: false, message: invalidGenreMessage };\n            }\n        }\n\n        if (query.hasOwnProperty(\"year\")) {\n            const year = parseInt(query.year, 10);\n            if (isNaN(year) || year != query.year || year < 1874 || year > (new Date(Date.now()).getFullYear() + 5)) {\n                return { validated: false, message: invalidYearMessage};\n            }\n        }\n\n        if (query.hasOwnProperty(\"rating\")) {\n            const rating = parseFloat(query.rating);\n            if (isNaN(rating) || rating != query.rating || rating < 0 || rating > 10) {\n                return { validated: false, message: invalidRatingMessage};\n            }\n        }\n\n        if (query.hasOwnProperty(\"actorId\")) {\n            const { validated: validatedActorId, message: messageActorId } = this.validateActorId(query.actorId);\n            if (!validatedActorId) {\n                return { validated: validatedActorId, message: messageActorId};\n            }\n        }\n\n        return { validated: true };\n    }\n\n    public static validateMovieId(movieId: string) {\n        let message = \"\";\n        let validated = true;\n\n        if ( movieId === null ||\n            movieId === undefined ||\n            movieId.length < 7 ||\n            movieId.length > 11 ||\n            movieId.substring(0,2) !== \"tt\" ) {\n                message = invalidMovieIDMessage;\n                validated = false;\n        } else {\n            const val = parseInt(movieId.substring(2), 10);\n            if (isNaN(val) || val <= 0) {\n                message = invalidMovieIDMessage;\n                validated = false;\n            }\n        }\n        \n        return { validated: validated, message: message };\n    }\n\n    public static validateActorId(actorId: string) {\n        let message = \"\";\n        let validated = true;\n\n        if ( actorId === null ||\n            actorId === undefined ||\n            actorId.length < 7 ||\n            actorId.length > 11 ||\n            actorId.substring(0,2) !== \"nm\" ) {\n                message = invalidActorIDMessage;\n                validated = false;\n        } else {\n            const val = parseInt(actorId.substring(2), 10);\n            if (isNaN(val) || val <= 0) {\n                message = invalidActorIDMessage;\n                validated = false;\n            }\n        }\n        \n        return { validated: validated, message: message };\n    }\n}\n"]},"_coverageSchema":"1a1c01bbd47fc00a2c39e90264f33305004495a9","hash":"4ea14c8fc85cbe027f163064943927e4f2add401"},"/mnt/c/code/retaildevcrews/helium-typescript/src/config/constants.ts":{"path":"/mnt/c/code/retaildevcrews/helium-typescript/src/config/constants.ts","statementMap":{"0":{"start":{"line":2,"column":0},"end":{"line":2,"column":62}},"1":{"start":{"line":3,"column":27},"end":{"line":3,"column":67}},"2":{"start":{"line":4,"column":0},"end":{"line":4,"column":38}},"3":{"start":{"line":5,"column":0},"end":{"line":5,"column":32}},"4":{"start":{"line":6,"column":0},"end":{"line":6,"column":32}},"5":{"start":{"line":7,"column":0},"end":{"line":7,"column":42}},"6":{"start":{"line":8,"column":0},"end":{"line":8,"column":46}},"7":{"start":{"line":9,"column":0},"end":{"line":9,"column":42}},"8":{"start":{"line":10,"column":0},"end":{"line":10,"column":30}},"9":{"start":{"line":11,"column":0},"end":{"line":11,"column":53}},"10":{"start":{"line":12,"column":0},"end":{"line":12,"column":34}},"11":{"start":{"line":13,"column":0},"end":{"line":13,"column":72}},"12":{"start":{"line":14,"column":0},"end":{"line":14,"column":30}},"13":{"start":{"line":15,"column":0},"end":{"line":15,"column":27}},"14":{"start":{"line":16,"column":0},"end":{"line":16,"column":73}},"15":{"start":{"line":17,"column":0},"end":{"line":17,"column":61}},"16":{"start":{"line":18,"column":0},"end":{"line":18,"column":61}},"17":{"start":{"line":19,"column":0},"end":{"line":19,"column":63}},"18":{"start":{"line":20,"column":0},"end":{"line":20,"column":66}},"19":{"start":{"line":21,"column":0},"end":{"line":21,"column":62}},"20":{"start":{"line":22,"column":0},"end":{"line":22,"column":56}},"21":{"start":{"line":23,"column":0},"end":{"line":23,"column":54}},"22":{"start":{"line":24,"column":0},"end":{"line":24,"column":58}}},"fnMap":{},"branchMap":{},"s":{"0":1,"1":1,"2":1,"3":1,"4":1,"5":1,"6":1,"7":1,"8":1,"9":1,"10":1,"11":1,"12":1,"13":1,"14":1,"15":1,"16":1,"17":1,"18":1,"19":1,"20":1,"21":1,"22":1},"f":{},"b":{},"inputSourceMap":{"version":3,"file":"/mnt/c/code/retaildevcrews/helium-typescript/src/config/constants.ts","sources":["/mnt/c/code/retaildevcrews/helium-typescript/src/config/constants.ts"],"names":[],"mappings":";;AAAA,oEAAiE;AAEpD,QAAA,YAAY,GAAG,cAAc,CAAC;AAC9B,QAAA,SAAS,GAAG,WAAW,CAAC;AACxB,QAAA,SAAS,GAAG,WAAW,CAAC;AACxB,QAAA,cAAc,GAAG,gBAAgB,CAAC;AAClC,QAAA,gBAAgB,GAAG,kBAAkB,CAAC;AACtC,QAAA,cAAc,GAAG,gBAAgB,CAAC;AAElC,QAAA,YAAY,GAAG,MAAM,CAAC;AAEtB,QAAA,eAAe,GAAG,0BAA0B,CAAC;AAC7C,QAAA,WAAW,GAAG,WAAW,CAAC;AAE1B,QAAA,OAAO,GAAG,mCAAgB,CAAC,eAAe,EAAE,CAAC;AAE7C,QAAA,eAAe,GAAG,GAAG,CAAC;AACtB,QAAA,WAAW,GAAG,IAAI,CAAC;AAEnB,QAAA,SAAS,GAAG,oDAAoD,CAAC;AAEjE,QAAA,qBAAqB,GAAG,4BAA4B,CAAC;AACrD,QAAA,qBAAqB,GAAG,4BAA4B,CAAC;AACrD,QAAA,qBAAqB,GAAG,8BAA8B,CAAC;AACvD,QAAA,wBAAwB,GAAG,8BAA8B,CAAC;AAC1D,QAAA,sBAAsB,GAAG,4BAA4B,CAAA;AACrD,QAAA,mBAAmB,GAAG,yBAAyB,CAAC;AAChD,QAAA,kBAAkB,GAAG,wBAAwB,CAAC;AAC9C,QAAA,oBAAoB,GAAG,0BAA0B,CAAC","sourcesContent":["import { VersionUtilities } from \"../utilities/versionUtilities\";\n\nexport const keyVaultName = \"KeyVaultName\";\nexport const cosmosUrl = \"CosmosUrl\";\nexport const cosmosKey = \"CosmosKey\";\nexport const cosmosDatabase = \"CosmosDatabase\";\nexport const cosmosCollection = \"CosmosCollection\";\nexport const appInsightsKey = \"AppInsightsKey\";\n\nexport const portConstant = \"4120\";\n\nexport const webInstanceRole = \"WEBSITE_ROLE_INSTANCE_ID\";\nexport const authTypeEnv = \"AUTH_TYPE\";\n\nexport const version = VersionUtilities.getBuildVersion();\n\nexport const defaultPageSize = 100;\nexport const maxPageSize = 1000;\n\nexport const sqlGenres = \"SELECT VALUE m.genre FROM m where m.type = 'Genre'\";\n\nexport const invalidMovieIDMessage = \"Invalid Movie ID parameter\";\nexport const invalidActorIDMessage = \"Invalid Actor ID parameter\";\nexport const invalidQSearchMessage = \"Invalid q (search) parameter\";\nexport const invalidPageNumberMessage = \"Invalid PageNumber parameter\";\nexport const invalidPageSizeMessage = \"Invalid PageSize parameter\"\nexport const invalidGenreMessage = \"Invalid Genre parameter\";\nexport const invalidYearMessage = \"Invalid Year parameter\";\nexport const invalidRatingMessage = \"Invalid Rating parameter\";\n"]},"_coverageSchema":"1a1c01bbd47fc00a2c39e90264f33305004495a9","hash":"f71ad3d41a0d0c1e48a204aaddb601598cc9656e"},"/mnt/c/code/retaildevcrews/helium-typescript/src/utilities/versionUtilities.ts":{"path":"/mnt/c/code/retaildevcrews/helium-typescript/src/utilities/versionUtilities.ts","statementMap":{"0":{"start":{"line":2,"column":0},"end":{"line":2,"column":62}},"1":{"start":{"line":6,"column":11},"end":{"line":6,"column":24}},"2":{"start":{"line":11,"column":30},"end":{"line":11,"column":81}},"3":{"start":{"line":13,"column":24},"end":{"line":14,"column":85}},"4":{"start":{"line":15,"column":8},"end":{"line":15,"column":23}},"5":{"start":{"line":18,"column":0},"end":{"line":18,"column":44}}},"fnMap":{"0":{"name":"(anonymous_0)","decl":{"start":{"line":10,"column":4},"end":{"line":10,"column":5}},"loc":{"start":{"line":10,"column":29},"end":{"line":16,"column":5}},"line":10}},"branchMap":{},"s":{"0":1,"1":1,"2":1,"3":1,"4":1,"5":1},"f":{"0":1},"b":{},"inputSourceMap":{"version":3,"file":"/mnt/c/code/retaildevcrews/helium-typescript/src/utilities/versionUtilities.ts","sources":["/mnt/c/code/retaildevcrews/helium-typescript/src/utilities/versionUtilities.ts"],"names":[],"mappings":";;AAAA;;GAEG;AACH,yBAA0B;AAE1B,MAAa,gBAAgB;IAEzB,oEAAoE;IACpE,0CAA0C;IACnC,MAAM,CAAC,eAAe;QACzB,MAAM,aAAa,GAAG,EAAE,CAAC,QAAQ,CAAC,kBAAkB,CAAC,CAAC,KAAK,CAAC,WAAW,EAAE,CAAC;QAE1E,mBAAmB;QACnB,MAAM,OAAO,GAAG,OAAO,CAAC,GAAG,CAAC,mBAAmB,GAAG,GAAG,GAAG,aAAa,CAAC,SAAS,CAAC,CAAC,EAAE,CAAC,CAAC,GAAG,aAAa,CAAC,SAAS,CAAC,CAAC,EAAE,EAAE,CAAC;cAChH,GAAG,GAAG,aAAa,CAAC,SAAS,CAAC,EAAE,EAAE,EAAE,CAAC,GAAG,aAAa,CAAC,SAAS,CAAC,EAAE,EAAE,EAAE,CAAC,CAAC;QAE9E,OAAO,OAAO,CAAC;IACnB,CAAC;CACJ;AAbD,4CAaC","sourcesContent":["/**\n * Utilities for determining build version.\n */\nimport fs = require(\"fs\");\n\nexport class VersionUtilities {\n\n    // build and return the version string based on last build date time\n    // build time based on dist/server.js file\n    public static getBuildVersion(): string {\n        const lastBuildTime = fs.statSync(\"./dist/server.js\").mtime.toISOString();\n\n        // add \"+MMdd.HHmm\"\n        const version = process.env.npm_package_version + \"+\" + lastBuildTime.substring(5, 7) + lastBuildTime.substring(8, 10)\n            + \".\" + lastBuildTime.substring(11, 13) + lastBuildTime.substring(14, 16);\n\n        return version;\n    }\n}\n"]},"_coverageSchema":"1a1c01bbd47fc00a2c39e90264f33305004495a9","hash":"619e71524a41a175ada0a145a696fbb95cf2967f"},"/mnt/c/code/retaildevcrews/helium-typescript/src/controllers/FeaturedController.ts":{"path":"/mnt/c/code/retaildevcrews/helium-typescript/src/controllers/FeaturedController.ts","statementMap":{"0":{"start":{"line":2,"column":17},"end":{"line":7,"column":1}},"1":{"start":{"line":3,"column":12},"end":{"line":3,"column":28}},"2":{"start":{"line":3,"column":34},"end":{"line":3,"column":125}},"3":{"start":{"line":4,"column":4},"end":{"line":5,"column":150}},"4":{"start":{"line":4,"column":79},"end":{"line":4,"column":131}},"5":{"start":{"line":5,"column":9},"end":{"line":5,"column":150}},"6":{"start":{"line":5,"column":22},"end":{"line":5,"column":43}},"7":{"start":{"line":5,"column":58},"end":{"line":5,"column":150}},"8":{"start":{"line":5,"column":81},"end":{"line":5,"column":150}},"9":{"start":{"line":6,"column":4},"end":{"line":6,"column":66}},"10":{"start":{"line":8,"column":17},"end":{"line":10,"column":1}},"11":{"start":{"line":9,"column":4},"end":{"line":9,"column":109}},"12":{"start":{"line":9,"column":79},"end":{"line":9,"column":109}},"13":{"start":{"line":11,"column":14},"end":{"line":13,"column":1}},"14":{"start":{"line":12,"column":4},"end":{"line":12,"column":73}},"15":{"start":{"line":12,"column":36},"end":{"line":12,"column":71}},"16":{"start":{"line":14,"column":16},"end":{"line":22,"column":1}},"17":{"start":{"line":15,"column":28},"end":{"line":15,"column":110}},"18":{"start":{"line":15,"column":91},"end":{"line":15,"column":106}},"19":{"start":{"line":16,"column":4},"end":{"line":21,"column":7}},"20":{"start":{"line":17,"column":36},"end":{"line":17,"column":97}},"21":{"start":{"line":17,"column":42},"end":{"line":17,"column":70}},"22":{"start":{"line":17,"column":85},"end":{"line":17,"column":95}},"23":{"start":{"line":18,"column":35},"end":{"line":18,"column":100}},"24":{"start":{"line":18,"column":41},"end":{"line":18,"column":73}},"25":{"start":{"line":18,"column":88},"end":{"line":18,"column":98}},"26":{"start":{"line":19,"column":32},"end":{"line":19,"column":116}},"27":{"start":{"line":20,"column":8},"end":{"line":20,"column":78}},"28":{"start":{"line":24,"column":0},"end":{"line":24,"column":62}},"29":{"start":{"line":25,"column":20},"end":{"line":25,"column":40}},"30":{"start":{"line":26,"column":34},"end":{"line":26,"column":68}},"31":{"start":{"line":27,"column":19},"end":{"line":27,"column":47}},"32":{"start":{"line":28,"column":22},"end":{"line":28,"column":56}},"33":{"start":{"line":29,"column":21},"end":{"line":29,"column":54}},"34":{"start":{"line":33,"column":25},"end":{"line":99,"column":1}},"35":{"start":{"line":35,"column":8},"end":{"line":35,"column":33}},"36":{"start":{"line":36,"column":8},"end":{"line":36,"column":29}},"37":{"start":{"line":59,"column":8},"end":{"line":80,"column":11}},"38":{"start":{"line":60,"column":26},"end":{"line":60,"column":39}},"39":{"start":{"line":62,"column":12},"end":{"line":78,"column":13}},"40":{"start":{"line":63,"column":16},"end":{"line":65,"column":17}},"41":{"start":{"line":64,"column":20},"end":{"line":64,"column":76}},"42":{"start":{"line":66,"column":16},"end":{"line":69,"column":17}},"43":{"start":{"line":67,"column":36},"end":{"line":67,"column":117}},"44":{"start":{"line":68,"column":20},"end":{"line":68,"column":70}},"45":{"start":{"line":72,"column":16},"end":{"line":77,"column":17}},"46":{"start":{"line":73,"column":20},"end":{"line":73,"column":51}},"47":{"start":{"line":76,"column":20},"end":{"line":76,"column":63}},"48":{"start":{"line":79,"column":12},"end":{"line":79,"column":45}},"49":{"start":{"line":83,"column":8},"end":{"line":97,"column":11}},"50":{"start":{"line":84,"column":30},"end":{"line":84,"column":32}},"51":{"start":{"line":85,"column":24},"end":{"line":85,"column":85}},"52":{"start":{"line":86,"column":27},"end":{"line":86,"column":66}},"53":{"start":{"line":87,"column":12},"end":{"line":91,"column":15}},"54":{"start":{"line":88,"column":16},"end":{"line":90,"column":17}},"55":{"start":{"line":88,"column":29},"end":{"line":88,"column":30}},"56":{"start":{"line":89,"column":20},"end":{"line":89,"column":46}},"57":{"start":{"line":93,"column":12},"end":{"line":95,"column":13}},"58":{"start":{"line":94,"column":16},"end":{"line":94,"column":44}},"59":{"start":{"line":96,"column":12},"end":{"line":96,"column":29}},"60":{"start":{"line":100,"column":0},"end":{"line":105,"column":59}},"61":{"start":{"line":106,"column":0},"end":{"line":111,"column":23}},"62":{"start":{"line":112,"column":0},"end":{"line":112,"column":48}}},"fnMap":{"0":{"name":"(anonymous_0)","decl":{"start":{"line":2,"column":46},"end":{"line":2,"column":47}},"loc":{"start":{"line":2,"column":87},"end":{"line":7,"column":1}},"line":2},"1":{"name":"(anonymous_1)","decl":{"start":{"line":8,"column":46},"end":{"line":8,"column":47}},"loc":{"start":{"line":8,"column":62},"end":{"line":10,"column":1}},"line":8},"2":{"name":"(anonymous_2)","decl":{"start":{"line":11,"column":40},"end":{"line":11,"column":41}},"loc":{"start":{"line":11,"column":73},"end":{"line":13,"column":1}},"line":11},"3":{"name":"(anonymous_3)","decl":{"start":{"line":12,"column":11},"end":{"line":12,"column":12}},"loc":{"start":{"line":12,"column":34},"end":{"line":12,"column":73}},"line":12},"4":{"name":"(anonymous_4)","decl":{"start":{"line":14,"column":44},"end":{"line":14,"column":45}},"loc":{"start":{"line":14,"column":89},"end":{"line":22,"column":1}},"line":14},"5":{"name":"adopt","decl":{"start":{"line":15,"column":13},"end":{"line":15,"column":18}},"loc":{"start":{"line":15,"column":26},"end":{"line":15,"column":112}},"line":15},"6":{"name":"(anonymous_6)","decl":{"start":{"line":15,"column":70},"end":{"line":15,"column":71}},"loc":{"start":{"line":15,"column":89},"end":{"line":15,"column":108}},"line":15},"7":{"name":"(anonymous_7)","decl":{"start":{"line":16,"column":36},"end":{"line":16,"column":37}},"loc":{"start":{"line":16,"column":63},"end":{"line":21,"column":5}},"line":16},"8":{"name":"fulfilled","decl":{"start":{"line":17,"column":17},"end":{"line":17,"column":26}},"loc":{"start":{"line":17,"column":34},"end":{"line":17,"column":99}},"line":17},"9":{"name":"rejected","decl":{"start":{"line":18,"column":17},"end":{"line":18,"column":25}},"loc":{"start":{"line":18,"column":33},"end":{"line":18,"column":102}},"line":18},"10":{"name":"step","decl":{"start":{"line":19,"column":17},"end":{"line":19,"column":21}},"loc":{"start":{"line":19,"column":30},"end":{"line":19,"column":118}},"line":19},"11":{"name":"(anonymous_11)","decl":{"start":{"line":34,"column":4},"end":{"line":34,"column":5}},"loc":{"start":{"line":34,"column":34},"end":{"line":37,"column":5}},"line":34},"12":{"name":"(anonymous_12)","decl":{"start":{"line":58,"column":4},"end":{"line":58,"column":5}},"loc":{"start":{"line":58,"column":31},"end":{"line":81,"column":5}},"line":58},"13":{"name":"(anonymous_13)","decl":{"start":{"line":59,"column":47},"end":{"line":59,"column":48}},"loc":{"start":{"line":59,"column":60},"end":{"line":80,"column":9}},"line":59},"14":{"name":"(anonymous_14)","decl":{"start":{"line":82,"column":4},"end":{"line":82,"column":5}},"loc":{"start":{"line":82,"column":27},"end":{"line":98,"column":5}},"line":82},"15":{"name":"(anonymous_15)","decl":{"start":{"line":83,"column":47},"end":{"line":83,"column":48}},"loc":{"start":{"line":83,"column":60},"end":{"line":97,"column":9}},"line":83},"16":{"name":"(anonymous_16)","decl":{"start":{"line":87,"column":27},"end":{"line":87,"column":28}},"loc":{"start":{"line":87,"column":32},"end":{"line":91,"column":13}},"line":87}},"branchMap":{"0":{"loc":{"start":{"line":2,"column":17},"end":{"line":7,"column":1}},"type":"binary-expr","locations":[{"start":{"line":2,"column":18},"end":{"line":2,"column":22}},{"start":{"line":2,"column":26},"end":{"line":2,"column":41}},{"start":{"line":2,"column":46},"end":{"line":7,"column":1}}],"line":2},"1":{"loc":{"start":{"line":3,"column":34},"end":{"line":3,"column":125}},"type":"cond-expr","locations":[{"start":{"line":3,"column":42},"end":{"line":3,"column":48}},{"start":{"line":3,"column":51},"end":{"line":3,"column":125}}],"line":3},"2":{"loc":{"start":{"line":3,"column":51},"end":{"line":3,"column":125}},"type":"cond-expr","locations":[{"start":{"line":3,"column":67},"end":{"line":3,"column":118}},{"start":{"line":3,"column":121},"end":{"line":3,"column":125}}],"line":3},"3":{"loc":{"start":{"line":4,"column":4},"end":{"line":5,"column":150}},"type":"if","locations":[{"start":{"line":4,"column":4},"end":{"line":5,"column":150}},{"start":{"line":4,"column":4},"end":{"line":5,"column":150}}],"line":4},"4":{"loc":{"start":{"line":4,"column":8},"end":{"line":4,"column":77}},"type":"binary-expr","locations":[{"start":{"line":4,"column":8},"end":{"line":4,"column":35}},{"start":{"line":4,"column":39},"end":{"line":4,"column":77}}],"line":4},"5":{"loc":{"start":{"line":5,"column":58},"end":{"line":5,"column":150}},"type":"if","locations":[{"start":{"line":5,"column":58},"end":{"line":5,"column":150}},{"start":{"line":5,"column":58},"end":{"line":5,"column":150}}],"line":5},"6":{"loc":{"start":{"line":5,"column":85},"end":{"line":5,"column":149}},"type":"binary-expr","locations":[{"start":{"line":5,"column":86},"end":{"line":5,"column":143}},{"start":{"line":5,"column":148},"end":{"line":5,"column":149}}],"line":5},"7":{"loc":{"start":{"line":5,"column":86},"end":{"line":5,"column":143}},"type":"cond-expr","locations":[{"start":{"line":5,"column":94},"end":{"line":5,"column":98}},{"start":{"line":5,"column":101},"end":{"line":5,"column":143}}],"line":5},"8":{"loc":{"start":{"line":5,"column":101},"end":{"line":5,"column":143}},"type":"cond-expr","locations":[{"start":{"line":5,"column":109},"end":{"line":5,"column":126}},{"start":{"line":5,"column":129},"end":{"line":5,"column":143}}],"line":5},"9":{"loc":{"start":{"line":6,"column":11},"end":{"line":6,"column":62}},"type":"binary-expr","locations":[{"start":{"line":6,"column":11},"end":{"line":6,"column":16}},{"start":{"line":6,"column":20},"end":{"line":6,"column":21}},{"start":{"line":6,"column":25},"end":{"line":6,"column":62}}],"line":6},"10":{"loc":{"start":{"line":8,"column":17},"end":{"line":10,"column":1}},"type":"binary-expr","locations":[{"start":{"line":8,"column":18},"end":{"line":8,"column":22}},{"start":{"line":8,"column":26},"end":{"line":8,"column":41}},{"start":{"line":8,"column":46},"end":{"line":10,"column":1}}],"line":8},"11":{"loc":{"start":{"line":9,"column":4},"end":{"line":9,"column":109}},"type":"if","locations":[{"start":{"line":9,"column":4},"end":{"line":9,"column":109}},{"start":{"line":9,"column":4},"end":{"line":9,"column":109}}],"line":9},"12":{"loc":{"start":{"line":9,"column":8},"end":{"line":9,"column":77}},"type":"binary-expr","locations":[{"start":{"line":9,"column":8},"end":{"line":9,"column":35}},{"start":{"line":9,"column":39},"end":{"line":9,"column":77}}],"line":9},"13":{"loc":{"start":{"line":11,"column":14},"end":{"line":13,"column":1}},"type":"binary-expr","locations":[{"start":{"line":11,"column":15},"end":{"line":11,"column":19}},{"start":{"line":11,"column":23},"end":{"line":11,"column":35}},{"start":{"line":11,"column":40},"end":{"line":13,"column":1}}],"line":11},"14":{"loc":{"start":{"line":14,"column":16},"end":{"line":22,"column":1}},"type":"binary-expr","locations":[{"start":{"line":14,"column":17},"end":{"line":14,"column":21}},{"start":{"line":14,"column":25},"end":{"line":14,"column":39}},{"start":{"line":14,"column":44},"end":{"line":22,"column":1}}],"line":14},"15":{"loc":{"start":{"line":15,"column":35},"end":{"line":15,"column":109}},"type":"cond-expr","locations":[{"start":{"line":15,"column":56},"end":{"line":15,"column":61}},{"start":{"line":15,"column":64},"end":{"line":15,"column":109}}],"line":15},"16":{"loc":{"start":{"line":16,"column":16},"end":{"line":16,"column":34}},"type":"binary-expr","locations":[{"start":{"line":16,"column":16},"end":{"line":16,"column":17}},{"start":{"line":16,"column":22},"end":{"line":16,"column":33}}],"line":16},"17":{"loc":{"start":{"line":19,"column":32},"end":{"line":19,"column":115}},"type":"cond-expr","locations":[{"start":{"line":19,"column":46},"end":{"line":19,"column":67}},{"start":{"line":19,"column":70},"end":{"line":19,"column":115}}],"line":19},"18":{"loc":{"start":{"line":20,"column":51},"end":{"line":20,"column":67}},"type":"binary-expr","locations":[{"start":{"line":20,"column":51},"end":{"line":20,"column":61}},{"start":{"line":20,"column":65},"end":{"line":20,"column":67}}],"line":20},"19":{"loc":{"start":{"line":63,"column":16},"end":{"line":65,"column":17}},"type":"if","locations":[{"start":{"line":63,"column":16},"end":{"line":65,"column":17}},{"start":{"line":63,"column":16},"end":{"line":65,"column":17}}],"line":63},"20":{"loc":{"start":{"line":63,"column":20},"end":{"line":63,"column":83}},"type":"binary-expr","locations":[{"start":{"line":63,"column":20},"end":{"line":63,"column":47}},{"start":{"line":63,"column":51},"end":{"line":63,"column":83}}],"line":63},"21":{"loc":{"start":{"line":66,"column":16},"end":{"line":69,"column":17}},"type":"if","locations":[{"start":{"line":66,"column":16},"end":{"line":69,"column":17}},{"start":{"line":66,"column":16},"end":{"line":69,"column":17}}],"line":66},"22":{"loc":{"start":{"line":66,"column":20},"end":{"line":66,"column":81}},"type":"binary-expr","locations":[{"start":{"line":66,"column":20},"end":{"line":66,"column":47}},{"start":{"line":66,"column":51},"end":{"line":66,"column":81}}],"line":66},"23":{"loc":{"start":{"line":72,"column":16},"end":{"line":77,"column":17}},"type":"if","locations":[{"start":{"line":72,"column":16},"end":{"line":77,"column":17}},{"start":{"line":72,"column":16},"end":{"line":77,"column":17}}],"line":72},"24":{"loc":{"start":{"line":93,"column":12},"end":{"line":95,"column":13}},"type":"if","locations":[{"start":{"line":93,"column":12},"end":{"line":95,"column":13}},{"start":{"line":93,"column":12},"end":{"line":95,"column":13}}],"line":93},"25":{"loc":{"start":{"line":110,"column":37},"end":{"line":110,"column":157}},"type":"cond-expr","locations":[{"start":{"line":110,"column":146},"end":{"line":110,"column":148}},{"start":{"line":110,"column":151},"end":{"line":110,"column":157}}],"line":110},"26":{"loc":{"start":{"line":110,"column":50},"end":{"line":110,"column":127}},"type":"binary-expr","locations":[{"start":{"line":110,"column":50},"end":{"line":110,"column":98}},{"start":{"line":110,"column":102},"end":{"line":110,"column":127}}],"line":110},"27":{"loc":{"start":{"line":110,"column":159},"end":{"line":110,"column":275}},"type":"cond-expr","locations":[{"start":{"line":110,"column":264},"end":{"line":110,"column":266}},{"start":{"line":110,"column":269},"end":{"line":110,"column":275}}],"line":110},"28":{"loc":{"start":{"line":110,"column":172},"end":{"line":110,"column":245}},"type":"binary-expr","locations":[{"start":{"line":110,"column":172},"end":{"line":110,"column":218}},{"start":{"line":110,"column":222},"end":{"line":110,"column":245}}],"line":110}},"s":{"0":1,"1":2,"2":2,"3":2,"4":2,"5":0,"6":0,"7":0,"8":0,"9":2,"10":1,"11":4,"12":4,"13":1,"14":2,"15":2,"16":1,"17":3,"18":0,"19":2,"20":3,"21":3,"22":0,"23":0,"24":0,"25":0,"26":5,"27":2,"28":1,"29":1,"30":1,"31":1,"32":1,"33":1,"34":1,"35":2,"36":2,"37":1,"38":1,"39":1,"40":1,"41":1,"42":1,"43":1,"44":1,"45":0,"46":0,"47":0,"48":1,"49":1,"50":1,"51":1,"52":1,"53":1,"54":7,"55":7,"56":19,"57":1,"58":0,"59":1,"60":1,"61":1,"62":1},"f":{"0":2,"1":4,"2":2,"3":2,"4":2,"5":3,"6":0,"7":2,"8":3,"9":0,"10":5,"11":2,"12":1,"13":1,"14":1,"15":1,"16":7},"b":{"0":[1,1,1],"1":[1,1],"2":[1,0],"3":[2,0],"4":[2,2],"5":[0,0],"6":[0,0],"7":[0,0],"8":[0,0],"9":[2,1,1],"10":[1,1,1],"11":[4,0],"12":[4,4],"13":[1,1,1],"14":[1,1,1],"15":[3,0],"16":[2,2],"17":[2,3],"18":[2,2],"19":[1,0],"20":[1,0],"21":[1,0],"22":[1,1],"23":[0,0],"24":[0,1],"25":[0,1],"26":[1,0],"27":[0,1],"28":[1,0]},"inputSourceMap":{"version":3,"file":"/mnt/c/code/retaildevcrews/helium-typescript/src/controllers/FeaturedController.ts","sources":["/mnt/c/code/retaildevcrews/helium-typescript/src/controllers/FeaturedController.ts"],"names":[],"mappings":";;;;;;;;;;;;;;;;;;;;;;;;AAAA,yCAA+C;AAC/C,qEAAsE;AACtE,gDAAgD;AAChD,yDAAsD;AACtD,uDAAoD;AAGpD;;GAEG;AAGH,IAAa,kBAAkB,GAA/B,MAAa,kBAAkB;IAI3B,YAA2C,QAAqB,EAAgC,MAAkB;QAAvE,aAAQ,GAAR,QAAQ,CAAa;QAAgC,WAAM,GAAN,MAAM,CAAY;IAElH,CAAC;IAED;;;;;;;;;;;;;;;;;;;OAmBG;IAEU,gBAAgB,CAAC,GAAG,EAAE,GAAG;;YAClC,IAAI,OAAO,GAAW,UAAU,CAAC,EAAE,CAAC;YACpC,IAAI,MAAa,CAAC;YAElB,IAAI;gBACA,IAAK,IAAI,CAAC,cAAc,IAAI,IAAI,IAAI,IAAI,CAAC,cAAc,CAAC,MAAM,KAAK,CAAC,EAAG;oBACnE,IAAI,CAAC,cAAc,GAAG,MAAM,IAAI,CAAC,oBAAoB,EAAE,CAAC;iBAC3D;gBAED,IAAI,IAAI,CAAC,cAAc,IAAI,IAAI,IAAI,IAAI,CAAC,cAAc,CAAC,MAAM,GAAG,CAAC,EAAG;oBAChE,MAAM,OAAO,GAAG,IAAI,CAAC,cAAc,CAAE,IAAI,CAAC,KAAK,CAAC,IAAI,CAAC,MAAM,EAAE,GAAG,CAAE,IAAI,CAAC,cAAc,CAAC,MAAM,GAAG,CAAC,CAAE,CAAC,CAAE,CAAC;oBACtG,MAAM,GAAG,MAAM,IAAI,CAAC,QAAQ,CAAC,WAAW,CAAC,OAAO,CAAC,CAAC;iBACrD;aACJ;YAAC,OAAO,GAAG,EAAE;gBACV,IAAI,GAAG,CAAC,QAAQ,EAAE,CAAC,QAAQ,CAAC,UAAU,CAAC,EAAE;oBACrC,OAAO,GAAG,UAAU,CAAC,SAAS,CAAC;iBAClC;qBAAM;oBACH,OAAO,GAAG,UAAU,CAAC,qBAAqB,C
[...]
ne":9,"column":109}},"13":{"start":{"line":11,"column":14},"end":{"line":13,"column":1}},"14":{"start":{"line":12,"column":4},"end":{"line":12,"column":73}},"15":{"start":{"line":12,"column":36},"end":{"line":12,"column":71}},"16":{"start":{"line":15,"column":0},"end":{"line":15,"column":62}},"17":{"start":{"line":16,"column":28},"end":{"line":16,"column":58}},"18":{"start":{"line":17,"column":20},"end":{"line":17,"column":40}},"19":{"start":{"line":18,"column":17},"end":{"line":18,"column":44}},"20":{"start":{"line":22,"column":25},"end":{"line":52,"column":1}},"21":{"start":{"line":28,"column":8},"end":{"line":41,"column":9}},"22":{"start":{"line":30,"column":12},"end":{"line":38,"column":25}},"23":{"start":{"line":40,"column":12},"end":{"line":40,"column":69}},"24":{"start":{"line":49,"column":8},"end":{"line":50,"column":65}},"25":{"start":{"line":50,"column":12},"end":{"line":50,"column":65}},"26":{"start":{"line":53,"column":0},"end":{"line":57,"column":23}},"27":{"start":{"line":58,"column":0},"end":{"line":58,"column":48}}},"fnMap":{"0":{"name":"(anonymous_0)","decl":{"start":{"line":2,"column":46},"end":{"line":2,"column":47}},"loc":{"start":{"line":2,"column":87},"end":{"line":7,"column":1}},"line":2},"1":{"name":"(anonymous_1)","decl":{"start":{"line":8,"column":46},"end":{"line":8,"column":47}},"loc":{"start":{"line":8,"column":62},"end":{"line":10,"column":1}},"line":8},"2":{"name":"(anonymous_2)","decl":{"start":{"line":11,"column":40},"end":{"line":11,"column":41}},"loc":{"start":{"line":11,"column":73},"end":{"line":13,"column":1}},"line":11},"3":{"name":"(anonymous_3)","decl":{"start":{"line":12,"column":11},"end":{"line":12,"column":12}},"loc":{"start":{"line":12,"column":34},"end":{"line":12,"column":73}},"line":12},"4":{"name":"(anonymous_4)","decl":{"start":{"line":27,"column":4},"end":{"line":27,"column":5}},"loc":{"start":{"line":27,"column":30},"end":{"line":42,"column":5}},"line":27},"5":{"name":"(anonymous_5)","decl":{"start":{"line":48,"column":4},"end":{"line":48,"column":5}},"loc":{"start":{"line":48,"column":26},"end":{"line":51,"column":5}},"line":48}},"branchMap":{"0":{"loc":{"start":{"line":2,"column":17},"end":{"line":7,"column":1}},"type":"binary-expr","locations":[{"start":{"line":2,"column":18},"end":{"line":2,"column":22}},{"start":{"line":2,"column":26},"end":{"line":2,"column":41}},{"start":{"line":2,"column":46},"end":{"line":7,"column":1}}],"line":2},"1":{"loc":{"start":{"line":3,"column":34},"end":{"line":3,"column":125}},"type":"cond-expr","locations":[{"start":{"line":3,"column":42},"end":{"line":3,"column":48}},{"start":{"line":3,"column":51},"end":{"line":3,"column":125}}],"line":3},"2":{"loc":{"start":{"line":3,"column":51},"end":{"line":3,"column":125}},"type":"cond-expr","locations":[{"start":{"line":3,"column":67},"end":{"line":3,"column":118}},{"start":{"line":3,"column":121},"end":{"line":3,"column":125}}],"line":3},"3":{"loc":{"start":{"line":4,"column":4},"end":{"line":5,"column":150}},"type":"if","locations":[{"start":{"line":4,"column":4},"end":{"line":5,"column":150}},{"start":{"line":4,"column":4},"end":{"line":5,"column":150}}],"line":4},"4":{"loc":{"start":{"line":4,"column":8},"end":{"line":4,"column":77}},"type":"binary-expr","locations":[{"start":{"line":4,"column":8},"end":{"line":4,"column":35}},{"start":{"line":4,"column":39},"end":{"line":4,"column":77}}],"line":4},"5":{"loc":{"start":{"line":5,"column":58},"end":{"line":5,"column":150}},"type":"if","locations":[{"start":{"line":5,"column":58},"end":{"line":5,"column":150}},{"start":{"line":5,"column":58},"end":{"line":5,"column":150}}],"line":5},"6":{"loc":{"start":{"line":5,"column":85},"end":{"line":5,"column":149}},"type":"binary-expr","locations":[{"start":{"line":5,"column":86},"end":{"line":5,"column":143}},{"start":{"line":5,"column":148},"end":{"line":5,"column":149}}],"line":5},"7":{"loc":{"start":{"line":5,"column":86},"end":{"line":5,"column":143}},"type":"cond-expr","locations":[{"start":{"line":5,"column":94},"end":{"line":5,"column":98}},{"start":{"line":5,"column":101},"end":{"line":5,"column":143}}],"line":5},"8":{"loc":{"start":{"line":5,"column":101},"end":{"line":5,"column":143}},"type":"cond-expr","locations":[{"start":{"line":5,"column":109},"end":{"line":5,"column":126}},{"start":{"line":5,"column":129},"end":{"line":5,"column":143}}],"line":5},"9":{"loc":{"start":{"line":6,"column":11},"end":{"line":6,"column":62}},"type":"binary-expr","locations":[{"start":{"line":6,"column":11},"end":{"line":6,"column":16}},{"start":{"line":6,"column":20},"end":{"line":6,"column":21}},{"start":{"line":6,"column":25},"end":{"line":6,"column":62}}],"line":6},"10":{"loc":{"start":{"line":8,"column":17},"end":{"line":10,"column":1}},"type":"binary-expr","locations":[{"start":{"line":8,"column":18},"end":{"line":8,"column":22}},{"start":{"line":8,"column":26},"end":{"line":8,"column":41}},{"start":{"line":8,"column":46},"end":{"line":10,"column":1}}],"line":8},"11":{"loc":{"start":{"line":9,"column":4},"end":{"line":9,"column":109}},"type":"if","locations":[{"start":{"line":9,"column":4},"end":{"line":9,"column":109}},{"start":{"line":9,"column":4},"end":{"line":9,"column":109}}],"line":9},"12":{"loc":{"start":{"line":9,"column":8},"end":{"line":9,"column":77}},"type":"binary-expr","locations":[{"start":{"line":9,"column":8},"end":{"line":9,"column":35}},{"start":{"line":9,"column":39},"end":{"line":9,"column":77}}],"line":9},"13":{"loc":{"start":{"line":11,"column":14},"end":{"line":13,"column":1}},"type":"binary-expr","locations":[{"start":{"line":11,"column":15},"end":{"line":11,"column":19}},{"start":{"line":11,"column":23},"end":{"line":11,"column":35}},{"start":{"line":11,"column":40},"end":{"line":13,"column":1}}],"line":11},"14":{"loc":{"start":{"line":28,"column":8},"end":{"line":41,"column":9}},"type":"if","locations":[{"start":{"line":28,"column":8},"end":{"line":41,"column":9}},{"start":{"line":28,"column":8},"end":{"line":41,"column":9}}],"line":28},"15":{"loc":{"start":{"line":49,"column":8},"end":{"line":50,"column":65}},"type":"if","locations":[{"start":{"line":49,"column":8},"end":{"line":50,"column":65}},{"start":{"line":49,"column":8},"end":{"line":50,"column":65}}],"line":49},"16":{"loc":{"start":{"line":56,"column":37},"end":{"line":56,"column":149}},"type":"cond-expr","locations":[{"start":{"line":56,"column":138},"end":{"line":56,"column":140}},{"start":{"line":56,"column":143},"end":{"line":56,"column":149}}],"line":56},"17":{"loc":{"start":{"line":56,"column":50},"end":{"line":56,"column":119}},"type":"binary-expr","locations":[{"start":{"line":56,"column":50},"end":{"line":56,"column":94}},{"start":{"line":56,"column":98},"end":{"line":56,"column":119}}],"line":56}},"s":{"0":1,"1":1,"2":1,"3":1,"4":1,"5":0,"6":0,"7":0,"8":0,"9":1,"10":1,"11":1,"12":1,"13":1,"14":1,"15":1,"16":1,"17":1,"18":1,"19":1,"20":1,"21":0,"22":0,"23":0,"24":0,"25":0,"26":1,"27":1},"f":{"0":1,"1":1,"2":1,"3":1,"4":0,"5":0},"b":{"0":[1,1,1],"1":[1,0],"2":[0,0],"3":[1,0],"4":[1,1],"5":[0,0],"6":[0,0],"7":[0,0],"8":[0,0],"9":[1,0,0],"10":[1,1,1],"11":[1,0],"12":[1,1],"13":[1,1,1],"14":[0,0],"15":[0,0],"16":[0,1],"17":[1,0]},"inputSourceMap":{"version":3,"file":"/mnt/c/code/retaildevcrews/helium-typescript/src/services/AppInsightsService.ts","sources":["/mnt/c/code/retaildevcrews/helium-typescript/src/services/AppInsightsService.ts"],"names":[],"mappings":";;;;;;;;;;;;;;;AAAA,2DAA2D;AAC3D,yCAA+C;AAC/C,6CAAgD;AAEhD;;GAEG;AAEH,IAAa,kBAAkB,GAA/B,MAAa,kBAAkB;IAI3B;;;OAGG;IACH,YAAoC,YAA0B;QAC1D,IAAG,YAAY,CAAC,WAAW,EAAE;YACzB,2FAA2F;YAC3F,mBAAmB,CAAC,KAAK,CAAC,YAAY,CAAC,WAAW,CAAC;iBAC9C,4BAA4B,CAAC,IAAI,CAAC;iBAClC,sBAAsB,CAAC,IAAI,CAAC;iBAC5B,yBAAyB,CAAC,IAAI,CAAC;iBAC/B,wBAAwB,CAAC,IAAI,CAAC;iBAC9B,0BAA0B,CAAC,IAAI,CAAC;iBAChC,qBAAqB,CAAC,IAAI,CAAC;iBAC3B,sBAAsB,CAAC,IAAI,CAAC;iBAC5B,KAAK,EAAE,CAAC;YAEb,6EAA6E;YAC7E,IAAI,CAAC,eAAe,GAAG,mBAAmB,CAAC,aAAa,CAAC;SAC5D;IACL,CAAC;IAED;;;;OAIG;IACI,UAAU,CAAC,SAAiB;QAC/B,IAAG,IAAI,CAAC,eAAe;YACnB,IAAI,CAAC,eAAe,CAAC,UAAU,CAAC,EAAE,IAAI,EAAE,SAAS,EAAE,CAAC,CAAC;IAC7D,CAAC;CACJ,CAAA;AAnCY,kBAAkB;IAD9B,sBAAU,EAAE;IASI,WAAA,kBAAM,CAAC,cAAc,CAAC,CAAA;yDAAe,qBAAY,oBAAZ,qBAAY;GARrD,kBAAkB,CAmC9B;AAnCY,gDAAkB","sourcesContent":["import * as ApplicationInsights from \"applicationinsights\";\nimport { inject, injectable } from \"inversify\";\nimport { ConfigValues } from \"../config/config\";\n\n/**\n * Handles sending telemetry data via AppInsights\n */\n@injectable()\nexport class AppInsightsService {\n\n    private telemetryClient: ApplicationInsights.TelemetryClient;\n\n    /**\n     * Creates a new instance of the App Insights client.\n     * @param instrumentationKey The key needed to register your app with App Insights\n     */\n    constructor(@inject(\"ConfigValues\") configValues: ConfigValues) {\n        if(configValues.insightsKey) {\n            // Setup Application insights with the automatic collection and dependency tracking enabled\n            ApplicationInsights.setup(configValues.insightsKey)\n                .setAutoDependencyCorrelation(true)\n                .setAutoCollectRequests(true)\n                .setAutoCollectPerformance(true)\n                .setAutoCollectExceptions(true)\n                .setAutoCollectDependencies(true)\n                .setAutoCollectConsole(true)\n                .setUseDiskRetryCaching(true)\n                .start();\n    \n            // Create the Application insights telemetry client to write custom events to\n            this.telemetryClient = ApplicationInsights.defaultClient;\n        }\n    }\n\n    /**\n     * Sends an event with the given name to App Insights\n     * Note: Currently unused, but will be used with Key Rotation\n     * @param eventName Name of event to track\n     */\n    public trackEvent(eventName: string) {\n        if(this.telemetryClient)\n            this.telemetryClient.trackEvent({ name: eventName });\n    }\n}\n"]},"_coverageSchema":"1a1c01bbd47fc00a2c39e90264f33305004495a9","hash":"3462bb6f1bf64f3c78deb288a449aaad2b51c08c"},"/mnt/c/code/retaildevcrews/helium-typescript/src/utilities/index.ts":{"path":"/mnt/c/code/retaildevcrews/helium-typescript/src/utilities/index.ts","statementMap":{"0":{"start":{"line":2,"column":0},"end":{"line":2,"column":62}},"1":{"start":{"line":3,"column":29},"end":{"line":3,"column":62}},"2":{"start":{"line":4,"column":0},"end":{"line":4,"column":75}},"3":{"start":{"line":5,"column":22},"end":{"line":5,"column":48}},"4":{"start":{"line":6,"column":0},"end":{"line":6,"column":54}},"5":{"start":{"line":7,"column":23},"end":{"line":7,"column":50}},"6":{"start":{"line":8,"column":0},"end":{"line":8,"column":57}},"7":{"start":{"line":9,"column":28},"end":{"line":9,"column":60}},"8":{"start":{"line":10,"column":0},"end":{"line":10,"column":72}},"9":{"start":{"line":11,"column":25},"end":{"line":11,"column":54}},"10":{"start":{"line":12,"column":0},"end":{"line":12,"column":63}}},"fnMap":{},"branchMap":{},"s":{"0":1,"1":1,"2":1,"3":1,"4":1,"5":1,"6":1,"7":1,"8":1,"9":1,"10":1},"f":{},"b":{},"inputSourceMap":{"version":3,"file":"/mnt/c/code/retaildevcrews/helium-typescript/src/utilities/index.ts","sources":["/mnt/c/code/retaildevcrews/helium-typescript/src/utilities/index.ts"],"names":[],"mappings":";;AAAA,+DAA8D;AAArD,sDAAA,oBAAoB,CAAA;AAC7B,iDAAgD;AAAvC,wCAAA,aAAa,CAAA;AACtB,mDAAkD;AAAzC,0CAAA,cAAc,CAAA;AACvB,6DAA4D;AAAnD,oDAAA,mBAAmB,CAAA;AAC5B,uDAAsD;AAA7C,8CAAA,gBAAgB,CAAA","sourcesContent":["export { CommandLineUtilities } from \"./commandLineUtilities\";\nexport { DateUtilities } from \"./dateUtilities\";\nexport { QueryUtilities } from \"./queryUtilities\";\nexport { ValidationUtilities } from \"./validationUtilities\";\nexport { VersionUtilities } from \"./versionUtilities\";\n"]},"_coverageSchema":"1a1c01bbd47fc00a2c39e90264f33305004495a9","hash":"b3ec32c31097112fb0be6d1d79ee3c8d092f2426"},"/mnt/c/code/retaildevcrews/helium-typescript/src/utilities/commandLineUtilities.ts":{"path":"/mnt/c/code/retaildevcrews/helium-typescript/src/utilities/commandLineUtilities.ts","statementMap":{"0":{"start":{"line":2,"column":0},"end":{"line":2,"column":62}},"1":{"start":{"line":3,"column":20},"end":{"line":3,"column":50}},"2":{"start":{"line":4,"column":24},"end":{"line":4,"column":52}},"3":{"start":{"line":10,"column":37},"end":{"line":13,"column":9}},"4":{"start":{"line":14,"column":32},"end":{"line":18,"column":9}},"5":{"start":{"line":20,"column":23},"end":{"line":20,"column":111}},"6":{"start":{"line":22,"column":8},"end":{"line":23,"column":61}},"7":{"start":{"line":23,"column":12},"end":{"line":23,"column":61}},"8":{"start":{"line":24,"column":8},"end":{"line":25,"column":36}},"9":{"start":{"line":25,"column":12},"end":{"line":25,"column":36}},"10":{"start":{"line":26,"column":8},"end":{"line":27,"column":59}},"11":{"start":{"line":27,"column":12},"end":{"line":27,"column":59}},"12":{"start":{"line":28,"column":8},"end":{"line":29,"column":83}},"13":{"start":{"line":29,"column":12},"end":{"line":29,"column":83}},"14":{"start":{"line":30,"column":8},"end":{"line":30,"column":22}},"15":{"start":{"line":35,"column":8},"end":{"line":37,"column":9}},"16":{"start":{"line":36,"column":12},"end":{"line":36,"column":33}},"17":{"start":{"line":38,"column":8},"end":{"line":38,"column":49}},"18":{"start":{"line":39,"column":8},"end":{"line":39,"column":33}},"19":{"start":{"line":40,"column":8},"end":{"line":40,"column":91}},"20":{"start":{"line":41,"column":8},"end":{"line":41,"column":93}},"21":{"start":{"line":42,"column":8},"end":{"line":42,"column":33}},"22":{"start":{"line":43,"column":8},"end":{"line":43,"column":68}},"23":{"start":{"line":44,"column":8},"end":{"line":44,"column":74}},"24":{"start":{"line":45,"column":8},"end":{"line":45,"column":61}},"25":{"start":{"line":46,"column":8},"end":{"line":46,"column":63}},"26":{"start":{"line":49,"column":0},"end":{"line":49,"column":52}}},"fnMap":{"0":{"name":"(anonymous_0)","decl":{"start":{"line":9,"column":4},"end":{"line":9,"column":5}},"loc":{"start":{"line":9,"column":28},"end":{"line":31,"column":5}},"line":9},"1":{"name":"(anonymous_1)","decl":{"start":{"line":34,"column":4},"end":{"line":34,"column":5}},"loc":{"start":{"line":34,"column":26},"end":{"line":47,"column":5}},"line":34}},"branchMap":{"0":{"loc":{"start":{"line":22,"column":8},"end":{"line":23,"column":61}},"type":"if","locations":[{"start":{"line":22,"column":8},"end":{"line":23,"column":61}},{"start":{"line":22,"column":8},"end":{"line":23,"column":61}}],"line":22},"1":{"loc":{"start":{"line":24,"column":8},"end":{"line":25,"column":36}},"type":"if","locations":[{"start":{"line":24,"column":8},"end":{"line":25,"column":36}},{"start":{"line":24,"column":8},"end":{"line":25,"column":36}}],"line":24},"2":{"loc":{"start":{"line":26,"column":8},"end":{"line":27,"column":59}},"type":"if","locations":[{"start":{"line":26,"column":8},"end":{"line":27,"column":59}},{"start":{"line":26,"column":8},"end":{"line":27,"column":59}}],"line":26},"3":{"loc":{"start":{"line":26,"column":12},"end":{"line":26,"column":92}},"type":"binary-expr","locations":[{"start":{"line":26,"column":12},"end":{"line":26,"column":50}},{"start":{"line":26,"column":54},"end":{"line":26,"column":92}}],"line":26},"4":{"loc":{"start":{"line":28,"column":8},"end":{"line":29,"column":83}},"type":"if","locations":[{"start":{"line":28,"column":8},"end":{"line":29,"column":83}},{"start":{"line":28,"column":8},"end":{"line":29,"column":83}}],"line":28},"5":{"loc":{"start":{"line":35,"column":8},"end":{"line":37,"column":9}},"type":"if","locations":[{"start":{"line":35,"column":8},"end":{"line":37,"column":9}},{"start":{"line":35,"column":8},"end":{"line":37,"column":9}}],"line":35}},"s":{"0":1,"1":1,"2":1,"3":1,"4":1,"5":1,"6":1,"7":0,"8":1,"9":0,"10":1,"11":0,"12":1,"13":1,"14":1,"15":0,"16":0,"17":0,"18":0,"19":0,"20":0,"21":0,"22":0,"23":0,"24":0,"25":0,"26":1},"f":{"0":1,"1":0},"b":{"0":[0,1],"1":[0,1],"2":[0,1],"3":[1,1],"4":[1,0],"5":[0,0]},"inputSourceMap":{"version":3,"file":"/mnt/c/code/retaildevcrews/helium-typescript/src/utilities/commandLineUtilities.ts","sources":["/mnt/c/code/retaildevcrews/helium-typescript/src/utilities/commandLineUtilities.ts"],"names":[],"mappings":";;AAAA,mDAAgE;AAChE,qDAAsD;AAEtD;;GAEG;AACH,MAAa,oBAAoB;IAEtB,MAAM,CAAC,cAAc;QACxB,MAAM,oBAAoB,GAAG;YACzB,YAAY,EAAE,OAAO,CAAC,GAAG,CAAC,wBAAY,CAAC;YACvC,QAAQ,EAAE,OAAO,CAAC,GAAG,CAAC,uBAAW,CAAC;SACrC,CAAA;QAED,MAAM,eAAe,GAAG;YACpB,EAAE,IAAI,EAAE,cAAc,EAAE,KAAK,EAAE,GAAG,EAAE;YACpC,EAAE,IAAI,EAAE,UAAU,EAAE,KAAK,EAAE,GAAG,EAAE;YAChC,EAAE,IAAI,EAAE,MAAM,EAAE,KAAK,EAAE,GAAG,EAAE;SAC/B,CAAC;QAEF,wCAAwC;QACxC,MAAM,MAAM,mCAAQ,oBAAoB,GAAK,eAAe,CAAC,eAAe,CAAC,CAAE,CAAC;QAEhF,qBAAqB;QACrB,IAAI,CAAC,MAAM,CAAC,YAAY;YACpB,MAAM,IAAI,KAAK,CAAC,+BAA+B,CAAC,CAAC;QACrD,IAAI,CAAC,MAAM,CAAC,QAAQ;YAChB,MAAM,CAAC,QAAQ,GAAG,KAAK,CAAC;QAC5B,IAAI,MAAM,CAAC,QAAQ,CAAC,WAAW,EAAE,IAAI,KAAK,IAAI,MAAM,CAAC,QAAQ,CAAC,WAAW,EAAE,IAAI,KAAK;YAChF,MAAM,IAAI,KAAK,CAAC,6BAA6B,CAAC,CAAC;QACnD,IAAI,CAAC,MAAM,CAAC,YAAY,CAAC,UAAU,CAAC,UAAU,CAAC;YAC3C,MAAM,CAAC,YAAY,GAAG,WAAW,MAAM,CAAC,YAAY,kBAAkB,CAAC;QAE3E,OAAO,MAAM,CAAC;IAClB,CAAC;IAED,oDAAoD;IACpD,sDAAsD;IAC/C,MAAM,CAAC,KAAK,CAAC,OAAgB;QAChC,IAAI,OAAO,EAAE;YACT,OAAO,CAAC,GAAG,CAAC,OAAO,CAAC,CAAC;SACxB;QAED,OAAO,CAAC,GAAG,CAAC,2BAA2B,CAAC,CAAC;QACzC,OAAO,CAAC,GAAG,CAAC,WAAW,CAAC,CAAC;QACzB,OAAO,CAAC,GAAG,CAAC,qEAAqE,CAAC,CAAC;QACnF,OAAO,CAAC,GAAG,CAAC,uEAAuE,CAAC,CAAC;QACrF,OAAO,CAAC,GAAG,CAAC,WAAW,CAAC,CAAC;QACzB,OAAO,CAAC,GAAG,CAAC,8CAA8C,CAAC,CAAC;QAC5D,OAAO,CAAC,GAAG,CAAC,oDAAoD,CAAC,CAAC;QAClE,OAAO,CAAC,GAAG,CAAC,uCAAuC,CAAC,CAAC;QACrD,OAAO,CAAC,GAAG,CAAC,yCAAyC,CAAC,CAAC;IAC3D,CAAC;CACJ;AA/CD,oDA+CC","sourcesContent":["import { keyVaultName, authTypeEnv } from \"../config/constants\";\nimport commandLineArgs = require(\"command-line-args\");\n\n/**\n * Utilities for handling command line arguments.\n */\nexport class CommandLineUtilities {\n\n    public static parseArguments(): { authType: string; keyVaultName: string } {\n        const environmentVariables = {\n            keyVaultName: process.env[keyVaultName],\n            authType: process.env[authTypeEnv]\n        }\n\n        const argumentOptions = [\n            { name: \"keyVaultName\", alias: \"k\" },\n            { name: \"authType\", alias: \"a\" },\n            { name: \"help\", alias: \"h\" }\n        ];\n\n        // compose the args and the environment \n        const values = { ...environmentVariables, ...commandLineArgs(argumentOptions) };\n\n        // validate arguments\n        if (!values.keyVaultName)\n            throw new Error(\"Missing keyVaultName argument\");\n        if (!values.authType)\n            values.authType = \"MSI\";\n        if (values.authType.toUpperCase() != \"MSI\" && values.authType.toUpperCase() != \"CLI\")\n            throw new Error(\"Invalid authentication type\");\n        if (!values.keyVaultName.startsWith(\"https://\"))\n            values.keyVaultName = `https://${values.keyVaultName}.vault.azure.net`;\n\n        return values;\n    }\n\n    // Output CLI argument usage instructions to console\n    // Optional parameter to display error/context message\n    public static usage(message?: string) {\n        if (message) {\n            console.log(message);\n        }\n\n        console.log(\"\\nUsage: npm start -- ...\");\n        console.log(\"Required:\");\n        console.log(\"\\t--kvname Key Vault Name - name or full URL of the Azure Key Vault\");\n        console.log(\"\\t\\t(can alternatively be set with environment variable KeyVaultName)\");\n        console.log(\"Optional:\");\n        console.log(\"\\t[-h] [--help] - display command line usage\");\n        console.log(\"\\t[--authtype authentication type] - Valid types: \");\n        console.log(\"\\t\\t MSI - managed identity (default)\");\n        console.log(\"\\t\\t CLI - Azure CLI cached credentials\");\n    }\n}\n"]},"_coverageSchema":"1a1c01bbd47fc00a2c39e90264f33305004495a9","hash":"b68900611773478d2b3a865132ad3c2bf326d517"}}